2023-08-28 20:39:19.865 [info] Extension host with pid 25186 started
2023-08-28 20:39:19.965 [info] ExtensionService#_doActivateExtension vscode.git-base, startup: true, activationEvent: '*', root cause: vscode.git
2023-08-28 20:39:19.984 [info] ExtensionService#_doActivateExtension vscode.git, startup: true, activationEvent: '*'
2023-08-28 20:39:19.984 [info] ExtensionService#_doActivateExtension vscode.github, startup: true, activationEvent: '*'
2023-08-28 20:39:20.064 [info] Eager extensions activated
2023-08-28 20:39:20.074 [info] ExtensionService#_doActivateExtension vscode.debug-auto-launch, startup: false, activationEvent: 'onStartupFinished'
2023-08-28 20:39:20.074 [info] ExtensionService#_doActivateExtension vscode.merge-conflict, startup: false, activationEvent: 'onStartupFinished'
2023-08-28 20:39:20.074 [info] ExtensionService#_doActivateExtension vadimcn.vscode-lldb, startup: false, activationEvent: 'onStartupFinished'
2023-08-28 20:39:20.074 [info] ExtensionService#_doActivateExtension yandeu.five-server, startup: false, activationEvent: 'onStartupFinished'
2023-08-28 20:39:33.681 [info] ExtensionService#_doActivateExtension franneck94.c-cpp-runner, startup: false, activationEvent: 'onLanguage:cpp'
2023-08-28 20:39:33.681 [info] ExtensionService#_doActivateExtension vscode.emmet, startup: false, activationEvent: 'onLanguage'
2023-08-28 22:06:53.481 [info] Extension host terminating: received terminate message from renderer
2023-08-28 22:06:53.488 [error] Canceled: Canceled
	at new l (/usr/lib/code/out/vs/workbench/api/node/extensionHostProcess.js:98:105190)
	at c.O (/usr/lib/code/out/vs/workbench/api/node/extensionHostProcess.js:108:11692)
	at G.<computed>.Q.charCodeAt.G.<computed> (/usr/lib/code/out/vs/workbench/api/node/extensionHostProcess.js:108:8967)
	at m.g (/usr/lib/code/out/vs/workbench/api/node/extensionHostProcess.js:98:125211)
	at m.executeCommand (/usr/lib/code/out/vs/workbench/api/node/extensionHostProcess.js:98:124587)
	at L.registerCommand.description (/usr/lib/code/out/vs/workbench/api/node/extensionHostProcess.js:98:123880)
	at m.h (/usr/lib/code/out/vs/workbench/api/node/extensionHostProcess.js:98:125797)
	at m.g (/usr/lib/code/out/vs/workbench/api/node/extensionHostProcess.js:98:124687)
	at m.executeCommand (/usr/lib/code/out/vs/workbench/api/node/extensionHostProcess.js:98:124587)
	at Object.executeCommand (/usr/lib/code/out/vs/workbench/api/node/extensionHostProcess.js:114:23801)
	at setContextValue (/home/pyturtle_/.vscode-oss/extensions/franneck94.c-cpp-runner-5.2.1-universal/dist/main.js:5343:28)
	at Object.deactivate (/home/pyturtle_/.vscode-oss/extensions/franneck94.c-cpp-runner-5.2.1-universal/dist/main.js:3482:39)
	at E.Y (/usr/lib/code/out/vs/workbench/api/node/extensionHostProcess.js:110:10948)
	at /usr/lib/code/out/vs/workbench/api/node/extensionHostProcess.js:110:9131
	at Array.map (<anonymous>)
	at E.R (/usr/lib/code/out/vs/workbench/api/node/extensionHostProcess.js:110:9118)
	at E.terminate (/usr/lib/code/out/vs/workbench/api/node/extensionHostProcess.js:110:9389)
	at d.terminate (/usr/lib/code/out/vs/workbench/api/node/extensionHostProcess.js:114:1544)
	at p (/usr/lib/code/out/vs/workbench/api/node/extensionHostProcess.js:124:18690)
	at /usr/lib/code/out/vs/workbench/api/node/extensionHostProcess.js:124:16600
	at E.invoke (/usr/lib/code/out/vs/workbench/api/node/extensionHostProcess.js:63:145)
	at h.deliver (/usr/lib/code/out/vs/workbench/api/node/extensionHostProcess.js:63:2121)
	at n.fire (/usr/lib/code/out/vs/workbench/api/node/extensionHostProcess.js:63:1729)
	at p.fire (/usr/lib/code/out/vs/workbench/api/node/extensionHostProcess.js:72:14916)
	at s.E (/usr/lib/code/out/vs/workbench/api/node/extensionHostProcess.js:72:18982)
	at /usr/lib/code/out/vs/workbench/api/node/extensionHostProcess.js:72:16970
	at E.invoke (/usr/lib/code/out/vs/workbench/api/node/extensionHostProcess.js:63:145)
	at h.deliver (/usr/lib/code/out/vs/workbench/api/node/extensionHostProcess.js:63:2121)
	at n.fire (/usr/lib/code/out/vs/workbench/api/node/extensionHostProcess.js:63:1729)
	at d.acceptChunk (/usr/lib/code/out/vs/workbench/api/node/extensionHostProcess.js:72:12647)
	at /usr/lib/code/out/vs/workbench/api/node/extensionHostProcess.js:72:11934
	at Socket.s (/usr/lib/code/out/vs/workbench/api/node/extensionHostProcess.js:72:22469)
	at Socket.emit (node:events:526:28)
	at addChunk (node:internal/streams/readable:315:12)
	at readableAddChunk (node:internal/streams/readable:289:9)
	at Readable.push (node:internal/streams/readable:228:10)
	at Pipe.onStreamRead (node:internal/stream_base_commons:190:23) setContext undefined
2023-08-28 22:06:53.488 [info] Extension host with pid 25186 exiting with code 0
