2023-07-29 19:05:52.390 [info] Reading sessions from keychain...
2023-07-29 19:05:52.391 [info] Getting sessions for all scopes...
2023-07-29 19:05:52.391 [info] Getting sessions for all scopes...
2023-07-29 19:05:52.391 [info] Got 0 sessions for ...
2023-07-29 19:05:52.391 [info] Got 0 sessions for ...
2023-07-29 19:05:52.391 [info] Getting sessions for read:user,repo,user:email,workflow...
2023-07-29 19:05:52.391 [info] Got 0 sessions for read:user,repo,user:email,workflow...
2023-07-29 19:05:54.403 [info] Logging in for the following scopes: read:user repo user:email workflow
2023-07-29 19:05:54.412 [info] Trying with local server... (read:user repo user:email workflow)
2023-07-29 19:05:55.370 [info] Exchanging code for token...
2023-07-29 19:05:55.960 [info] Token exchange success!
2023-07-29 19:05:55.963 [info] Getting user info...
2023-07-29 19:05:56.390 [info] Got account info!
2023-07-29 19:05:56.390 [info] Storing 1 sessions...
2023-07-29 19:05:56.401 [error] Setting token failed: Error: GDBus.Error:org.freedesktop.DBus.Error.ServiceUnknown: The name org.freedesktop.secrets was not provided by any .service files
2023-07-29 19:05:56.401 [info] Stored 1 sessions!
2023-07-29 19:05:56.402 [info] Login success!
2023-07-29 19:08:52.854 [info] Getting sessions for read:user,repo,user:email,workflow...
2023-07-29 19:08:52.854 [info] Got 1 sessions for read:user,repo,user:email,workflow...
2023-07-29 19:10:04.304 [info] Getting sessions for read:user,repo,user:email,workflow...
2023-07-29 19:10:04.304 [info] Got 1 sessions for read:user,repo,user:email,workflow...
2023-07-29 19:17:34.467 [info] Getting sessions for read:user,repo,user:email,workflow...
2023-07-29 19:17:34.467 [info] Got 1 sessions for read:user,repo,user:email,workflow...
2023-07-29 20:13:52.539 [info] Getting sessions for read:user,repo,user:email,workflow...
2023-07-29 20:13:52.539 [info] Got 1 sessions for read:user,repo,user:email,workflow...
2023-07-29 20:14:01.249 [info] Getting sessions for read:user,repo,user:email,workflow...
2023-07-29 20:14:01.249 [info] Got 1 sessions for read:user,repo,user:email,workflow...
