2023-06-24 18:02:43.206 [error] Extension 'ms-python.python CANNOT USE these API proposals 'contribEditorContentMenu, quickPickSortByLabel, envShellEvent, testObserver'. You MUST start in extension development mode or use the --enable-proposed-api command line flag
2023-06-24 18:02:43.206 [error] Extension 'ms-toolsai.jupyter' wants API proposal 'notebookControllerKind' but that proposal DOES NOT EXIST. Likely, the proposal has been finalized (check 'vscode.d.ts') or was abandoned.
2023-06-24 18:02:43.206 [error] Extension 'ms-toolsai.jupyter CANNOT USE these API proposals 'notebookDeprecated, notebookMessaging, notebookMime, notebookCellExecutionState, portsAttributes, quickPickSortByLabel, notebookKernelSource, interactiveWindow, notebookControllerAffinityHidden, quickPickItemTooltip'. You MUST start in extension development mode or use the --enable-proposed-api command line flag
2023-06-24 18:02:43.207 [error] Extension 'ms-toolsai.jupyter-renderers CANNOT USE these API proposals 'contribNotebookStaticPreloads'. You MUST start in extension development mode or use the --enable-proposed-api command line flag
2023-06-24 18:02:43.248 [error] [ms-python.python]: editor/content is a proposed menu identifier. It requires 'package.json#enabledApiProposals: ["contribEditorContentMenu"]' and is only available when running out of dev or with the following command line switch: --enable-proposed-api ms-python.python
2023-06-24 18:02:43.249 [error] [ms-toolsai.jupyter]: notebook/kernelSource is a proposed menu identifier. It requires 'package.json#enabledApiProposals: ["notebookKernelSource"]' and is only available when running out of dev or with the following command line switch: --enable-proposed-api ms-toolsai.jupyter
2023-06-24 18:02:46.126 [info] [perf] Render performance baseline is 27ms
2023-06-24 18:03:40.456 [error] Extension 'ms-python.python CANNOT USE these API proposals 'contribEditorContentMenu, quickPickSortByLabel, envShellEvent, testObserver'. You MUST start in extension development mode or use the --enable-proposed-api command line flag
2023-06-24 18:03:40.457 [error] Extension 'ms-toolsai.jupyter' wants API proposal 'notebookControllerKind' but that proposal DOES NOT EXIST. Likely, the proposal has been finalized (check 'vscode.d.ts') or was abandoned.
2023-06-24 18:03:40.457 [error] Extension 'ms-toolsai.jupyter CANNOT USE these API proposals 'notebookDeprecated, notebookMessaging, notebookMime, notebookCellExecutionState, portsAttributes, quickPickSortByLabel, notebookKernelSource, interactiveWindow, notebookControllerAffinityHidden, quickPickItemTooltip'. You MUST start in extension development mode or use the --enable-proposed-api command line flag
2023-06-24 18:03:40.457 [error] Extension 'ms-toolsai.jupyter-renderers CANNOT USE these API proposals 'contribNotebookStaticPreloads'. You MUST start in extension development mode or use the --enable-proposed-api command line flag
2023-06-24 18:03:40.492 [error] [ms-python.python]: editor/content is a proposed menu identifier. It requires 'package.json#enabledApiProposals: ["contribEditorContentMenu"]' and is only available when running out of dev or with the following command line switch: --enable-proposed-api ms-python.python
2023-06-24 18:03:40.493 [error] [ms-toolsai.jupyter]: notebook/kernelSource is a proposed menu identifier. It requires 'package.json#enabledApiProposals: ["notebookKernelSource"]' and is only available when running out of dev or with the following command line switch: --enable-proposed-api ms-toolsai.jupyter
2023-06-24 18:03:43.437 [info] [perf] Render performance baseline is 26ms
2023-06-24 18:08:41.148 [error] [Extension Host] extension activation failed Error: Extension 'ms-toolsai.jupyter' CANNOT use API proposal: notebookCellExecutionState.
Its package.json#enabledApiProposals-property declares:  but NOT notebookCellExecutionState.
 The missing proposal MUST be added and you must start in extension development mode or use the following command line switch: --enable-proposed-api ms-toolsai.jupyter
	at C (/usr/lib/code/out/vs/workbench/api/node/extensionHostProcess.js:94:44957)
	at Mc.onDidChangeNotebookCellExecutionState (/usr/lib/code/out/vs/workbench/api/node/extensionHostProcess.js:114:45108)
	at new PC (/home/pyturtle_/.vscode-oss/extensions/ms-toolsai.jupyter-2023.3.100-universal/out/extension.node.js:24:433687)
	at f (/home/pyturtle_/.vscode-oss/extensions/ms-toolsai.jupyter-2023.3.100-universal/out/extension.node.js:2:544291)
	at /home/pyturtle_/.vscode-oss/extensions/ms-toolsai.jupyter-2023.3.100-universal/out/extension.node.js:2:546181
	at t.resolveInstance (/home/pyturtle_/.vscode-oss/extensions/ms-toolsai.jupyter-2023.3.100-universal/out/extension.node.js:2:546208)
	at /home/pyturtle_/.vscode-oss/extensions/ms-toolsai.jupyter-2023.3.100-universal/out/extension.node.js:2:549240
	at /home/pyturtle_/.vscode-oss/extensions/ms-toolsai.jupyter-2023.3.100-universal/out/extension.node.js:2:549577
	at /home/pyturtle_/.vscode-oss/extensions/ms-toolsai.jupyter-2023.3.100-universal/out/extension.node.js:2:548900
	at y (/home/pyturtle_/.vscode-oss/extensions/ms-toolsai.jupyter-2023.3.100-universal/out/extension.node.js:2:548932)
	at /home/pyturtle_/.vscode-oss/extensions/ms-toolsai.jupyter-2023.3.100-universal/out/extension.node.js:2:548794
	at /home/pyturtle_/.vscode-oss/extensions/ms-toolsai.jupyter-2023.3.100-universal/out/extension.node.js:2:548728
	at Array.map (<anonymous>)
	at /home/pyturtle_/.vscode-oss/extensions/ms-toolsai.jupyter-2023.3.100-universal/out/extension.node.js:2:548700
	at /home/pyturtle_/.vscode-oss/extensions/ms-toolsai.jupyter-2023.3.100-universal/out/extension.node.js:2:545539
	at Array.reduce (<anonymous>)
	at /home/pyturtle_/.vscode-oss/extensions/ms-toolsai.jupyter-2023.3.100-universal/out/extension.node.js:2:545511
	at /home/pyturtle_/.vscode-oss/extensions/ms-toolsai.jupyter-2023.3.100-universal/out/extension.node.js:2:545838
	at t.resolveInstance (/home/pyturtle_/.vscode-oss/extensions/ms-toolsai.jupyter-2023.3.100-universal/out/extension.node.js:2:546208)
	at /home/pyturtle_/.vscode-oss/extensions/ms-toolsai.jupyter-2023.3.100-universal/out/extension.node.js:2:549240
	at /home/pyturtle_/.vscode-oss/extensions/ms-toolsai.jupyter-2023.3.100-universal/out/extension.node.js:2:549577
	at /home/pyturtle_/.vscode-oss/extensions/ms-toolsai.jupyter-2023.3.100-universal/out/extension.node.js:2:548900
	at y (/home/pyturtle_/.vscode-oss/extensions/ms-toolsai.jupyter-2023.3.100-universal/out/extension.node.js:2:548932)
	at /home/pyturtle_/.vscode-oss/extensions/ms-toolsai.jupyter-2023.3.100-universal/out/extension.node.js:2:548794
	at t.resolve (/home/pyturtle_/.vscode-oss/extensions/ms-toolsai.jupyter-2023.3.100-universal/out/extension.node.js:2:550764)
	at /home/pyturtle_/.vscode-oss/extensions/ms-toolsai.jupyter-2023.3.100-universal/out/extension.node.js:2:519737
	at e._get (/home/pyturtle_/.vscode-oss/extensions/ms-toolsai.jupyter-2023.3.100-universal/out/extension.node.js:2:519106)
	at e._getButThrowIfAsync (/home/pyturtle_/.vscode-oss/extensions/ms-toolsai.jupyter-2023.3.100-universal/out/extension.node.js:2:519166)
	at e.get (/home/pyturtle_/.vscode-oss/extensions/ms-toolsai.jupyter-2023.3.100-universal/out/extension.node.js:2:514861)
	at Ly.get (/home/pyturtle_/.vscode-oss/extensions/ms-toolsai.jupyter-2023.3.100-universal/out/extension.node.js:24:69994)
	at /home/pyturtle_/.vscode-oss/extensions/ms-toolsai.jupyter-2023.3.100-universal/out/extension.node.js:24:552800
	at process.processTicksAndRejections (node:internal/process/task_queues:96:5)
2023-06-24 19:23:00.899 [error] Error: The editor could not be opened because the file was not found.
    at f.bc (vscode-file://vscode-app/usr/lib/code/out/vs/workbench/workbench.desktop.main.js:2318:93056)
    at async f.setInput (vscode-file://vscode-app/usr/lib/code/out/vs/workbench/workbench.desktop.main.js:2318:92042)
    at async u.M (vscode-file://vscode-app/usr/lib/code/out/vs/workbench/workbench.desktop.main.js:2316:23211)
    at async u.D (vscode-file://vscode-app/usr/lib/code/out/vs/workbench/workbench.desktop.main.js:2316:21806)
    at async u.openEditor (vscode-file://vscode-app/usr/lib/code/out/vs/workbench/workbench.desktop.main.js:2316:20709)
    at async vscode-file://vscode-app/usr/lib/code/out/vs/workbench/workbench.desktop.main.js:2503:13497
    at async S.G (vscode-file://vscode-app/usr/lib/code/out/vs/workbench/workbench.desktop.main.js:1212:19655)
    at async S.openCodeEditor (vscode-file://vscode-app/usr/lib/code/out/vs/workbench/workbench.desktop.main.js:690:39524)
    at async g.open (vscode-file://vscode-app/usr/lib/code/out/vs/workbench/workbench.desktop.main.js:620:43208)
    at async l.open (vscode-file://vscode-app/usr/lib/code/out/vs/workbench/workbench.desktop.main.js:620:44433)
2023-06-24 19:23:30.568 [error] Unable to delete non-empty folder '/home/pyturtle_/Documents/ESHOPPING/ecommerce/store/templates/product'.: Error: Unable to delete non-empty folder '/home/pyturtle_/Documents/ESHOPPING/ecommerce/store/templates/product'.
    at r.Q (vscode-file://vscode-app/usr/lib/code/out/vs/workbench/workbench.desktop.main.js:620:23123)
    at async r.canDelete (vscode-file://vscode-app/usr/lib/code/out/vs/workbench/workbench.desktop.main.js:620:22689)
    at async i.delete (vscode-file://vscode-app/usr/lib/code/out/vs/workbench/workbench.desktop.main.js:2334:24591)
    at async r.perform (vscode-file://vscode-app/usr/lib/code/out/vs/workbench/workbench.desktop.main.js:2340:20897)
    at async u.a (vscode-file://vscode-app/usr/lib/code/out/vs/workbench/workbench.desktop.main.js:2340:21461)
    at async u.undo (vscode-file://vscode-app/usr/lib/code/out/vs/workbench/workbench.desktop.main.js:2340:21358)
2023-06-24 19:24:21.825 [error] Error: The editor could not be opened because the file was not found.
    at f.bc (vscode-file://vscode-app/usr/lib/code/out/vs/workbench/workbench.desktop.main.js:2318:93056)
    at async f.setInput (vscode-file://vscode-app/usr/lib/code/out/vs/workbench/workbench.desktop.main.js:2318:92042)
    at async u.M (vscode-file://vscode-app/usr/lib/code/out/vs/workbench/workbench.desktop.main.js:2316:23211)
    at async u.D (vscode-file://vscode-app/usr/lib/code/out/vs/workbench/workbench.desktop.main.js:2316:21806)
    at async u.openEditor (vscode-file://vscode-app/usr/lib/code/out/vs/workbench/workbench.desktop.main.js:2316:20709)
    at async vscode-file://vscode-app/usr/lib/code/out/vs/workbench/workbench.desktop.main.js:2503:13497
    at async S.G (vscode-file://vscode-app/usr/lib/code/out/vs/workbench/workbench.desktop.main.js:1212:19655)
    at async S.openCodeEditor (vscode-file://vscode-app/usr/lib/code/out/vs/workbench/workbench.desktop.main.js:690:39524)
    at async g.open (vscode-file://vscode-app/usr/lib/code/out/vs/workbench/workbench.desktop.main.js:620:43208)
    at async l.open (vscode-file://vscode-app/usr/lib/code/out/vs/workbench/workbench.desktop.main.js:620:44433)
2023-06-24 19:24:33.976 [error] Error: The editor could not be opened because the file was not found.
    at f.bc (vscode-file://vscode-app/usr/lib/code/out/vs/workbench/workbench.desktop.main.js:2318:93056)
    at async f.setInput (vscode-file://vscode-app/usr/lib/code/out/vs/workbench/workbench.desktop.main.js:2318:92042)
    at async u.M (vscode-file://vscode-app/usr/lib/code/out/vs/workbench/workbench.desktop.main.js:2316:23211)
    at async u.D (vscode-file://vscode-app/usr/lib/code/out/vs/workbench/workbench.desktop.main.js:2316:21806)
    at async u.openEditor (vscode-file://vscode-app/usr/lib/code/out/vs/workbench/workbench.desktop.main.js:2316:20709)
    at async vscode-file://vscode-app/usr/lib/code/out/vs/workbench/workbench.desktop.main.js:2503:13497
    at async S.G (vscode-file://vscode-app/usr/lib/code/out/vs/workbench/workbench.desktop.main.js:1212:19655)
    at async S.openCodeEditor (vscode-file://vscode-app/usr/lib/code/out/vs/workbench/workbench.desktop.main.js:690:39524)
    at async g.open (vscode-file://vscode-app/usr/lib/code/out/vs/workbench/workbench.desktop.main.js:620:43208)
    at async l.open (vscode-file://vscode-app/usr/lib/code/out/vs/workbench/workbench.desktop.main.js:620:44433)
