2023-06-24 18:02:43.043 [info] Added views:workbench.panel.markers.view in workbench.panel.markers
2023-06-24 18:02:43.043 [info] Added views:workbench.panel.output in workbench.panel.output
2023-06-24 18:02:43.043 [info] Added views:terminal in terminal
2023-06-24 18:02:43.043 [info] Added views:outline in workbench.view.explorer
2023-06-24 18:02:43.043 [info] Added views:workbench.scm in workbench.view.scm
2023-06-24 18:02:43.043 [info] Added views:workbench.view.search in workbench.view.search
2023-06-24 18:02:43.043 [info] Added views:timeline in workbench.view.explorer
2023-06-24 18:02:43.043 [info] Added views:workbench.explorer.fileView in workbench.view.explorer
2023-06-24 18:02:43.195 [info] Added views:workbench.debug.welcome in workbench.view.debug
2023-06-24 18:02:43.595 [info] Added views:workbench.panel.repl.view in workbench.panel.repl
2023-06-24 18:03:40.352 [info] Added views:workbench.panel.markers.view in workbench.panel.markers
2023-06-24 18:03:40.352 [info] Added views:workbench.panel.output in workbench.panel.output
2023-06-24 18:03:40.352 [info] Added views:terminal in terminal
2023-06-24 18:03:40.352 [info] Added views:outline in workbench.view.explorer
2023-06-24 18:03:40.352 [info] Added views:workbench.scm in workbench.view.scm
2023-06-24 18:03:40.352 [info] Added views:workbench.view.search in workbench.view.search
2023-06-24 18:03:40.352 [info] Added views:timeline in workbench.view.explorer
2023-06-24 18:03:40.352 [info] Added views:workbench.explorer.fileView in workbench.view.explorer
2023-06-24 18:03:40.552 [info] Added views:workbench.debug.welcome in workbench.view.debug
2023-06-24 18:03:40.852 [info] Added views:workbench.panel.repl.view in workbench.panel.repl
2023-06-24 18:03:41.365 [info] Added views:workbench.view.testing in workbench.view.extension.test
2023-06-24 20:05:38.438 [info] Added views:workbench.views.extensions.installed,workbench.views.extensions.popular,extensions.recommendedList in workbench.view.extensions
2023-06-24 20:05:38.445 [info] Removed views:workbench.views.extensions.popular from workbench.view.extensions
2023-06-24 20:05:42.037 [info] Removed views:extensions.recommendedList,workbench.views.extensions.installed from workbench.view.extensions
2023-06-24 20:05:42.048 [info] Added views:workbench.views.extensions.marketplace in workbench.view.extensions
