2023-08-19 14:44:10.297 [info] Log level: Info
2023-08-19 14:44:10.297 [info] Validating found git in: "git"
2023-08-19 14:44:10.297 [info] Using git "2.40.0" from "git"
2023-08-19 14:44:10.297 [info] > git rev-parse --show-toplevel [6ms]
2023-08-19 14:44:10.316 [info] > git rev-parse --git-dir --git-common-dir [19ms]
2023-08-19 14:44:10.322 [info] Open repository: /home/pyturtle_/Documents/ESHOPPING
2023-08-19 14:44:10.333 [info] > git config --get commit.template [4ms]
2023-08-19 14:44:10.333 [info] > git rev-parse --show-toplevel [7ms]
2023-08-19 14:44:10.344 [info] > git rev-parse --show-toplevel [7ms]
2023-08-19 14:44:10.351 [info] > git for-each-ref --format=%(refname)%00%(upstream:short)%00%(objectname)%00%(upstream:track)%00%(upstream:remotename)%00%(upstream:remoteref) refs/heads/main refs/remotes/main [10ms]
2023-08-19 14:44:10.356 [info] > git rev-parse --show-toplevel [7ms]
2023-08-19 14:44:10.360 [info] > git status -z -uall [5ms]
2023-08-19 14:44:10.368 [info] > git rev-parse --show-toplevel [9ms]
2023-08-19 14:44:10.373 [info] > git config --get commit.template [5ms]
2023-08-19 14:44:10.373 [info] > git rev-parse --show-toplevel [2ms]
2023-08-19 14:44:10.383 [info] > git for-each-ref --format=%(refname)%00%(upstream:short)%00%(objectname)%00%(upstream:track)%00%(upstream:remotename)%00%(upstream:remoteref) refs/heads/main refs/remotes/main [4ms]
2023-08-19 14:44:10.387 [info] > git rev-parse --show-toplevel [11ms]
2023-08-19 14:44:10.389 [info] > git status -z -uall [2ms]
2023-08-19 14:44:10.645 [info] > git show --textconv :ecommerce/store/apps.py [5ms]
2023-08-19 14:44:10.646 [info] > git ls-files --stage -- /home/pyturtle_/Documents/ESHOPPING/ecommerce/store/apps.py [1ms]
2023-08-19 14:44:10.651 [info] > git cat-file -s 71c7880e603bbf34f7273f874eeeeeb9fdca7da2 [1ms]
2023-08-19 14:44:10.856 [info] > git check-ignore -v -z --stdin [1ms]
2023-08-19 14:44:41.326 [info] > git check-ignore -v -z --stdin [1ms]
2023-08-19 14:44:45.824 [info] > git show --textconv :ecommerce/cart/tests.py [3ms]
2023-08-19 14:44:45.824 [info] > git ls-files --stage -- /home/pyturtle_/Documents/ESHOPPING/ecommerce/cart/tests.py [0ms]
2023-08-19 14:44:46.751 [info] > git show --textconv :ecommerce/cart/models.py [3ms]
2023-08-19 14:44:46.752 [info] > git ls-files --stage -- /home/pyturtle_/Documents/ESHOPPING/ecommerce/cart/models.py [1ms]
2023-08-19 14:44:47.500 [info] > git show --textconv :ecommerce/cart/admin.py [4ms]
2023-08-19 14:44:47.500 [info] > git ls-files --stage -- /home/pyturtle_/Documents/ESHOPPING/ecommerce/cart/admin.py [1ms]
2023-08-19 14:44:48.029 [info] > git show --textconv :ecommerce/cart/views.py [3ms]
2023-08-19 14:44:48.030 [info] > git ls-files --stage -- /home/pyturtle_/Documents/ESHOPPING/ecommerce/cart/views.py [0ms]
2023-08-19 14:44:48.842 [info] > git show --textconv :ecommerce/cart/admin.py [3ms]
2023-08-19 14:44:48.842 [info] > git ls-files --stage -- /home/pyturtle_/Documents/ESHOPPING/ecommerce/cart/admin.py [1ms]
2023-08-19 14:45:04.984 [info] > git show --textconv :ecommerce/__init__.py [4ms]
2023-08-19 14:45:04.985 [info] > git ls-files --stage -- /home/pyturtle_/Documents/ESHOPPING/ecommerce/__init__.py [2ms]
2023-08-19 14:45:04.988 [info] > git cat-file -s e69de29bb2d1d6434b8b29ae775ad8c2e48c5391 [0ms]
2023-08-19 14:45:07.920 [info] > git check-ignore -v -z --stdin [0ms]
2023-08-19 14:45:08.891 [info] > git show --textconv :ecommerce/ecommerce/settings.py [3ms]
2023-08-19 14:45:08.891 [info] > git ls-files --stage -- /home/pyturtle_/Documents/ESHOPPING/ecommerce/ecommerce/settings.py [0ms]
2023-08-19 14:45:08.894 [info] > git cat-file -s 838ac2ddb6458df03f7d860e6d4e917955438e3d [0ms]
2023-08-19 14:45:51.098 [info] > git check-ignore -v -z --stdin [1ms]
2023-08-19 14:45:51.693 [info] > git config --get commit.template [4ms]
2023-08-19 14:45:51.693 [info] > git for-each-ref --format=%(refname)%00%(upstream:short)%00%(objectname)%00%(upstream:track)%00%(upstream:remotename)%00%(upstream:remoteref) refs/heads/main refs/remotes/main [0ms]
2023-08-19 14:45:51.698 [info] > git status -z -uall [1ms]
2023-08-19 14:46:10.751 [info] > git show --textconv :ecommerce/cart/apps.py [4ms]
2023-08-19 14:46:10.752 [info] > git ls-files --stage -- /home/pyturtle_/Documents/ESHOPPING/ecommerce/cart/apps.py [2ms]
2023-08-19 14:46:12.603 [info] > git show --textconv :ecommerce/cart/__init__.py [4ms]
2023-08-19 14:46:12.604 [info] > git ls-files --stage -- /home/pyturtle_/Documents/ESHOPPING/ecommerce/cart/__init__.py [2ms]
2023-08-19 14:46:13.591 [info] > git show --textconv :ecommerce/cart/admin.py [3ms]
2023-08-19 14:46:13.592 [info] > git ls-files --stage -- /home/pyturtle_/Documents/ESHOPPING/ecommerce/cart/admin.py [0ms]
2023-08-19 14:46:14.013 [info] > git show --textconv :ecommerce/cart/apps.py [3ms]
2023-08-19 14:46:14.013 [info] > git ls-files --stage -- /home/pyturtle_/Documents/ESHOPPING/ecommerce/cart/apps.py [1ms]
2023-08-19 14:46:15.263 [info] > git show --textconv :ecommerce/cart/models.py [4ms]
2023-08-19 14:46:15.264 [info] > git ls-files --stage -- /home/pyturtle_/Documents/ESHOPPING/ecommerce/cart/models.py [2ms]
2023-08-19 14:46:16.510 [info] > git show --textconv :ecommerce/cart/views.py [3ms]
2023-08-19 14:46:16.510 [info] > git ls-files --stage -- /home/pyturtle_/Documents/ESHOPPING/ecommerce/cart/views.py [1ms]
2023-08-19 14:46:17.054 [info] > git show --textconv :ecommerce/cart/tests.py [2ms]
2023-08-19 14:46:17.055 [info] > git ls-files --stage -- /home/pyturtle_/Documents/ESHOPPING/ecommerce/cart/tests.py [1ms]
2023-08-19 14:46:18.670 [info] > git check-ignore -v -z --stdin [1ms]
2023-08-19 14:47:08.114 [info] > git show --textconv :ecommerce/cart/cart.py [4ms]
2023-08-19 14:47:08.115 [info] > git ls-files --stage -- /home/pyturtle_/Documents/ESHOPPING/ecommerce/cart/cart.py [1ms]
2023-08-19 14:47:08.402 [info] > git check-ignore -v -z --stdin [1ms]
2023-08-19 14:47:08.938 [info] > git config --get commit.template [3ms]
2023-08-19 14:47:08.939 [info] > git for-each-ref --format=%(refname)%00%(upstream:short)%00%(objectname)%00%(upstream:track)%00%(upstream:remotename)%00%(upstream:remoteref) refs/heads/main refs/remotes/main [1ms]
2023-08-19 14:47:08.944 [info] > git status -z -uall [2ms]
2023-08-19 14:52:51.993 [info] > git config --get commit.template [4ms]
2023-08-19 14:52:51.994 [info] > git for-each-ref --format=%(refname)%00%(upstream:short)%00%(objectname)%00%(upstream:track)%00%(upstream:remotename)%00%(upstream:remoteref) refs/heads/main refs/remotes/main [1ms]
2023-08-19 14:52:51.998 [info] > git status -z -uall [1ms]
2023-08-19 15:08:20.517 [info] > git config --get commit.template [4ms]
2023-08-19 15:08:20.518 [info] > git for-each-ref --format=%(refname)%00%(upstream:short)%00%(objectname)%00%(upstream:track)%00%(upstream:remotename)%00%(upstream:remoteref) refs/heads/main refs/remotes/main [1ms]
2023-08-19 15:08:20.523 [info] > git status -z -uall [2ms]
2023-08-19 18:32:25.965 [info] > git config --get commit.template [5ms]
2023-08-19 18:32:25.965 [info] > git for-each-ref --format=%(refname)%00%(upstream:short)%00%(objectname)%00%(upstream:track)%00%(upstream:remotename)%00%(upstream:remoteref) refs/heads/main refs/remotes/main [1ms]
2023-08-19 18:32:25.972 [info] > git status -z -uall [2ms]
2023-08-19 18:33:46.624 [info] > git config --get commit.template [5ms]
2023-08-19 18:33:46.624 [info] > git for-each-ref --format=%(refname)%00%(upstream:short)%00%(objectname)%00%(upstream:track)%00%(upstream:remotename)%00%(upstream:remoteref) refs/heads/main refs/remotes/main [1ms]
2023-08-19 18:33:46.630 [info] > git status -z -uall [2ms]
2023-08-19 18:34:26.102 [info] > git config --get commit.template [6ms]
2023-08-19 18:34:26.103 [info] > git for-each-ref --format=%(refname)%00%(upstream:short)%00%(objectname)%00%(upstream:track)%00%(upstream:remotename)%00%(upstream:remoteref) refs/heads/main refs/remotes/main [2ms]
2023-08-19 18:34:26.108 [info] > git status -z -uall [2ms]
2023-08-19 18:37:56.135 [info] > git show --textconv :ecommerce/cart/models.py [5ms]
2023-08-19 18:37:56.135 [info] > git ls-files --stage -- /home/pyturtle_/Documents/ESHOPPING/ecommerce/cart/models.py [1ms]
2023-08-19 18:39:08.932 [info] > git show --textconv :ecommerce/store/templates/product/detail.html [5ms]
2023-08-19 18:39:08.933 [info] > git ls-files --stage -- /home/pyturtle_/Documents/ESHOPPING/ecommerce/store/templates/product/detail.html [1ms]
2023-08-19 18:39:08.939 [info] > git cat-file -s 325501a76b6411e6932980c8b1d8b33319c4823a [1ms]
2023-08-19 18:42:17.369 [info] > git check-ignore -v -z --stdin [0ms]
2023-08-19 18:42:17.928 [info] > git config --get commit.template [6ms]
2023-08-19 18:42:17.929 [info] > git for-each-ref --format=%(refname)%00%(upstream:short)%00%(objectname)%00%(upstream:track)%00%(upstream:remotename)%00%(upstream:remoteref) refs/heads/main refs/remotes/main [2ms]
2023-08-19 18:42:17.935 [info] > git status -z -uall [2ms]
2023-08-19 18:42:28.935 [info] > git show --textconv :ecommerce/cart/templates/cart.html [3ms]
2023-08-19 18:42:28.936 [info] > git ls-files --stage -- /home/pyturtle_/Documents/ESHOPPING/ecommerce/cart/templates/cart.html [2ms]
2023-08-19 18:42:29.231 [info] > git check-ignore -v -z --stdin [1ms]
2023-08-19 18:42:29.775 [info] > git config --get commit.template [4ms]
2023-08-19 18:42:29.776 [info] > git for-each-ref --format=%(refname)%00%(upstream:short)%00%(objectname)%00%(upstream:track)%00%(upstream:remotename)%00%(upstream:remoteref) refs/heads/main refs/remotes/main [1ms]
2023-08-19 18:42:29.783 [info] > git status -z -uall [2ms]
2023-08-19 18:43:43.250 [info] > git show --textconv :ecommerce/cart/views.py [4ms]
2023-08-19 18:43:43.250 [info] > git ls-files --stage -- /home/pyturtle_/Documents/ESHOPPING/ecommerce/cart/views.py [1ms]
2023-08-19 18:46:21.585 [info] > git config --get commit.template [4ms]
2023-08-19 18:46:21.585 [info] > git for-each-ref --format=%(refname)%00%(upstream:short)%00%(objectname)%00%(upstream:track)%00%(upstream:remotename)%00%(upstream:remoteref) refs/heads/main refs/remotes/main [1ms]
2023-08-19 18:46:21.591 [info] > git status -z -uall [3ms]
2023-08-19 18:46:26.607 [info] > git config --get commit.template [5ms]
2023-08-19 18:46:26.608 [info] > git for-each-ref --format=%(refname)%00%(upstream:short)%00%(objectname)%00%(upstream:track)%00%(upstream:remotename)%00%(upstream:remoteref) refs/heads/main refs/remotes/main [0ms]
2023-08-19 18:46:26.614 [info] > git status -z -uall [2ms]
2023-08-19 18:48:12.530 [info] > git show --textconv :ecommerce/store/models.py [4ms]
2023-08-19 18:48:12.531 [info] > git ls-files --stage -- /home/pyturtle_/Documents/ESHOPPING/ecommerce/store/models.py [1ms]
2023-08-19 18:48:12.535 [info] > git cat-file -s e96cb9fada95051555e648110500d33184cfcba0 [0ms]
2023-08-19 18:48:21.818 [info] > git show --textconv :ecommerce/cart/tests.py [4ms]
2023-08-19 18:48:21.818 [info] > git ls-files --stage -- /home/pyturtle_/Documents/ESHOPPING/ecommerce/cart/tests.py [0ms]
2023-08-19 18:48:22.111 [info] > git show --textconv :ecommerce/cart/models.py [5ms]
2023-08-19 18:48:22.111 [info] > git ls-files --stage -- /home/pyturtle_/Documents/ESHOPPING/ecommerce/cart/models.py [0ms]
2023-08-19 18:49:40.836 [info] > git show --textconv :ecommerce/__init__.py [6ms]
2023-08-19 18:49:40.836 [info] > git ls-files --stage -- /home/pyturtle_/Documents/ESHOPPING/ecommerce/__init__.py [1ms]
2023-08-19 18:49:40.841 [info] > git cat-file -s e69de29bb2d1d6434b8b29ae775ad8c2e48c5391 [1ms]
2023-08-19 18:49:41.270 [info] > git show --textconv :ecommerce/store/views.py [5ms]
2023-08-19 18:49:41.271 [info] > git ls-files --stage -- /home/pyturtle_/Documents/ESHOPPING/ecommerce/store/views.py [1ms]
2023-08-19 18:49:41.276 [info] > git cat-file -s 368317fa0f11e8024af0b68f249e241d7d4ccacb [1ms]
2023-08-19 18:49:58.293 [info] > git check-ignore -v -z --stdin [1ms]
2023-08-19 18:51:08.856 [info] > git rev-parse --show-toplevel [2ms]
2023-08-19 18:51:08.856 [info] fatal: not a git repository (or any parent up to mount point /)
Stopping at filesystem boundary (GIT_DISCOVERY_ACROSS_FILESYSTEM not set).
2023-08-19 18:59:51.079 [info] > git show --textconv :ecommerce/store/templates/base.html [5ms]
2023-08-19 18:59:51.079 [info] > git ls-files --stage -- /home/pyturtle_/Documents/ESHOPPING/ecommerce/store/templates/base.html [1ms]
2023-08-19 18:59:51.085 [info] > git cat-file -s 895df1e12234751a86e6f56c20fa05d6e7270d08 [1ms]
2023-08-19 19:00:18.353 [info] > git show --textconv :ecommerce/ecommerce/urls.py [4ms]
2023-08-19 19:00:18.354 [info] > git ls-files --stage -- /home/pyturtle_/Documents/ESHOPPING/ecommerce/ecommerce/urls.py [0ms]
2023-08-19 19:00:18.358 [info] > git cat-file -s f2f8a4cf3c996cf536dee51cda0e838478e38f83 [2ms]
2023-08-19 19:00:33.086 [info] > git show --textconv :ecommerce/cart/urls.py [4ms]
2023-08-19 19:00:33.086 [info] > git ls-files --stage -- /home/pyturtle_/Documents/ESHOPPING/ecommerce/cart/urls.py [1ms]
2023-08-19 19:00:33.392 [info] > git check-ignore -v -z --stdin [1ms]
2023-08-19 19:00:33.922 [info] > git config --get commit.template [5ms]
2023-08-19 19:00:33.923 [info] > git for-each-ref --format=%(refname)%00%(upstream:short)%00%(objectname)%00%(upstream:track)%00%(upstream:remotename)%00%(upstream:remoteref) refs/heads/main refs/remotes/main [1ms]
2023-08-19 19:00:33.929 [info] > git status -z -uall [2ms]
2023-08-19 19:01:13.288 [info] > git show --textconv :ecommerce/store/urls.py [5ms]
2023-08-19 19:01:13.289 [info] > git ls-files --stage -- /home/pyturtle_/Documents/ESHOPPING/ecommerce/store/urls.py [1ms]
2023-08-19 19:01:13.292 [info] > git cat-file -s d5e27e3bf00b4847bd908a2ef085f3af3d488f56 [1ms]
2023-08-19 19:04:07.931 [info] > git config --get commit.template [6ms]
2023-08-19 19:04:07.932 [info] > git for-each-ref --format=%(refname)%00%(upstream:short)%00%(objectname)%00%(upstream:track)%00%(upstream:remotename)%00%(upstream:remoteref) refs/heads/main refs/remotes/main [2ms]
2023-08-19 19:04:07.941 [info] > git status -z -uall [2ms]
2023-08-19 19:04:19.127 [info] > git show --textconv :ecommerce/ecommerce/wsgi.py [5ms]
2023-08-19 19:04:19.127 [info] > git ls-files --stage -- /home/pyturtle_/Documents/ESHOPPING/ecommerce/ecommerce/wsgi.py [1ms]
2023-08-19 19:04:19.132 [info] > git cat-file -s b6896a25b1a73ac0007c55bbc9310e78542039bd [1ms]
2023-08-19 19:04:53.100 [info] > git config --get commit.template [4ms]
2023-08-19 19:04:53.100 [info] > git for-each-ref --format=%(refname)%00%(upstream:short)%00%(objectname)%00%(upstream:track)%00%(upstream:remotename)%00%(upstream:remoteref) refs/heads/main refs/remotes/main [1ms]
2023-08-19 19:04:53.109 [info] > git status -z -uall [2ms]
2023-08-19 19:04:54.486 [info] > git show --textconv :ecommerce/cart/tests.py [5ms]
2023-08-19 19:04:54.487 [info] > git ls-files --stage -- /home/pyturtle_/Documents/ESHOPPING/ecommerce/cart/tests.py [1ms]
2023-08-19 19:04:58.899 [info] > git show --textconv :ecommerce/store/templates/product_list.html [3ms]
2023-08-19 19:04:58.900 [info] > git ls-files --stage -- /home/pyturtle_/Documents/ESHOPPING/ecommerce/store/templates/product_list.html [1ms]
2023-08-19 19:04:58.905 [info] > git cat-file -s fbbe482e336278ab626a07748098b0d94bedaa58 [1ms]
2023-08-19 19:05:22.108 [info] > git show --textconv :ecommerce/store/templates/product/list.html [5ms]
2023-08-19 19:05:22.109 [info] > git ls-files --stage -- /home/pyturtle_/Documents/ESHOPPING/ecommerce/store/templates/product/list.html [1ms]
2023-08-19 19:05:22.114 [info] > git cat-file -s 7c550783982e7c47302314db76695816a40677e3 [1ms]
2023-08-19 19:06:47.054 [info] > git config --get commit.template [6ms]
2023-08-19 19:06:47.055 [info] > git for-each-ref --format=%(refname)%00%(upstream:short)%00%(objectname)%00%(upstream:track)%00%(upstream:remotename)%00%(upstream:remoteref) refs/heads/main refs/remotes/main [2ms]
2023-08-19 19:06:47.063 [info] > git status -z -uall [2ms]
2023-08-19 19:06:52.080 [info] > git config --get commit.template [7ms]
2023-08-19 19:06:52.080 [info] > git for-each-ref --format=%(refname)%00%(upstream:short)%00%(objectname)%00%(upstream:track)%00%(upstream:remotename)%00%(upstream:remoteref) refs/heads/main refs/remotes/main [1ms]
2023-08-19 19:06:52.087 [info] > git status -z -uall [3ms]
2023-08-19 19:07:44.446 [info] > git config --get commit.template [4ms]
2023-08-19 19:07:44.447 [info] > git for-each-ref --format=%(refname)%00%(upstream:short)%00%(objectname)%00%(upstream:track)%00%(upstream:remotename)%00%(upstream:remoteref) refs/heads/main refs/remotes/main [1ms]
2023-08-19 19:07:44.453 [info] > git status -z -uall [2ms]
2023-08-19 19:08:15.291 [info] > git show --textconv :ecommerce/urls.py [6ms]
2023-08-19 19:08:15.291 [info] > git ls-files --stage -- /home/pyturtle_/Documents/ESHOPPING/ecommerce/urls.py [1ms]
2023-08-19 19:08:15.296 [info] > git cat-file -s 23426f1b464dc9498b5069170a8a83bc314e64dc [0ms]
2023-08-19 19:08:20.250 [info] > git show --textconv :ecommerce/store/tests.py [6ms]
2023-08-19 19:08:20.250 [info] > git ls-files --stage -- /home/pyturtle_/Documents/ESHOPPING/ecommerce/store/tests.py [0ms]
2023-08-19 19:08:20.257 [info] > git cat-file -s 7ce503c2dd97ba78597f6ff6e4393132753573f6 [1ms]
2023-08-19 19:09:15.350 [info] > git config --get commit.template [6ms]
2023-08-19 19:09:15.351 [info] > git for-each-ref --format=%(refname)%00%(upstream:short)%00%(objectname)%00%(upstream:track)%00%(upstream:remotename)%00%(upstream:remoteref) refs/heads/main refs/remotes/main [1ms]
2023-08-19 19:09:15.359 [info] > git status -z -uall [2ms]
2023-08-19 19:09:34.520 [info] > git show --textconv :ecommerce/urls.py [4ms]
2023-08-19 19:09:34.520 [info] > git ls-files --stage -- /home/pyturtle_/Documents/ESHOPPING/ecommerce/urls.py [0ms]
2023-08-19 19:09:34.528 [info] > git cat-file -s 23426f1b464dc9498b5069170a8a83bc314e64dc [2ms]
2023-08-19 19:09:47.403 [info] > git config --get commit.template [3ms]
2023-08-19 19:09:47.404 [info] > git for-each-ref --format=%(refname)%00%(upstream:short)%00%(objectname)%00%(upstream:track)%00%(upstream:remotename)%00%(upstream:remoteref) refs/heads/main refs/remotes/main [1ms]
2023-08-19 19:09:47.410 [info] > git status -z -uall [2ms]
2023-08-19 19:10:02.133 [info] > git config --get commit.template [5ms]
2023-08-19 19:10:02.134 [info] > git for-each-ref --format=%(refname)%00%(upstream:short)%00%(objectname)%00%(upstream:track)%00%(upstream:remotename)%00%(upstream:remoteref) refs/heads/main refs/remotes/main [0ms]
2023-08-19 19:10:02.141 [info] > git status -z -uall [2ms]
2023-08-19 19:10:19.973 [info] > git config --get commit.template [5ms]
2023-08-19 19:10:19.973 [info] > git for-each-ref --format=%(refname)%00%(upstream:short)%00%(objectname)%00%(upstream:track)%00%(upstream:remotename)%00%(upstream:remoteref) refs/heads/main refs/remotes/main [1ms]
2023-08-19 19:10:19.979 [info] > git status -z -uall [3ms]
2023-08-19 19:10:39.625 [info] > git config --get commit.template [6ms]
2023-08-19 19:10:39.625 [info] > git for-each-ref --format=%(refname)%00%(upstream:short)%00%(objectname)%00%(upstream:track)%00%(upstream:remotename)%00%(upstream:remoteref) refs/heads/main refs/remotes/main [1ms]
2023-08-19 19:10:39.632 [info] > git status -z -uall [2ms]
2023-08-19 19:10:44.644 [info] > git config --get commit.template [4ms]
2023-08-19 19:10:44.644 [info] > git for-each-ref --format=%(refname)%00%(upstream:short)%00%(objectname)%00%(upstream:track)%00%(upstream:remotename)%00%(upstream:remoteref) refs/heads/main refs/remotes/main [1ms]
2023-08-19 19:10:44.650 [info] > git status -z -uall [2ms]
2023-08-19 19:12:04.832 [info] > git config --get commit.template [5ms]
2023-08-19 19:12:04.832 [info] > git for-each-ref --format=%(refname)%00%(upstream:short)%00%(objectname)%00%(upstream:track)%00%(upstream:remotename)%00%(upstream:remoteref) refs/heads/main refs/remotes/main [1ms]
2023-08-19 19:12:04.840 [info] > git status -z -uall [2ms]
2023-08-19 19:12:09.852 [info] > git config --get commit.template [3ms]
2023-08-19 19:12:09.852 [info] > git for-each-ref --format=%(refname)%00%(upstream:short)%00%(objectname)%00%(upstream:track)%00%(upstream:remotename)%00%(upstream:remoteref) refs/heads/main refs/remotes/main [1ms]
2023-08-19 19:12:09.857 [info] > git status -z -uall [2ms]
2023-08-19 19:12:23.447 [info] > git check-ignore -v -z --stdin [1ms]
2023-08-19 19:12:23.959 [info] > git config --get commit.template [6ms]
2023-08-19 19:12:23.959 [info] > git for-each-ref --format=%(refname)%00%(upstream:short)%00%(objectname)%00%(upstream:track)%00%(upstream:remotename)%00%(upstream:remoteref) refs/heads/main refs/remotes/main [1ms]
2023-08-19 19:12:23.966 [info] > git status -z -uall [3ms]
2023-08-19 19:12:47.774 [info] > git config --get commit.template [5ms]
2023-08-19 19:12:47.775 [info] > git for-each-ref --format=%(refname)%00%(upstream:short)%00%(objectname)%00%(upstream:track)%00%(upstream:remotename)%00%(upstream:remoteref) refs/heads/main refs/remotes/main [1ms]
2023-08-19 19:12:47.783 [info] > git status -z -uall [3ms]
2023-08-19 19:12:52.795 [info] > git config --get commit.template [4ms]
2023-08-19 19:12:52.795 [info] > git for-each-ref --format=%(refname)%00%(upstream:short)%00%(objectname)%00%(upstream:track)%00%(upstream:remotename)%00%(upstream:remoteref) refs/heads/main refs/remotes/main [1ms]
2023-08-19 19:12:52.801 [info] > git status -z -uall [2ms]
2023-08-19 19:12:57.819 [info] > git config --get commit.template [5ms]
2023-08-19 19:12:57.819 [info] > git for-each-ref --format=%(refname)%00%(upstream:short)%00%(objectname)%00%(upstream:track)%00%(upstream:remotename)%00%(upstream:remoteref) refs/heads/main refs/remotes/main [1ms]
2023-08-19 19:12:57.825 [info] > git status -z -uall [1ms]
2023-08-19 19:13:29.221 [info] > git config --get commit.template [1ms]
2023-08-19 19:13:29.226 [info] > git for-each-ref --format=%(refname)%00%(upstream:short)%00%(objectname)%00%(upstream:track)%00%(upstream:remotename)%00%(upstream:remoteref) refs/heads/main refs/remotes/main [1ms]
2023-08-19 19:13:29.233 [info] > git status -z -uall [2ms]
2023-08-19 19:13:45.096 [info] > git show --textconv :ecommerce/cart/__init__.py [4ms]
2023-08-19 19:13:45.096 [info] > git ls-files --stage -- /home/pyturtle_/Documents/ESHOPPING/ecommerce/cart/__init__.py [0ms]
2023-08-19 19:13:46.510 [info] > git show --textconv :ecommerce/cart/templates/details.html [5ms]
2023-08-19 19:13:46.510 [info] > git ls-files --stage -- /home/pyturtle_/Documents/ESHOPPING/ecommerce/cart/templates/details.html [1ms]
2023-08-19 19:14:05.520 [info] > git config --get commit.template [8ms]
2023-08-19 19:14:05.520 [info] > git for-each-ref --format=%(refname)%00%(upstream:short)%00%(objectname)%00%(upstream:track)%00%(upstream:remotename)%00%(upstream:remoteref) refs/heads/main refs/remotes/main [1ms]
2023-08-19 19:14:05.528 [info] > git status -z -uall [3ms]
2023-08-19 19:15:03.586 [info] > git check-ignore -v -z --stdin [2ms]
2023-08-19 19:15:27.454 [info] > git config --get commit.template [5ms]
2023-08-19 19:15:27.454 [info] > git for-each-ref --format=%(refname)%00%(upstream:short)%00%(objectname)%00%(upstream:track)%00%(upstream:remotename)%00%(upstream:remoteref) refs/heads/main refs/remotes/main [1ms]
2023-08-19 19:15:27.460 [info] > git status -z -uall [2ms]
2023-08-19 19:15:36.354 [info] > git config --get commit.template [4ms]
2023-08-19 19:15:36.354 [info] > git for-each-ref --format=%(refname)%00%(upstream:short)%00%(objectname)%00%(upstream:track)%00%(upstream:remotename)%00%(upstream:remoteref) refs/heads/main refs/remotes/main [1ms]
2023-08-19 19:15:36.360 [info] > git status -z -uall [2ms]
2023-08-19 19:19:42.976 [info] > git config --get commit.template [7ms]
2023-08-19 19:19:42.977 [info] > git for-each-ref --format=%(refname)%00%(upstream:short)%00%(objectname)%00%(upstream:track)%00%(upstream:remotename)%00%(upstream:remoteref) refs/heads/main refs/remotes/main [1ms]
2023-08-19 19:19:42.983 [info] > git status -z -uall [2ms]
2023-08-19 19:20:00.169 [info] > git config --get commit.template [4ms]
2023-08-19 19:20:00.170 [info] > git for-each-ref --format=%(refname)%00%(upstream:short)%00%(objectname)%00%(upstream:track)%00%(upstream:remotename)%00%(upstream:remoteref) refs/heads/main refs/remotes/main [1ms]
2023-08-19 19:20:00.176 [info] > git status -z -uall [2ms]
2023-08-19 19:20:05.193 [info] > git config --get commit.template [5ms]
2023-08-19 19:20:05.194 [info] > git for-each-ref --format=%(refname)%00%(upstream:short)%00%(objectname)%00%(upstream:track)%00%(upstream:remotename)%00%(upstream:remoteref) refs/heads/main refs/remotes/main [0ms]
2023-08-19 19:20:05.200 [info] > git status -z -uall [2ms]
2023-08-19 19:20:14.516 [info] > git config --get commit.template [4ms]
2023-08-19 19:20:14.517 [info] > git for-each-ref --format=%(refname)%00%(upstream:short)%00%(objectname)%00%(upstream:track)%00%(upstream:remotename)%00%(upstream:remoteref) refs/heads/main refs/remotes/main [1ms]
2023-08-19 19:20:14.525 [info] > git status -z -uall [3ms]
2023-08-19 19:20:19.540 [info] > git config --get commit.template [6ms]
2023-08-19 19:20:19.540 [info] > git for-each-ref --format=%(refname)%00%(upstream:short)%00%(objectname)%00%(upstream:track)%00%(upstream:remotename)%00%(upstream:remoteref) refs/heads/main refs/remotes/main [1ms]
2023-08-19 19:20:19.548 [info] > git status -z -uall [3ms]
2023-08-19 19:30:52.314 [info] > git config --get commit.template [6ms]
2023-08-19 19:30:52.314 [info] > git for-each-ref --format=%(refname)%00%(upstream:short)%00%(objectname)%00%(upstream:track)%00%(upstream:remotename)%00%(upstream:remoteref) refs/heads/main refs/remotes/main [1ms]
2023-08-19 19:30:52.322 [info] > git status -z -uall [2ms]
2023-08-19 19:30:57.334 [info] > git config --get commit.template [4ms]
2023-08-19 19:30:57.334 [info] > git for-each-ref --format=%(refname)%00%(upstream:short)%00%(objectname)%00%(upstream:track)%00%(upstream:remotename)%00%(upstream:remoteref) refs/heads/main refs/remotes/main [0ms]
2023-08-19 19:30:57.340 [info] > git status -z -uall [2ms]
2023-08-19 19:31:25.860 [info] > git config --get commit.template [6ms]
2023-08-19 19:31:25.861 [info] > git for-each-ref --format=%(refname)%00%(upstream:short)%00%(objectname)%00%(upstream:track)%00%(upstream:remotename)%00%(upstream:remoteref) refs/heads/main refs/remotes/main [0ms]
2023-08-19 19:31:25.869 [info] > git status -z -uall [2ms]
2023-08-19 19:31:30.887 [info] > git config --get commit.template [5ms]
2023-08-19 19:31:30.887 [info] > git for-each-ref --format=%(refname)%00%(upstream:short)%00%(objectname)%00%(upstream:track)%00%(upstream:remotename)%00%(upstream:remoteref) refs/heads/main refs/remotes/main [1ms]
2023-08-19 19:31:30.893 [info] > git status -z -uall [2ms]
2023-08-19 19:32:40.076 [info] > git show --textconv :ecommerce/cart/__init__.py [3ms]
2023-08-19 19:32:40.077 [info] > git ls-files --stage -- /home/pyturtle_/Documents/ESHOPPING/ecommerce/cart/__init__.py [1ms]
2023-08-19 19:33:01.653 [info] > git check-ignore -v -z --stdin [1ms]
2023-08-19 19:33:05.501 [info] > git show --textconv :ecommerce/cart/forms.py [4ms]
2023-08-19 19:33:05.502 [info] > git ls-files --stage -- /home/pyturtle_/Documents/ESHOPPING/ecommerce/cart/forms.py [1ms]
2023-08-19 19:33:05.798 [info] > git check-ignore -v -z --stdin [1ms]
2023-08-19 19:33:06.363 [info] > git config --get commit.template [6ms]
2023-08-19 19:33:06.364 [info] > git for-each-ref --format=%(refname)%00%(upstream:short)%00%(objectname)%00%(upstream:track)%00%(upstream:remotename)%00%(upstream:remoteref) refs/heads/main refs/remotes/main [1ms]
2023-08-19 19:33:06.373 [info] > git status -z -uall [2ms]
2023-08-19 19:35:51.352 [info] > git config --get commit.template [7ms]
2023-08-19 19:35:51.353 [info] > git for-each-ref --format=%(refname)%00%(upstream:short)%00%(objectname)%00%(upstream:track)%00%(upstream:remotename)%00%(upstream:remoteref) refs/heads/main refs/remotes/main [1ms]
2023-08-19 19:35:51.360 [info] > git status -z -uall [3ms]
2023-08-19 19:35:56.379 [info] > git config --get commit.template [6ms]
2023-08-19 19:35:56.379 [info] > git for-each-ref --format=%(refname)%00%(upstream:short)%00%(objectname)%00%(upstream:track)%00%(upstream:remotename)%00%(upstream:remoteref) refs/heads/main refs/remotes/main [1ms]
2023-08-19 19:35:56.385 [info] > git status -z -uall [2ms]
2023-08-19 19:40:39.914 [info] > git config --get commit.template [5ms]
2023-08-19 19:40:39.914 [info] > git for-each-ref --format=%(refname)%00%(upstream:short)%00%(objectname)%00%(upstream:track)%00%(upstream:remotename)%00%(upstream:remoteref) refs/heads/main refs/remotes/main [1ms]
2023-08-19 19:40:39.920 [info] > git status -z -uall [2ms]
2023-08-19 19:42:33.200 [info] > git config --get commit.template [6ms]
2023-08-19 19:42:33.200 [info] > git for-each-ref --format=%(refname)%00%(upstream:short)%00%(objectname)%00%(upstream:track)%00%(upstream:remotename)%00%(upstream:remoteref) refs/heads/main refs/remotes/main [1ms]
2023-08-19 19:42:33.208 [info] > git status -z -uall [2ms]
2023-08-19 19:44:36.204 [info] > git show --textconv :ecommerce/urls.py [5ms]
2023-08-19 19:44:36.205 [info] > git ls-files --stage -- /home/pyturtle_/Documents/ESHOPPING/ecommerce/urls.py [1ms]
2023-08-19 19:44:36.209 [info] > git cat-file -s 23426f1b464dc9498b5069170a8a83bc314e64dc [1ms]
2023-08-19 19:44:40.175 [info] > git show --textconv :ecommerce/cart/tests.py [4ms]
2023-08-19 19:44:40.176 [info] > git ls-files --stage -- /home/pyturtle_/Documents/ESHOPPING/ecommerce/cart/tests.py [1ms]
2023-08-19 19:47:26.531 [info] > git config --get commit.template [4ms]
2023-08-19 19:47:26.531 [info] > git for-each-ref --format=%(refname)%00%(upstream:short)%00%(objectname)%00%(upstream:track)%00%(upstream:remotename)%00%(upstream:remoteref) refs/heads/main refs/remotes/main [1ms]
2023-08-19 19:47:26.536 [info] > git status -z -uall [2ms]
2023-08-19 19:47:37.772 [info] > git show --textconv :ecommerce/store/templates/registration/password_reset_complete.html [4ms]
2023-08-19 19:47:37.772 [info] > git ls-files --stage -- /home/pyturtle_/Documents/ESHOPPING/ecommerce/store/templates/registration/password_reset_complete.html [1ms]
2023-08-19 19:47:37.777 [info] > git cat-file -s cb52d536f7e160b6ad891b78fbe7dfcef1e59041 [1ms]
2023-08-19 19:49:39.919 [info] > git config --get commit.template [7ms]
2023-08-19 19:49:39.919 [info] > git for-each-ref --format=%(refname)%00%(upstream:short)%00%(objectname)%00%(upstream:track)%00%(upstream:remotename)%00%(upstream:remoteref) refs/heads/main refs/remotes/main [1ms]
2023-08-19 19:49:39.925 [info] > git status -z -uall [2ms]
2023-08-19 19:52:33.744 [info] > git config --get commit.template [6ms]
2023-08-19 19:52:33.745 [info] > git for-each-ref --format=%(refname)%00%(upstream:short)%00%(objectname)%00%(upstream:track)%00%(upstream:remotename)%00%(upstream:remoteref) refs/heads/main refs/remotes/main [2ms]
2023-08-19 19:52:33.750 [info] > git status -z -uall [2ms]
2023-08-19 19:52:41.623 [info] > git config --get commit.template [2ms]
2023-08-19 19:52:41.635 [info] > git for-each-ref --format=%(refname)%00%(upstream:short)%00%(objectname)%00%(upstream:track)%00%(upstream:remotename)%00%(upstream:remoteref) refs/heads/main refs/remotes/main [2ms]
2023-08-19 19:52:41.647 [info] > git status -z -uall [2ms]
2023-08-19 19:52:46.830 [info] > git config --get commit.template [5ms]
2023-08-19 19:52:46.830 [info] > git for-each-ref --format=%(refname)%00%(upstream:short)%00%(objectname)%00%(upstream:track)%00%(upstream:remotename)%00%(upstream:remoteref) refs/heads/main refs/remotes/main [1ms]
2023-08-19 19:52:46.838 [info] > git status -z -uall [2ms]
2023-08-19 19:54:54.856 [info] > git config --get commit.template [5ms]
2023-08-19 19:54:54.856 [info] > git for-each-ref --format=%(refname)%00%(upstream:short)%00%(objectname)%00%(upstream:track)%00%(upstream:remotename)%00%(upstream:remoteref) refs/heads/main refs/remotes/main [1ms]
2023-08-19 19:54:54.864 [info] > git status -z -uall [2ms]
2023-08-19 19:54:59.882 [info] > git config --get commit.template [7ms]
2023-08-19 19:54:59.882 [info] > git for-each-ref --format=%(refname)%00%(upstream:short)%00%(objectname)%00%(upstream:track)%00%(upstream:remotename)%00%(upstream:remoteref) refs/heads/main refs/remotes/main [1ms]
2023-08-19 19:54:59.889 [info] > git status -z -uall [2ms]
2023-08-19 19:55:11.019 [info] > git config --get commit.template [6ms]
2023-08-19 19:55:11.020 [info] > git for-each-ref --format=%(refname)%00%(upstream:short)%00%(objectname)%00%(upstream:track)%00%(upstream:remotename)%00%(upstream:remoteref) refs/heads/main refs/remotes/main [2ms]
2023-08-19 19:55:11.026 [info] > git status -z -uall [2ms]
2023-08-19 19:55:42.929 [info] > git config --get commit.template [6ms]
2023-08-19 19:55:42.929 [info] > git for-each-ref --format=%(refname)%00%(upstream:short)%00%(objectname)%00%(upstream:track)%00%(upstream:remotename)%00%(upstream:remoteref) refs/heads/main refs/remotes/main [1ms]
2023-08-19 19:55:42.936 [info] > git status -z -uall [2ms]
2023-08-19 19:56:34.763 [info] > git config --get commit.template [5ms]
2023-08-19 19:56:34.764 [info] > git for-each-ref --format=%(refname)%00%(upstream:short)%00%(objectname)%00%(upstream:track)%00%(upstream:remotename)%00%(upstream:remoteref) refs/heads/main refs/remotes/main [1ms]
2023-08-19 19:56:34.770 [info] > git status -z -uall [2ms]
2023-08-19 19:56:42.163 [info] > git config --get commit.template [4ms]
2023-08-19 19:56:42.163 [info] > git for-each-ref --format=%(refname)%00%(upstream:short)%00%(objectname)%00%(upstream:track)%00%(upstream:remotename)%00%(upstream:remoteref) refs/heads/main refs/remotes/main [1ms]
2023-08-19 19:56:42.169 [info] > git status -z -uall [2ms]
2023-08-19 19:56:47.186 [info] > git config --get commit.template [4ms]
2023-08-19 19:56:47.187 [info] > git for-each-ref --format=%(refname)%00%(upstream:short)%00%(objectname)%00%(upstream:track)%00%(upstream:remotename)%00%(upstream:remoteref) refs/heads/main refs/remotes/main [1ms]
2023-08-19 19:56:47.195 [info] > git status -z -uall [2ms]
2023-08-19 20:00:00.199 [info] > git config --get commit.template [5ms]
2023-08-19 20:00:00.199 [info] > git for-each-ref --format=%(refname)%00%(upstream:short)%00%(objectname)%00%(upstream:track)%00%(upstream:remotename)%00%(upstream:remoteref) refs/heads/main refs/remotes/main [1ms]
2023-08-19 20:00:00.205 [info] > git status -z -uall [3ms]
2023-08-19 20:02:14.963 [info] > git config --get commit.template [4ms]
2023-08-19 20:02:14.964 [info] > git for-each-ref --format=%(refname)%00%(upstream:short)%00%(objectname)%00%(upstream:track)%00%(upstream:remotename)%00%(upstream:remoteref) refs/heads/main refs/remotes/main [1ms]
2023-08-19 20:02:14.971 [info] > git status -z -uall [2ms]
2023-08-19 20:21:40.243 [info] > git show --textconv :ecommerce/store/templates/styles.css [6ms]
2023-08-19 20:21:40.243 [info] > git ls-files --stage -- /home/pyturtle_/Documents/ESHOPPING/ecommerce/store/templates/styles.css [1ms]
2023-08-19 20:21:40.249 [info] > git cat-file -s 49816c0c3f4acb211bcf1e3333b9d942a2dec8e6 [1ms]
2023-08-19 20:21:54.806 [info] > git config --get commit.template [4ms]
2023-08-19 20:21:54.806 [info] > git for-each-ref --format=%(refname)%00%(upstream:short)%00%(objectname)%00%(upstream:track)%00%(upstream:remotename)%00%(upstream:remoteref) refs/heads/main refs/remotes/main [0ms]
2023-08-19 20:21:54.812 [info] > git status -z -uall [2ms]
2023-08-19 20:21:54.971 [info] > git ls-files --stage -- /home/pyturtle_/Documents/ESHOPPING/ecommerce/store/templates/styles.css [5ms]
2023-08-19 20:21:54.976 [info] > git ls-files --stage -- /home/pyturtle_/Documents/ESHOPPING/ecommerce/store/templates/registration/password_reset_complete.html [14ms]
2023-08-19 20:21:54.979 [info] > git ls-files --stage -- /home/pyturtle_/Documents/ESHOPPING/ecommerce/cart/forms.py [21ms]
2023-08-19 20:21:54.982 [info] > git ls-files --stage -- /home/pyturtle_/Documents/ESHOPPING/ecommerce/cart/templates/details.html [28ms]
2023-08-19 20:21:54.985 [info] > git ls-files --stage -- /home/pyturtle_/Documents/ESHOPPING/ecommerce/store/templates/product/list.html [35ms]
2023-08-19 20:21:54.989 [info] > git ls-files --stage -- /home/pyturtle_/Documents/ESHOPPING/ecommerce/store/templates/product_list.html [45ms]
2023-08-19 20:21:54.993 [info] > git ls-files --stage -- /home/pyturtle_/Documents/ESHOPPING/ecommerce/store/urls.py [52ms]
2023-08-19 20:21:54.996 [info] > git ls-files --stage -- /home/pyturtle_/Documents/ESHOPPING/ecommerce/cart/urls.py [61ms]
2023-08-19 20:21:55.001 [info] > git ls-files --stage -- /home/pyturtle_/Documents/ESHOPPING/ecommerce/ecommerce/urls.py [70ms]
2023-08-19 20:21:55.005 [info] > git ls-files --stage -- /home/pyturtle_/Documents/ESHOPPING/ecommerce/store/templates/base.html [77ms]
2023-08-19 20:21:55.009 [info] > git ls-files --stage -- /home/pyturtle_/Documents/ESHOPPING/ecommerce/store/views.py [85ms]
2023-08-19 20:21:55.013 [info] > git ls-files --stage -- /home/pyturtle_/Documents/ESHOPPING/ecommerce/store/models.py [92ms]
2023-08-19 20:21:55.016 [info] > git ls-files --stage -- /home/pyturtle_/Documents/ESHOPPING/ecommerce/cart/views.py [98ms]
2023-08-19 20:21:55.020 [info] > git ls-files --stage -- /home/pyturtle_/Documents/ESHOPPING/ecommerce/store/templates/product/detail.html [106ms]
2023-08-19 20:21:55.025 [info] > git ls-files --stage -- /home/pyturtle_/Documents/ESHOPPING/ecommerce/cart/cart.py [113ms]
2023-08-19 20:21:55.028 [info] > git ls-files --stage -- /home/pyturtle_/Documents/ESHOPPING/ecommerce/ecommerce/settings.py [119ms]
2023-08-19 20:21:55.032 [info] > git ls-files --stage -- /home/pyturtle_/Documents/ESHOPPING/ecommerce/store/apps.py [128ms]
2023-08-19 20:21:55.037 [info] > git cat-file -s 572b33433901d9723956dd5c0c703d14e565ab88 [5ms]
2023-08-19 20:21:55.038 [info] > git cat-file -s a6355bff7d83572fa835516c5f5306239f3dd385 [11ms]
2023-08-19 20:21:55.038 [info] > git cat-file -s 9894456631d7b60b7d7d82639cda611af803eb34 [14ms]
2023-08-19 20:21:55.038 [info] > git cat-file -s 0ae476452471284faaaf070114d39e1b37a1b71a [18ms]
2023-08-19 20:21:55.038 [info] > git cat-file -s 66f29fb45059cb062fa7467de223f50823753031 [22ms]
2023-08-19 20:21:55.038 [info] > git cat-file -s 0bc82d627962fd515d098481c6f4676f13683375 [25ms]
2023-08-19 20:21:55.038 [info] > git cat-file -s f796bff0b3dd611e040835e6e58af7066e10f280 [29ms]
2023-08-19 20:21:55.038 [info] > git cat-file -s 91d46e9a2e5d754c26d668704f685df5aef3a6d2 [33ms]
2023-08-19 20:21:55.039 [info] > git cat-file -s aa5ea4432c7be2340eb369eceb12561a1f0a6f59 [38ms]
2023-08-19 20:21:55.039 [info] > git cat-file -s f9696d0b1510f3ead35a5dc381c58e107909137a [43ms]
2023-08-19 20:21:55.039 [info] > git cat-file -s fbbe482e336278ab626a07748098b0d94bedaa58 [47ms]
2023-08-19 20:21:55.039 [info] > git cat-file -s 986195dd4057cc565516a3ea4f3517af0abad614 [50ms]
2023-08-19 20:21:55.040 [info] > git cat-file -s dcb027fc7941bbe43889b3d236baf37b5b019230 [55ms]
2023-08-19 20:21:55.040 [info] > git cat-file -s 121a05751e455f3d4125a69dfc708d6c59c48860 [58ms]
2023-08-19 20:21:55.040 [info] > git cat-file -s cb52d536f7e160b6ad891b78fbe7dfcef1e59041 [61ms]
2023-08-19 20:21:55.040 [info] > git cat-file -s 49816c0c3f4acb211bcf1e3333b9d942a2dec8e6 [65ms]
2023-08-19 20:21:55.040 [info] > git cat-file -s a7cecd8d372c2f6c3419a05ad275d1d735848e14 [4ms]
2023-08-19 20:21:55.121 [info] > git show --textconv :ecommerce/ecommerce/settings.py [68ms]
2023-08-19 20:21:55.121 [info] > git show --textconv :ecommerce/cart/cart.py [62ms]
2023-08-19 20:21:55.121 [info] > git show --textconv :ecommerce/store/templates/product/detail.html [57ms]
2023-08-19 20:21:55.121 [info] > git show --textconv :ecommerce/cart/views.py [54ms]
2023-08-19 20:21:55.121 [info] > git show --textconv :ecommerce/store/models.py [50ms]
2023-08-19 20:21:55.121 [info] > git show --textconv :ecommerce/store/views.py [47ms]
2023-08-19 20:21:55.121 [info] > git show --textconv :ecommerce/store/templates/base.html [44ms]
2023-08-19 20:21:55.121 [info] > git show --textconv :ecommerce/ecommerce/urls.py [40ms]
2023-08-19 20:21:55.121 [info] > git show --textconv :ecommerce/cart/urls.py [37ms]
2023-08-19 20:21:55.121 [info] > git show --textconv :ecommerce/store/urls.py [34ms]
2023-08-19 20:21:55.121 [info] > git show --textconv :ecommerce/store/templates/product_list.html [30ms]
2023-08-19 20:21:55.121 [info] > git show --textconv :ecommerce/store/templates/product/list.html [26ms]
2023-08-19 20:21:55.121 [info] > git show --textconv :ecommerce/cart/templates/details.html [22ms]
2023-08-19 20:21:55.121 [info] > git show --textconv :ecommerce/cart/forms.py [17ms]
2023-08-19 20:21:55.121 [info] > git show --textconv :ecommerce/store/templates/registration/password_reset_complete.html [12ms]
2023-08-19 20:21:55.121 [info] > git show --textconv :ecommerce/store/templates/styles.css [7ms]
2023-08-19 20:21:55.121 [info] > git show --textconv :ecommerce/store/apps.py [2ms]
2023-08-19 20:22:07.573 [info] > git config --get commit.template [3ms]
2023-08-19 20:22:07.573 [info] > git for-each-ref --format=%(refname)%00%(upstream:short)%00%(objectname)%00%(upstream:track)%00%(upstream:remotename)%00%(upstream:remoteref) refs/heads/main refs/remotes/main [1ms]
2023-08-19 20:22:07.579 [info] > git status -z -uall [1ms]
2023-08-19 20:22:07.728 [info] > git ls-files --stage -- /home/pyturtle_/Documents/ESHOPPING/ecommerce/store/templates/registration/password_reset_complete.html [4ms]
2023-08-19 20:22:07.731 [info] > git ls-files --stage -- /home/pyturtle_/Documents/ESHOPPING/ecommerce/cart/forms.py [11ms]
2023-08-19 20:22:07.735 [info] > git ls-files --stage -- /home/pyturtle_/Documents/ESHOPPING/ecommerce/cart/templates/details.html [19ms]
2023-08-19 20:22:07.739 [info] > git ls-files --stage -- /home/pyturtle_/Documents/ESHOPPING/ecommerce/store/templates/product/list.html [26ms]
2023-08-19 20:22:07.743 [info] > git ls-files --stage -- /home/pyturtle_/Documents/ESHOPPING/ecommerce/store/templates/product_list.html [34ms]
2023-08-19 20:22:07.745 [info] > git ls-files --stage -- /home/pyturtle_/Documents/ESHOPPING/ecommerce/store/urls.py [40ms]
2023-08-19 20:22:07.748 [info] > git ls-files --stage -- /home/pyturtle_/Documents/ESHOPPING/ecommerce/cart/urls.py [46ms]
2023-08-19 20:22:07.751 [info] > git ls-files --stage -- /home/pyturtle_/Documents/ESHOPPING/ecommerce/ecommerce/urls.py [52ms]
2023-08-19 20:22:07.755 [info] > git ls-files --stage -- /home/pyturtle_/Documents/ESHOPPING/ecommerce/store/templates/base.html [59ms]
2023-08-19 20:22:07.759 [info] > git ls-files --stage -- /home/pyturtle_/Documents/ESHOPPING/ecommerce/store/views.py [66ms]
2023-08-19 20:22:07.763 [info] > git ls-files --stage -- /home/pyturtle_/Documents/ESHOPPING/ecommerce/store/models.py [74ms]
2023-08-19 20:22:07.768 [info] > git ls-files --stage -- /home/pyturtle_/Documents/ESHOPPING/ecommerce/cart/views.py [83ms]
2023-08-19 20:22:07.773 [info] > git ls-files --stage -- /home/pyturtle_/Documents/ESHOPPING/ecommerce/store/templates/product/detail.html [91ms]
2023-08-19 20:22:07.779 [info] > git ls-files --stage -- /home/pyturtle_/Documents/ESHOPPING/ecommerce/cart/cart.py [101ms]
2023-08-19 20:22:07.783 [info] > git ls-files --stage -- /home/pyturtle_/Documents/ESHOPPING/ecommerce/ecommerce/settings.py [109ms]
2023-08-19 20:22:07.791 [info] > git ls-files --stage -- /home/pyturtle_/Documents/ESHOPPING/ecommerce/store/apps.py [121ms]
2023-08-19 20:22:07.796 [info] > git cat-file -s 572b33433901d9723956dd5c0c703d14e565ab88 [5ms]
2023-08-19 20:22:07.797 [info] > git cat-file -s a6355bff7d83572fa835516c5f5306239f3dd385 [14ms]
2023-08-19 20:22:07.797 [info] > git cat-file -s 9894456631d7b60b7d7d82639cda611af803eb34 [18ms]
2023-08-19 20:22:07.797 [info] > git cat-file -s 0ae476452471284faaaf070114d39e1b37a1b71a [24ms]
2023-08-19 20:22:07.797 [info] > git cat-file -s 66f29fb45059cb062fa7467de223f50823753031 [30ms]
2023-08-19 20:22:07.797 [info] > git cat-file -s 0bc82d627962fd515d098481c6f4676f13683375 [34ms]
2023-08-19 20:22:07.797 [info] > git cat-file -s f796bff0b3dd611e040835e6e58af7066e10f280 [38ms]
2023-08-19 20:22:07.797 [info] > git cat-file -s 91d46e9a2e5d754c26d668704f685df5aef3a6d2 [42ms]
2023-08-19 20:22:07.798 [info] > git cat-file -s aa5ea4432c7be2340eb369eceb12561a1f0a6f59 [47ms]
2023-08-19 20:22:07.798 [info] > git cat-file -s f9696d0b1510f3ead35a5dc381c58e107909137a [50ms]
2023-08-19 20:22:07.798 [info] > git cat-file -s fbbe482e336278ab626a07748098b0d94bedaa58 [53ms]
2023-08-19 20:22:07.798 [info] > git cat-file -s 986195dd4057cc565516a3ea4f3517af0abad614 [55ms]
2023-08-19 20:22:07.798 [info] > git cat-file -s dcb027fc7941bbe43889b3d236baf37b5b019230 [59ms]
2023-08-19 20:22:07.798 [info] > git cat-file -s 121a05751e455f3d4125a69dfc708d6c59c48860 [63ms]
2023-08-19 20:22:07.798 [info] > git cat-file -s cb52d536f7e160b6ad891b78fbe7dfcef1e59041 [67ms]
2023-08-19 20:22:07.798 [info] > git ls-files --stage -- /home/pyturtle_/Documents/ESHOPPING/ecommerce/store/templates/styles.css [72ms]
2023-08-19 20:22:07.803 [info] > git cat-file -s a7cecd8d372c2f6c3419a05ad275d1d735848e14 [9ms]
2023-08-19 20:22:07.804 [info] > git cat-file -s 49816c0c3f4acb211bcf1e3333b9d942a2dec8e6 [1ms]
2023-08-19 20:22:07.889 [info] > git show --textconv :ecommerce/ecommerce/settings.py [78ms]
2023-08-19 20:22:07.889 [info] > git show --textconv :ecommerce/cart/cart.py [75ms]
2023-08-19 20:22:07.889 [info] > git show --textconv :ecommerce/store/templates/product/detail.html [71ms]
2023-08-19 20:22:07.889 [info] > git show --textconv :ecommerce/cart/views.py [66ms]
2023-08-19 20:22:07.889 [info] > git show --textconv :ecommerce/store/models.py [61ms]
2023-08-19 20:22:07.889 [info] > git show --textconv :ecommerce/store/views.py [56ms]
2023-08-19 20:22:07.889 [info] > git show --textconv :ecommerce/store/templates/base.html [52ms]
2023-08-19 20:22:07.889 [info] > git show --textconv :ecommerce/ecommerce/urls.py [45ms]
2023-08-19 20:22:07.889 [info] > git show --textconv :ecommerce/cart/urls.py [41ms]
2023-08-19 20:22:07.889 [info] > git show --textconv :ecommerce/store/urls.py [37ms]
2023-08-19 20:22:07.889 [info] > git show --textconv :ecommerce/store/templates/product_list.html [33ms]
2023-08-19 20:22:07.889 [info] > git show --textconv :ecommerce/store/templates/product/list.html [28ms]
2023-08-19 20:22:07.889 [info] > git show --textconv :ecommerce/cart/templates/details.html [23ms]
2023-08-19 20:22:07.889 [info] > git show --textconv :ecommerce/cart/forms.py [19ms]
2023-08-19 20:22:07.889 [info] > git show --textconv :ecommerce/store/templates/registration/password_reset_complete.html [15ms]
2023-08-19 20:22:07.889 [info] > git show --textconv :ecommerce/store/apps.py [9ms]
2023-08-19 20:22:07.891 [info] > git show --textconv :ecommerce/store/templates/styles.css [3ms]
2023-08-19 20:22:25.595 [info] > git log --oneline --cherry main...main@{upstream} -- [1ms]
2023-08-19 20:22:26.486 [info] > git pull --tags origin main [883ms]
2023-08-19 20:22:26.486 [info] From https://github.com/pyturtleyay/Django-11
 * branch            main       -> FETCH_HEAD
2023-08-19 20:22:27.851 [info] > git ls-files --stage -- /home/pyturtle_/Documents/ESHOPPING/ecommerce/store/templates/registration/password_reset_complete.html [5ms]
2023-08-19 20:22:27.854 [info] > git ls-files --stage -- /home/pyturtle_/Documents/ESHOPPING/ecommerce/cart/forms.py [13ms]
2023-08-19 20:22:27.862 [info] > git ls-files --stage -- /home/pyturtle_/Documents/ESHOPPING/ecommerce/cart/templates/details.html [25ms]
2023-08-19 20:22:27.868 [info] > git ls-files --stage -- /home/pyturtle_/Documents/ESHOPPING/ecommerce/store/templates/product/list.html [35ms]
2023-08-19 20:22:27.873 [info] > git ls-files --stage -- /home/pyturtle_/Documents/ESHOPPING/ecommerce/store/templates/product_list.html [43ms]
2023-08-19 20:22:27.877 [info] > git ls-files --stage -- /home/pyturtle_/Documents/ESHOPPING/ecommerce/store/urls.py [52ms]
2023-08-19 20:22:27.881 [info] > git ls-files --stage -- /home/pyturtle_/Documents/ESHOPPING/ecommerce/cart/urls.py [61ms]
2023-08-19 20:22:27.885 [info] > git ls-files --stage -- /home/pyturtle_/Documents/ESHOPPING/ecommerce/ecommerce/urls.py [68ms]
2023-08-19 20:22:27.888 [info] > git ls-files --stage -- /home/pyturtle_/Documents/ESHOPPING/ecommerce/store/templates/base.html [76ms]
2023-08-19 20:22:27.891 [info] > git ls-files --stage -- /home/pyturtle_/Documents/ESHOPPING/ecommerce/store/views.py [83ms]
2023-08-19 20:22:27.895 [info] > git ls-files --stage -- /home/pyturtle_/Documents/ESHOPPING/ecommerce/store/models.py [92ms]
2023-08-19 20:22:27.898 [info] > git ls-files --stage -- /home/pyturtle_/Documents/ESHOPPING/ecommerce/cart/views.py [99ms]
2023-08-19 20:22:27.902 [info] > git ls-files --stage -- /home/pyturtle_/Documents/ESHOPPING/ecommerce/store/templates/product/detail.html [107ms]
2023-08-19 20:22:27.906 [info] > git ls-files --stage -- /home/pyturtle_/Documents/ESHOPPING/ecommerce/cart/cart.py [117ms]
2023-08-19 20:22:27.909 [info] > git ls-files --stage -- /home/pyturtle_/Documents/ESHOPPING/ecommerce/ecommerce/settings.py [122ms]
2023-08-19 20:22:27.914 [info] > git ls-files --stage -- /home/pyturtle_/Documents/ESHOPPING/ecommerce/store/apps.py [132ms]
2023-08-19 20:22:27.920 [info] > git cat-file -s 572b33433901d9723956dd5c0c703d14e565ab88 [6ms]
2023-08-19 20:22:27.921 [info] > git cat-file -s a6355bff7d83572fa835516c5f5306239f3dd385 [12ms]
2023-08-19 20:22:27.921 [info] > git cat-file -s 9894456631d7b60b7d7d82639cda611af803eb34 [16ms]
2023-08-19 20:22:27.921 [info] > git cat-file -s 0ae476452471284faaaf070114d39e1b37a1b71a [19ms]
2023-08-19 20:22:27.921 [info] > git cat-file -s 66f29fb45059cb062fa7467de223f50823753031 [23ms]
2023-08-19 20:22:27.923 [info] > git cat-file -s 0bc82d627962fd515d098481c6f4676f13683375 [26ms]
2023-08-19 20:22:27.923 [info] > git cat-file -s f796bff0b3dd611e040835e6e58af7066e10f280 [32ms]
2023-08-19 20:22:27.923 [info] > git cat-file -s 91d46e9a2e5d754c26d668704f685df5aef3a6d2 [35ms]
2023-08-19 20:22:27.923 [info] > git cat-file -s aa5ea4432c7be2340eb369eceb12561a1f0a6f59 [39ms]
2023-08-19 20:22:27.923 [info] > git cat-file -s f9696d0b1510f3ead35a5dc381c58e107909137a [42ms]
2023-08-19 20:22:27.924 [info] > git cat-file -s fbbe482e336278ab626a07748098b0d94bedaa58 [47ms]
2023-08-19 20:22:27.924 [info] > git cat-file -s 986195dd4057cc565516a3ea4f3517af0abad614 [52ms]
2023-08-19 20:22:27.924 [info] > git cat-file -s dcb027fc7941bbe43889b3d236baf37b5b019230 [57ms]
2023-08-19 20:22:27.924 [info] > git cat-file -s 121a05751e455f3d4125a69dfc708d6c59c48860 [63ms]
2023-08-19 20:22:27.924 [info] > git cat-file -s cb52d536f7e160b6ad891b78fbe7dfcef1e59041 [70ms]
2023-08-19 20:22:27.924 [info] > git ls-files --stage -- /home/pyturtle_/Documents/ESHOPPING/ecommerce/store/templates/styles.css [75ms]
2023-08-19 20:22:27.932 [info] > git cat-file -s a7cecd8d372c2f6c3419a05ad275d1d735848e14 [13ms]
2023-08-19 20:22:27.932 [info] > git cat-file -s 49816c0c3f4acb211bcf1e3333b9d942a2dec8e6 [1ms]
2023-08-19 20:22:28.010 [info] > git show --textconv :ecommerce/ecommerce/settings.py [70ms]
2023-08-19 20:22:28.010 [info] > git show --textconv :ecommerce/cart/cart.py [66ms]
2023-08-19 20:22:28.010 [info] > git show --textconv :ecommerce/store/templates/product/detail.html [62ms]
2023-08-19 20:22:28.010 [info] > git show --textconv :ecommerce/cart/views.py [57ms]
2023-08-19 20:22:28.010 [info] > git show --textconv :ecommerce/store/models.py [54ms]
2023-08-19 20:22:28.010 [info] > git show --textconv :ecommerce/store/views.py [50ms]
2023-08-19 20:22:28.010 [info] > git show --textconv :ecommerce/store/templates/base.html [45ms]
2023-08-19 20:22:28.010 [info] > git show --textconv :ecommerce/ecommerce/urls.py [41ms]
2023-08-19 20:22:28.010 [info] > git show --textconv :ecommerce/cart/urls.py [37ms]
2023-08-19 20:22:28.010 [info] > git show --textconv :ecommerce/store/urls.py [32ms]
2023-08-19 20:22:28.010 [info] > git show --textconv :ecommerce/store/templates/product_list.html [28ms]
2023-08-19 20:22:28.010 [info] > git show --textconv :ecommerce/store/templates/product/list.html [24ms]
2023-08-19 20:22:28.010 [info] > git show --textconv :ecommerce/cart/templates/details.html [21ms]
2023-08-19 20:22:28.010 [info] > git show --textconv :ecommerce/cart/forms.py [15ms]
2023-08-19 20:22:28.010 [info] > git show --textconv :ecommerce/store/templates/registration/password_reset_complete.html [10ms]
2023-08-19 20:22:28.010 [info] > git show --textconv :ecommerce/store/apps.py [5ms]
2023-08-19 20:22:28.010 [info] > git show --textconv :ecommerce/store/templates/styles.css [1ms]
2023-08-19 20:22:46.773 [info] > git push origin main:main [20281ms]
2023-08-19 20:22:46.773 [info] To https://github.com/pyturtleyay/Django-11.git
   76ad5c6..f8a4f89  main -> main
2023-08-19 20:22:46.783 [info] > git config --get commit.template [4ms]
2023-08-19 20:22:46.783 [info] > git for-each-ref --format=%(refname)%00%(upstream:short)%00%(objectname)%00%(upstream:track)%00%(upstream:remotename)%00%(upstream:remoteref) refs/heads/main refs/remotes/main [1ms]
2023-08-19 20:22:46.788 [info] > git status -z -uall [1ms]
2023-08-19 20:23:45.946 [info] > git config --get commit.template [114ms]
2023-08-19 20:23:45.948 [info] > git ls-files --stage -- /home/pyturtle_/Documents/ESHOPPING/ecommerce/store/templates/styles.css [3ms]
2023-08-19 20:23:45.955 [info] > git ls-files --stage -- /home/pyturtle_/Documents/ESHOPPING/ecommerce/store/templates/registration/password_reset_complete.html [13ms]
2023-08-19 20:23:45.959 [info] > git ls-files --stage -- /home/pyturtle_/Documents/ESHOPPING/ecommerce/cart/forms.py [23ms]
2023-08-19 20:23:45.967 [info] > git ls-files --stage -- /home/pyturtle_/Documents/ESHOPPING/ecommerce/cart/templates/details.html [36ms]
2023-08-19 20:23:45.971 [info] > git ls-files --stage -- /home/pyturtle_/Documents/ESHOPPING/ecommerce/store/templates/product/list.html [44ms]
2023-08-19 20:23:45.975 [info] > git ls-files --stage -- /home/pyturtle_/Documents/ESHOPPING/ecommerce/store/templates/product_list.html [53ms]
2023-08-19 20:23:45.979 [info] > git ls-files --stage -- /home/pyturtle_/Documents/ESHOPPING/ecommerce/store/urls.py [61ms]
2023-08-19 20:23:45.984 [info] > git ls-files --stage -- /home/pyturtle_/Documents/ESHOPPING/ecommerce/cart/urls.py [69ms]
2023-08-19 20:23:45.989 [info] > git ls-files --stage -- /home/pyturtle_/Documents/ESHOPPING/ecommerce/ecommerce/urls.py [78ms]
2023-08-19 20:23:45.992 [info] > git ls-files --stage -- /home/pyturtle_/Documents/ESHOPPING/ecommerce/store/templates/base.html [86ms]
2023-08-19 20:23:45.997 [info] > git ls-files --stage -- /home/pyturtle_/Documents/ESHOPPING/ecommerce/store/views.py [95ms]
2023-08-19 20:23:46.001 [info] > git ls-files --stage -- /home/pyturtle_/Documents/ESHOPPING/ecommerce/store/models.py [105ms]
2023-08-19 20:23:46.005 [info] > git ls-files --stage -- /home/pyturtle_/Documents/ESHOPPING/ecommerce/cart/views.py [115ms]
2023-08-19 20:23:46.011 [info] > git ls-files --stage -- /home/pyturtle_/Documents/ESHOPPING/ecommerce/store/templates/product/detail.html [130ms]
2023-08-19 20:23:46.015 [info] > git ls-files --stage -- /home/pyturtle_/Documents/ESHOPPING/ecommerce/cart/cart.py [142ms]
2023-08-19 20:23:46.019 [info] > git ls-files --stage -- /home/pyturtle_/Documents/ESHOPPING/ecommerce/ecommerce/settings.py [154ms]
2023-08-19 20:23:46.025 [info] > git ls-files --stage -- /home/pyturtle_/Documents/ESHOPPING/ecommerce/store/apps.py [169ms]
2023-08-19 20:23:46.030 [info] > git for-each-ref --format=%(refname)%00%(upstream:short)%00%(objectname)%00%(upstream:track)%00%(upstream:remotename)%00%(upstream:remoteref) refs/heads/main refs/remotes/main [186ms]
2023-08-19 20:23:46.037 [info] > git status -z -uall [2ms]
2023-08-19 20:23:46.037 [info] > git cat-file -s a7cecd8d372c2f6c3419a05ad275d1d735848e14 [7ms]
2023-08-19 20:23:46.038 [info] > git cat-file -s 572b33433901d9723956dd5c0c703d14e565ab88 [14ms]
2023-08-19 20:23:46.039 [info] > git cat-file -s a6355bff7d83572fa835516c5f5306239f3dd385 [19ms]
2023-08-19 20:23:46.039 [info] > git cat-file -s 9894456631d7b60b7d7d82639cda611af803eb34 [25ms]
2023-08-19 20:23:46.039 [info] > git cat-file -s 0ae476452471284faaaf070114d39e1b37a1b71a [29ms]
2023-08-19 20:23:46.039 [info] > git cat-file -s 66f29fb45059cb062fa7467de223f50823753031 [34ms]
2023-08-19 20:23:46.039 [info] > git cat-file -s 0bc82d627962fd515d098481c6f4676f13683375 [38ms]
2023-08-19 20:23:46.039 [info] > git cat-file -s f796bff0b3dd611e040835e6e58af7066e10f280 [42ms]
2023-08-19 20:23:46.040 [info] > git cat-file -s 91d46e9a2e5d754c26d668704f685df5aef3a6d2 [48ms]
2023-08-19 20:23:46.041 [info] > git cat-file -s aa5ea4432c7be2340eb369eceb12561a1f0a6f59 [53ms]
2023-08-19 20:23:46.041 [info] > git cat-file -s f9696d0b1510f3ead35a5dc381c58e107909137a [58ms]
2023-08-19 20:23:46.041 [info] > git cat-file -s fbbe482e336278ab626a07748098b0d94bedaa58 [62ms]
2023-08-19 20:23:46.041 [info] > git cat-file -s 986195dd4057cc565516a3ea4f3517af0abad614 [66ms]
2023-08-19 20:23:46.041 [info] > git cat-file -s dcb027fc7941bbe43889b3d236baf37b5b019230 [71ms]
2023-08-19 20:23:46.041 [info] > git cat-file -s 121a05751e455f3d4125a69dfc708d6c59c48860 [75ms]
2023-08-19 20:23:46.041 [info] > git cat-file -s cb52d536f7e160b6ad891b78fbe7dfcef1e59041 [82ms]
2023-08-19 20:23:46.042 [info] > git cat-file -s 49816c0c3f4acb211bcf1e3333b9d942a2dec8e6 [87ms]
2023-08-19 20:23:46.134 [info] > git show --textconv :ecommerce/store/apps.py [81ms]
2023-08-19 20:23:46.134 [info] > git show --textconv :ecommerce/ecommerce/settings.py [74ms]
2023-08-19 20:23:46.134 [info] > git show --textconv :ecommerce/cart/cart.py [68ms]
2023-08-19 20:23:46.134 [info] > git show --textconv :ecommerce/store/templates/product/detail.html [64ms]
2023-08-19 20:23:46.134 [info] > git show --textconv :ecommerce/cart/views.py [59ms]
2023-08-19 20:23:46.134 [info] > git show --textconv :ecommerce/store/models.py [55ms]
2023-08-19 20:23:46.134 [info] > git show --textconv :ecommerce/store/views.py [50ms]
2023-08-19 20:23:46.134 [info] > git show --textconv :ecommerce/store/templates/base.html [45ms]
2023-08-19 20:23:46.134 [info] > git show --textconv :ecommerce/ecommerce/urls.py [41ms]
2023-08-19 20:23:46.134 [info] > git show --textconv :ecommerce/cart/urls.py [36ms]
2023-08-19 20:23:46.134 [info] > git show --textconv :ecommerce/store/urls.py [32ms]
2023-08-19 20:23:46.134 [info] > git show --textconv :ecommerce/store/templates/product_list.html [27ms]
2023-08-19 20:23:46.134 [info] > git show --textconv :ecommerce/store/templates/product/list.html [21ms]
2023-08-19 20:23:46.134 [info] > git show --textconv :ecommerce/cart/templates/details.html [17ms]
2023-08-19 20:23:46.134 [info] > git show --textconv :ecommerce/cart/forms.py [12ms]
2023-08-19 20:23:46.134 [info] > git show --textconv :ecommerce/store/templates/registration/password_reset_complete.html [7ms]
2023-08-19 20:23:46.134 [info] > git show --textconv :ecommerce/store/templates/styles.css [2ms]
