2023-06-24 18:02:43.938 [info] Log level: Info
2023-06-24 18:02:43.938 [info] Validating found git in: "git"
2023-06-24 18:02:43.938 [info] Using git "2.40.0" from "git"
2023-06-24 18:02:43.938 [info] > git rev-parse --show-toplevel [6ms]
2023-06-24 18:02:43.938 [info] fatal: not a git repository (or any parent up to mount point /)
Stopping at filesystem boundary (GIT_DISCOVERY_ACROSS_FILESYSTEM not set).
2023-06-24 18:02:43.938 [info] > git rev-parse --show-toplevel [1ms]
2023-06-24 18:02:43.938 [info] fatal: not a git repository (or any parent up to mount point /)
Stopping at filesystem boundary (GIT_DISCOVERY_ACROSS_FILESYSTEM not set).
2023-06-24 18:02:43.938 [info] > git rev-parse --show-toplevel [27ms]
2023-06-24 18:02:43.938 [info] fatal: not a git repository (or any parent up to mount point /)
Stopping at filesystem boundary (GIT_DISCOVERY_ACROSS_FILESYSTEM not set).
2023-06-24 18:02:43.939 [info] > git rev-parse --show-toplevel [5ms]
2023-06-24 18:02:43.939 [info] fatal: not a git repository (or any parent up to mount point /)
Stopping at filesystem boundary (GIT_DISCOVERY_ACROSS_FILESYSTEM not set).
2023-06-24 18:03:41.418 [info] Log level: Info
2023-06-24 18:03:41.418 [info] Validating found git in: "git"
2023-06-24 18:03:41.418 [info] Using git "2.40.0" from "git"
2023-06-24 18:03:41.418 [info] > git rev-parse --show-toplevel [13ms]
2023-06-24 18:03:41.424 [info] > git rev-parse --git-dir --git-common-dir [23ms]
2023-06-24 18:03:41.429 [info] Open repository: /home/pyturtle_/Documents/ESHOPPING
2023-06-24 18:03:41.442 [info] > git config --get commit.template [1ms]
2023-06-24 18:03:41.442 [info] > git rev-parse --show-toplevel [8ms]
2023-06-24 18:03:41.451 [info] > git rev-parse --show-toplevel [5ms]
2023-06-24 18:03:41.457 [info] > git for-each-ref --format=%(refname)%00%(upstream:short)%00%(objectname)%00%(upstream:track)%00%(upstream:remotename)%00%(upstream:remoteref) refs/heads/main refs/remotes/main [6ms]
2023-06-24 18:03:41.464 [info] > git rev-parse --show-toplevel [9ms]
2023-06-24 18:03:41.469 [info] > git status -z -uall [7ms]
2023-06-24 18:03:41.479 [info] > git rev-parse --show-toplevel [11ms]
2023-06-24 18:03:41.481 [info] > git config --get commit.template [3ms]
2023-06-24 18:03:41.488 [info] > git for-each-ref --format=%(refname)%00%(upstream:short)%00%(objectname)%00%(upstream:track)%00%(upstream:remotename)%00%(upstream:remoteref) refs/heads/main refs/remotes/main [2ms]
2023-06-24 18:03:41.495 [info] > git status -z -uall [2ms]
2023-06-24 18:03:41.745 [info] > git show --textconv :ecommerce/store/templates/product_list.html [3ms]
2023-06-24 18:03:41.746 [info] > git ls-files --stage -- /home/pyturtle_/Documents/ESHOPPING/ecommerce/store/templates/product_list.html [1ms]
2023-06-24 18:03:41.750 [info] > git cat-file -s 77bf221d871f59d7b066cb49955792b74758dd8e [1ms]
2023-06-24 18:03:41.968 [info] > git check-ignore -v -z --stdin [1ms]
2023-06-24 18:04:04.426 [info] > git check-ignore -v -z --stdin [1ms]
2023-06-24 18:07:01.556 [info] > git config --get commit.template [3ms]
2023-06-24 18:07:01.556 [info] > git for-each-ref --format=%(refname)%00%(upstream:short)%00%(objectname)%00%(upstream:track)%00%(upstream:remotename)%00%(upstream:remoteref) refs/heads/main refs/remotes/main [1ms]
2023-06-24 18:07:01.560 [info] > git status -z -uall [1ms]
2023-06-24 18:07:19.359 [info] > git show --textconv :ecommerce/store/templates/registration/logged_out.html [2ms]
2023-06-24 18:07:19.360 [info] > git ls-files --stage -- /home/pyturtle_/Documents/ESHOPPING/ecommerce/store/templates/registration/logged_out.html [1ms]
2023-06-24 18:07:19.363 [info] > git cat-file -s 4db1d97219a4ea179946057b439868ef4ef40fcd [1ms]
2023-06-24 18:07:20.103 [info] > git show --textconv :ecommerce/store/templates/registration/password_reset_complete.html [4ms]
2023-06-24 18:07:20.103 [info] > git ls-files --stage -- /home/pyturtle_/Documents/ESHOPPING/ecommerce/store/templates/registration/password_reset_complete.html [1ms]
2023-06-24 18:07:20.107 [info] > git cat-file -s cb52d536f7e160b6ad891b78fbe7dfcef1e59041 [1ms]
2023-06-24 18:07:20.544 [info] > git show --textconv :ecommerce/store/templates/registration/password_reset_email.html [4ms]
2023-06-24 18:07:20.544 [info] > git ls-files --stage -- /home/pyturtle_/Documents/ESHOPPING/ecommerce/store/templates/registration/password_reset_email.html [1ms]
2023-06-24 18:07:20.548 [info] > git cat-file -s 9a1474a5deb4535cb0942ad1b9bf9a89212d11ac [1ms]
2023-06-24 18:07:20.943 [info] > git show --textconv :ecommerce/store/templates/base.html [3ms]
2023-06-24 18:07:20.944 [info] > git ls-files --stage -- /home/pyturtle_/Documents/ESHOPPING/ecommerce/store/templates/base.html [1ms]
2023-06-24 18:07:20.947 [info] > git cat-file -s 2f34ced47cc8fc0154a89fc13defe3e60c30d22e [1ms]
2023-06-24 18:07:39.386 [info] > git show --textconv :ecommerce/store/templates/registration/login.html [3ms]
2023-06-24 18:07:39.386 [info] > git ls-files --stage -- /home/pyturtle_/Documents/ESHOPPING/ecommerce/store/templates/registration/login.html [0ms]
2023-06-24 18:07:39.390 [info] > git cat-file -s 7bab7535b942013d2efaa85cbfdb5363f95f6a09 [1ms]
2023-06-24 18:08:41.203 [info] > git show --textconv :ecommerce/ecommerce/urls.py [9ms]
2023-06-24 18:08:41.204 [info] > git ls-files --stage -- /home/pyturtle_/Documents/ESHOPPING/ecommerce/ecommerce/urls.py [6ms]
2023-06-24 18:08:41.209 [info] > git cat-file -s f2f8a4cf3c996cf536dee51cda0e838478e38f83 [1ms]
2023-06-24 18:08:57.735 [info] > git show --textconv :ecommerce/store/urls.py [3ms]
2023-06-24 18:08:57.736 [info] > git ls-files --stage -- /home/pyturtle_/Documents/ESHOPPING/ecommerce/store/urls.py [1ms]
2023-06-24 18:08:57.739 [info] > git cat-file -s 9bf623cd32c31d3f0de1f1331365fcab3a46d4fa [0ms]
2023-06-24 18:09:09.726 [info] > git config --get commit.template [5ms]
2023-06-24 18:09:09.727 [info] > git for-each-ref --format=%(refname)%00%(upstream:short)%00%(objectname)%00%(upstream:track)%00%(upstream:remotename)%00%(upstream:remoteref) refs/heads/main refs/remotes/main [1ms]
2023-06-24 18:09:09.733 [info] > git status -z -uall [1ms]
2023-06-24 18:10:03.440 [info] > git config --get commit.template [3ms]
2023-06-24 18:10:03.440 [info] > git for-each-ref --format=%(refname)%00%(upstream:short)%00%(objectname)%00%(upstream:track)%00%(upstream:remotename)%00%(upstream:remoteref) refs/heads/main refs/remotes/main [1ms]
2023-06-24 18:10:03.447 [info] > git status -z -uall [1ms]
2023-06-24 18:10:34.429 [info] > git config --get commit.template [3ms]
2023-06-24 18:10:34.430 [info] > git for-each-ref --format=%(refname)%00%(upstream:short)%00%(objectname)%00%(upstream:track)%00%(upstream:remotename)%00%(upstream:remoteref) refs/heads/main refs/remotes/main [1ms]
2023-06-24 18:10:34.433 [info] > git status -z -uall [1ms]
2023-06-24 18:11:39.594 [info] > git config --get commit.template [4ms]
2023-06-24 18:11:39.594 [info] > git for-each-ref --format=%(refname)%00%(upstream:short)%00%(objectname)%00%(upstream:track)%00%(upstream:remotename)%00%(upstream:remoteref) refs/heads/main refs/remotes/main [0ms]
2023-06-24 18:11:39.599 [info] > git status -z -uall [2ms]
2023-06-24 18:11:56.750 [info] > git config --get commit.template [4ms]
2023-06-24 18:11:56.751 [info] > git for-each-ref --format=%(refname)%00%(upstream:short)%00%(objectname)%00%(upstream:track)%00%(upstream:remotename)%00%(upstream:remoteref) refs/heads/main refs/remotes/main [1ms]
2023-06-24 18:11:56.757 [info] > git status -z -uall [3ms]
2023-06-24 18:19:03.891 [info] > git show --textconv :ecommerce/store/tests.py [4ms]
2023-06-24 18:19:03.892 [info] > git ls-files --stage -- /home/pyturtle_/Documents/ESHOPPING/ecommerce/store/tests.py [1ms]
2023-06-24 18:19:03.895 [info] > git cat-file -s 7ce503c2dd97ba78597f6ff6e4393132753573f6 [1ms]
2023-06-24 18:19:04.303 [info] > git show --textconv :ecommerce/store/models.py [3ms]
2023-06-24 18:19:04.304 [info] > git ls-files --stage -- /home/pyturtle_/Documents/ESHOPPING/ecommerce/store/models.py [1ms]
2023-06-24 18:19:04.307 [info] > git cat-file -s 7638e3471198e7c90b42fb88c708e1dbf0b5ef4c [1ms]
2023-06-24 18:19:46.752 [info] > git config --get commit.template [3ms]
2023-06-24 18:19:46.752 [info] > git for-each-ref --format=%(refname)%00%(upstream:short)%00%(objectname)%00%(upstream:track)%00%(upstream:remotename)%00%(upstream:remoteref) refs/heads/main refs/remotes/main [1ms]
2023-06-24 18:19:46.756 [info] > git status -z -uall [1ms]
2023-06-24 18:20:28.240 [info] > git check-ignore -v -z --stdin [1ms]
2023-06-24 18:20:28.808 [info] > git config --get commit.template [3ms]
2023-06-24 18:20:28.808 [info] > git for-each-ref --format=%(refname)%00%(upstream:short)%00%(objectname)%00%(upstream:track)%00%(upstream:remotename)%00%(upstream:remoteref) refs/heads/main refs/remotes/main [0ms]
2023-06-24 18:20:28.812 [info] > git status -z -uall [1ms]
2023-06-24 18:20:35.670 [info] > git show --textconv :ecommerce/store/templates/product/detail.html [3ms]
2023-06-24 18:20:35.671 [info] > git ls-files --stage -- /home/pyturtle_/Documents/ESHOPPING/ecommerce/store/templates/product/detail.html [1ms]
2023-06-24 18:20:35.965 [info] > git check-ignore -v -z --stdin [1ms]
2023-06-24 18:20:36.497 [info] > git config --get commit.template [4ms]
2023-06-24 18:20:36.497 [info] > git for-each-ref --format=%(refname)%00%(upstream:short)%00%(objectname)%00%(upstream:track)%00%(upstream:remotename)%00%(upstream:remoteref) refs/heads/main refs/remotes/main [1ms]
2023-06-24 18:20:36.501 [info] > git status -z -uall [1ms]
2023-06-24 18:20:47.761 [info] > git show --textconv :ecommerce/store/templates/product/list.html [5ms]
2023-06-24 18:20:47.761 [info] > git ls-files --stage -- /home/pyturtle_/Documents/ESHOPPING/ecommerce/store/templates/product/list.html [0ms]
2023-06-24 18:20:48.053 [info] > git check-ignore -v -z --stdin [1ms]
2023-06-24 18:20:48.577 [info] > git config --get commit.template [3ms]
2023-06-24 18:20:48.577 [info] > git for-each-ref --format=%(refname)%00%(upstream:short)%00%(objectname)%00%(upstream:track)%00%(upstream:remotename)%00%(upstream:remoteref) refs/heads/main refs/remotes/main [0ms]
2023-06-24 18:20:48.581 [info] > git status -z -uall [2ms]
2023-06-24 18:21:32.739 [info] > git config --get commit.template [6ms]
2023-06-24 18:21:32.739 [info] > git for-each-ref --format=%(refname)%00%(upstream:short)%00%(objectname)%00%(upstream:track)%00%(upstream:remotename)%00%(upstream:remoteref) refs/heads/main refs/remotes/main [1ms]
2023-06-24 18:21:32.744 [info] > git status -z -uall [1ms]
2023-06-24 18:21:41.001 [info] > git config --get commit.template [4ms]
2023-06-24 18:21:41.001 [info] > git for-each-ref --format=%(refname)%00%(upstream:short)%00%(objectname)%00%(upstream:track)%00%(upstream:remotename)%00%(upstream:remoteref) refs/heads/main refs/remotes/main [0ms]
2023-06-24 18:21:41.007 [info] > git status -z -uall [1ms]
2023-06-24 18:21:52.797 [info] > git config --get commit.template [3ms]
2023-06-24 18:21:52.798 [info] > git for-each-ref --format=%(refname)%00%(upstream:short)%00%(objectname)%00%(upstream:track)%00%(upstream:remotename)%00%(upstream:remoteref) refs/heads/main refs/remotes/main [1ms]
2023-06-24 18:21:52.804 [info] > git status -z -uall [3ms]
2023-06-24 18:22:02.048 [info] > git show --textconv :.git/COMMIT_EDITMSG [3ms]
2023-06-24 18:22:02.048 [info] > git ls-files --stage -- /home/pyturtle_/Documents/ESHOPPING/.git/COMMIT_EDITMSG [1ms]
2023-06-24 18:22:02.361 [info] > git check-ignore -v -z --stdin [1ms]
2023-06-24 18:22:03.042 [info] > git show --textconv :.gitignore [4ms]
2023-06-24 18:22:03.042 [info] > git ls-files --stage -- /home/pyturtle_/Documents/ESHOPPING/.gitignore [1ms]
2023-06-24 18:22:03.046 [info] > git cat-file -s c5ed51607dd806ce65e1128a5ddbb96430539ebc [0ms]
2023-06-24 18:22:03.691 [info] > git show --textconv :ecommerce/store/templates/styles.css [4ms]
2023-06-24 18:22:03.692 [info] > git ls-files --stage -- /home/pyturtle_/Documents/ESHOPPING/ecommerce/store/templates/styles.css [2ms]
2023-06-24 18:22:03.697 [info] > git cat-file -s 49816c0c3f4acb211bcf1e3333b9d942a2dec8e6 [0ms]
2023-06-24 18:22:04.442 [info] > git show --textconv HEAD:ecommerce/store/views.py [5ms]
2023-06-24 18:22:04.442 [info] > git ls-tree -l HEAD -- /home/pyturtle_/Documents/ESHOPPING/ecommerce/store/views.py [2ms]
2023-06-24 18:22:05.389 [info] > git show --textconv :ecommerce/store/templates/store.html [4ms]
2023-06-24 18:22:05.389 [info] > git ls-files --stage -- /home/pyturtle_/Documents/ESHOPPING/ecommerce/store/templates/store.html [1ms]
2023-06-24 18:22:05.393 [info] > git cat-file -s d6ef2450b7f0bbbbfeae9d875200c8e68dd68d83 [1ms]
2023-06-24 18:22:16.488 [info] > git config --get commit.template [3ms]
2023-06-24 18:22:16.489 [info] > git for-each-ref --format=%(refname)%00%(upstream:short)%00%(objectname)%00%(upstream:track)%00%(upstream:remotename)%00%(upstream:remoteref) refs/heads/main refs/remotes/main [1ms]
2023-06-24 18:22:16.494 [info] > git status -z -uall [1ms]
2023-06-24 18:22:42.969 [info] > git config --get commit.template [4ms]
2023-06-24 18:22:42.969 [info] > git for-each-ref --format=%(refname)%00%(upstream:short)%00%(objectname)%00%(upstream:track)%00%(upstream:remotename)%00%(upstream:remoteref) refs/heads/main refs/remotes/main [0ms]
2023-06-24 18:22:42.974 [info] > git status -z -uall [1ms]
2023-06-24 18:31:57.789 [info] > git config --get commit.template [3ms]
2023-06-24 18:31:57.789 [info] > git for-each-ref --format=%(refname)%00%(upstream:short)%00%(objectname)%00%(upstream:track)%00%(upstream:remotename)%00%(upstream:remoteref) refs/heads/main refs/remotes/main [0ms]
2023-06-24 18:31:57.794 [info] > git status -z -uall [2ms]
2023-06-24 18:33:05.734 [info] > git config --get commit.template [7ms]
2023-06-24 18:33:05.735 [info] > git for-each-ref --format=%(refname)%00%(upstream:short)%00%(objectname)%00%(upstream:track)%00%(upstream:remotename)%00%(upstream:remoteref) refs/heads/main refs/remotes/main [1ms]
2023-06-24 18:33:05.740 [info] > git status -z -uall [2ms]
2023-06-24 18:37:07.147 [info] > git rev-parse --show-toplevel [3ms]
2023-06-24 18:37:07.147 [info] fatal: not a git repository (or any parent up to mount point /)
Stopping at filesystem boundary (GIT_DISCOVERY_ACROSS_FILESYSTEM not set).
2023-06-24 18:40:51.588 [info] > git show --textconv :ecommerce/store/forms.py [6ms]
2023-06-24 18:40:51.588 [info] > git ls-files --stage -- /home/pyturtle_/Documents/ESHOPPING/ecommerce/store/forms.py [1ms]
2023-06-24 18:40:51.596 [info] > git cat-file -s 94d09f189463b8037918bf3beeac685f75671492 [2ms]
2023-06-24 18:40:52.805 [info] > git show --textconv :ecommerce/store/apps.py [6ms]
2023-06-24 18:40:52.806 [info] > git ls-files --stage -- /home/pyturtle_/Documents/ESHOPPING/ecommerce/store/apps.py [0ms]
2023-06-24 18:40:52.813 [info] > git cat-file -s 71c7880e603bbf34f7273f874eeeeeb9fdca7da2 [1ms]
2023-06-24 18:40:54.636 [info] > git show --textconv :ecommerce/store/forms.py [6ms]
2023-06-24 18:40:54.636 [info] > git ls-files --stage -- /home/pyturtle_/Documents/ESHOPPING/ecommerce/store/forms.py [1ms]
2023-06-24 18:40:54.643 [info] > git cat-file -s 94d09f189463b8037918bf3beeac685f75671492 [1ms]
2023-06-24 18:46:48.453 [info] > git config --get commit.template [5ms]
2023-06-24 18:46:48.453 [info] > git for-each-ref --format=%(refname)%00%(upstream:short)%00%(objectname)%00%(upstream:track)%00%(upstream:remotename)%00%(upstream:remoteref) refs/heads/main refs/remotes/main [1ms]
2023-06-24 18:46:48.460 [info] > git status -z -uall [2ms]
2023-06-24 18:46:57.640 [info] > git config --get commit.template [8ms]
2023-06-24 18:46:57.641 [info] > git for-each-ref --format=%(refname)%00%(upstream:short)%00%(objectname)%00%(upstream:track)%00%(upstream:remotename)%00%(upstream:remoteref) refs/heads/main refs/remotes/main [2ms]
2023-06-24 18:46:57.649 [info] > git status -z -uall [2ms]
2023-06-24 18:49:32.303 [info] > git config --get commit.template [8ms]
2023-06-24 18:49:32.304 [info] > git for-each-ref --format=%(refname)%00%(upstream:short)%00%(objectname)%00%(upstream:track)%00%(upstream:remotename)%00%(upstream:remoteref) refs/heads/main refs/remotes/main [1ms]
2023-06-24 18:49:32.310 [info] > git status -z -uall [2ms]
2023-06-24 18:57:20.258 [info] > git config --get commit.template [6ms]
2023-06-24 18:57:20.258 [info] > git for-each-ref --format=%(refname)%00%(upstream:short)%00%(objectname)%00%(upstream:track)%00%(upstream:remotename)%00%(upstream:remoteref) refs/heads/main refs/remotes/main [1ms]
2023-06-24 18:57:20.266 [info] > git status -z -uall [2ms]
2023-06-24 19:07:50.469 [info] > git config --get commit.template [9ms]
2023-06-24 19:07:50.469 [info] > git for-each-ref --format=%(refname)%00%(upstream:short)%00%(objectname)%00%(upstream:track)%00%(upstream:remotename)%00%(upstream:remoteref) refs/heads/main refs/remotes/main [0ms]
2023-06-24 19:07:50.478 [info] > git status -z -uall [2ms]
2023-06-24 19:08:17.664 [info] > git show --textconv :ecommerce/store/templates/product/product.css [4ms]
2023-06-24 19:08:17.665 [info] > git ls-files --stage -- /home/pyturtle_/Documents/ESHOPPING/ecommerce/store/templates/product/product.css [1ms]
2023-06-24 19:08:17.961 [info] > git check-ignore -v -z --stdin [1ms]
2023-06-24 19:08:18.511 [info] > git config --get commit.template [1ms]
2023-06-24 19:08:18.517 [info] > git for-each-ref --format=%(refname)%00%(upstream:short)%00%(objectname)%00%(upstream:track)%00%(upstream:remotename)%00%(upstream:remoteref) refs/heads/main refs/remotes/main [1ms]
2023-06-24 19:08:18.525 [info] > git status -z -uall [2ms]
2023-06-24 19:10:59.174 [info] > git config --get commit.template [6ms]
2023-06-24 19:10:59.174 [info] > git for-each-ref --format=%(refname)%00%(upstream:short)%00%(objectname)%00%(upstream:track)%00%(upstream:remotename)%00%(upstream:remoteref) refs/heads/main refs/remotes/main [1ms]
2023-06-24 19:10:59.182 [info] > git status -z -uall [2ms]
2023-06-24 19:13:11.048 [info] > git show --textconv :ecommerce/store/views.py [10ms]
2023-06-24 19:13:11.049 [info] > git ls-files --stage -- /home/pyturtle_/Documents/ESHOPPING/ecommerce/store/views.py [2ms]
2023-06-24 19:13:11.060 [info] > git cat-file -s bd750b82864a1d0ac3e3ab6deb0786b28f63dfab [1ms]
2023-06-24 19:14:31.435 [info] > git config --get commit.template [5ms]
2023-06-24 19:14:31.435 [info] > git for-each-ref --format=%(refname)%00%(upstream:short)%00%(objectname)%00%(upstream:track)%00%(upstream:remotename)%00%(upstream:remoteref) refs/heads/main refs/remotes/main [0ms]
2023-06-24 19:14:31.442 [info] > git status -z -uall [2ms]
2023-06-24 19:15:10.229 [info] > git config --get commit.template [6ms]
2023-06-24 19:15:10.229 [info] > git for-each-ref --format=%(refname)%00%(upstream:short)%00%(objectname)%00%(upstream:track)%00%(upstream:remotename)%00%(upstream:remoteref) refs/heads/main refs/remotes/main [1ms]
2023-06-24 19:15:10.236 [info] > git status -z -uall [1ms]
2023-06-24 19:15:22.638 [info] > git config --get commit.template [14ms]
2023-06-24 19:15:22.638 [info] > git for-each-ref --format=%(refname)%00%(upstream:short)%00%(objectname)%00%(upstream:track)%00%(upstream:remotename)%00%(upstream:remoteref) refs/heads/main refs/remotes/main [2ms]
2023-06-24 19:15:22.649 [info] > git status -z -uall [2ms]
2023-06-24 19:16:15.837 [info] > git config --get commit.template [8ms]
2023-06-24 19:16:15.837 [info] > git for-each-ref --format=%(refname)%00%(upstream:short)%00%(objectname)%00%(upstream:track)%00%(upstream:remotename)%00%(upstream:remoteref) refs/heads/main refs/remotes/main [1ms]
2023-06-24 19:16:15.844 [info] > git status -z -uall [1ms]
2023-06-24 19:16:46.579 [info] > git config --get commit.template [1ms]
2023-06-24 19:16:46.588 [info] > git for-each-ref --format=%(refname)%00%(upstream:short)%00%(objectname)%00%(upstream:track)%00%(upstream:remotename)%00%(upstream:remoteref) refs/heads/main refs/remotes/main [1ms]
2023-06-24 19:16:46.597 [info] > git status -z -uall [2ms]
2023-06-24 19:16:51.611 [info] > git config --get commit.template [1ms]
2023-06-24 19:16:51.620 [info] > git for-each-ref --format=%(refname)%00%(upstream:short)%00%(objectname)%00%(upstream:track)%00%(upstream:remotename)%00%(upstream:remoteref) refs/heads/main refs/remotes/main [0ms]
2023-06-24 19:16:51.627 [info] > git status -z -uall [2ms]
2023-06-24 19:17:28.388 [info] > git config --get commit.template [12ms]
2023-06-24 19:17:28.388 [info] > git for-each-ref --format=%(refname)%00%(upstream:short)%00%(objectname)%00%(upstream:track)%00%(upstream:remotename)%00%(upstream:remoteref) refs/heads/main refs/remotes/main [1ms]
2023-06-24 19:17:28.400 [info] > git status -z -uall [2ms]
2023-06-24 19:17:33.415 [info] > git config --get commit.template [5ms]
2023-06-24 19:17:33.415 [info] > git for-each-ref --format=%(refname)%00%(upstream:short)%00%(objectname)%00%(upstream:track)%00%(upstream:remotename)%00%(upstream:remoteref) refs/heads/main refs/remotes/main [0ms]
2023-06-24 19:17:33.421 [info] > git status -z -uall [1ms]
2023-06-24 19:17:46.534 [info] > git config --get commit.template [9ms]
2023-06-24 19:17:46.534 [info] > git for-each-ref --format=%(refname)%00%(upstream:short)%00%(objectname)%00%(upstream:track)%00%(upstream:remotename)%00%(upstream:remoteref) refs/heads/main refs/remotes/main [0ms]
2023-06-24 19:17:46.545 [info] > git status -z -uall [1ms]
2023-06-24 19:17:55.266 [info] > git config --get commit.template [10ms]
2023-06-24 19:17:55.266 [info] > git for-each-ref --format=%(refname)%00%(upstream:short)%00%(objectname)%00%(upstream:track)%00%(upstream:remotename)%00%(upstream:remoteref) refs/heads/main refs/remotes/main [1ms]
2023-06-24 19:17:55.275 [info] > git status -z -uall [2ms]
2023-06-24 19:18:43.627 [info] > git config --get commit.template [8ms]
2023-06-24 19:18:43.627 [info] > git for-each-ref --format=%(refname)%00%(upstream:short)%00%(objectname)%00%(upstream:track)%00%(upstream:remotename)%00%(upstream:remoteref) refs/heads/main refs/remotes/main [1ms]
2023-06-24 19:18:43.636 [info] > git status -z -uall [2ms]
2023-06-24 19:18:59.448 [info] > git config --get commit.template [9ms]
2023-06-24 19:18:59.448 [info] > git for-each-ref --format=%(refname)%00%(upstream:short)%00%(objectname)%00%(upstream:track)%00%(upstream:remotename)%00%(upstream:remoteref) refs/heads/main refs/remotes/main [1ms]
2023-06-24 19:18:59.460 [info] > git status -z -uall [2ms]
2023-06-24 19:19:44.087 [info] > git config --get commit.template [10ms]
2023-06-24 19:19:44.087 [info] > git for-each-ref --format=%(refname)%00%(upstream:short)%00%(objectname)%00%(upstream:track)%00%(upstream:remotename)%00%(upstream:remoteref) refs/heads/main refs/remotes/main [1ms]
2023-06-24 19:19:44.096 [info] > git status -z -uall [2ms]
2023-06-24 19:20:10.234 [info] > git config --get commit.template [9ms]
2023-06-24 19:20:10.235 [info] > git for-each-ref --format=%(refname)%00%(upstream:short)%00%(objectname)%00%(upstream:track)%00%(upstream:remotename)%00%(upstream:remoteref) refs/heads/main refs/remotes/main [2ms]
2023-06-24 19:20:10.246 [info] > git status -z -uall [3ms]
2023-06-24 19:20:38.968 [info] > git config --get commit.template [11ms]
2023-06-24 19:20:38.968 [info] > git for-each-ref --format=%(refname)%00%(upstream:short)%00%(objectname)%00%(upstream:track)%00%(upstream:remotename)%00%(upstream:remoteref) refs/heads/main refs/remotes/main [1ms]
2023-06-24 19:20:38.982 [info] > git status -z -uall [2ms]
2023-06-24 19:21:11.618 [info] > git config --get commit.template [8ms]
2023-06-24 19:21:11.618 [info] > git for-each-ref --format=%(refname)%00%(upstream:short)%00%(objectname)%00%(upstream:track)%00%(upstream:remotename)%00%(upstream:remoteref) refs/heads/main refs/remotes/main [1ms]
2023-06-24 19:21:11.629 [info] > git status -z -uall [2ms]
2023-06-24 19:21:33.695 [info] > git config --get commit.template [6ms]
2023-06-24 19:21:33.696 [info] > git for-each-ref --format=%(refname)%00%(upstream:short)%00%(objectname)%00%(upstream:track)%00%(upstream:remotename)%00%(upstream:remoteref) refs/heads/main refs/remotes/main [0ms]
2023-06-24 19:21:33.710 [info] > git status -z -uall [2ms]
2023-06-24 19:22:56.432 [info] > git config --get commit.template [1ms]
2023-06-24 19:22:56.441 [info] > git for-each-ref --format=%(refname)%00%(upstream:short)%00%(objectname)%00%(upstream:track)%00%(upstream:remotename)%00%(upstream:remoteref) refs/heads/main refs/remotes/main [0ms]
2023-06-24 19:22:56.449 [info] > git status -z -uall [2ms]
2023-06-24 19:23:01.421 [info] > git check-ignore -v -z --stdin [1ms]
2023-06-24 19:23:06.454 [info] > git show --textconv :ecommerce/store/templates/store/templates/product/product.css [9ms]
2023-06-24 19:23:06.455 [info] > git ls-files --stage -- /home/pyturtle_/Documents/ESHOPPING/ecommerce/store/templates/store/templates/product/product.css [2ms]
2023-06-24 19:23:07.267 [info] > git config --get commit.template [7ms]
2023-06-24 19:23:07.267 [info] > git for-each-ref --format=%(refname)%00%(upstream:short)%00%(objectname)%00%(upstream:track)%00%(upstream:remotename)%00%(upstream:remoteref) refs/heads/main refs/remotes/main [1ms]
2023-06-24 19:23:07.275 [info] > git status -z -uall [3ms]
2023-06-24 19:23:18.789 [info] > git config --get commit.template [11ms]
2023-06-24 19:23:18.789 [info] > git for-each-ref --format=%(refname)%00%(upstream:short)%00%(objectname)%00%(upstream:track)%00%(upstream:remotename)%00%(upstream:remoteref) refs/heads/main refs/remotes/main [0ms]
2023-06-24 19:23:18.800 [info] > git status -z -uall [2ms]
2023-06-24 19:23:23.823 [info] > git config --get commit.template [9ms]
2023-06-24 19:23:23.823 [info] > git for-each-ref --format=%(refname)%00%(upstream:short)%00%(objectname)%00%(upstream:track)%00%(upstream:remotename)%00%(upstream:remoteref) refs/heads/main refs/remotes/main [1ms]
2023-06-24 19:23:23.834 [info] > git status -z -uall [2ms]
2023-06-24 19:23:40.444 [info] > git config --get commit.template [8ms]
2023-06-24 19:23:40.445 [info] > git for-each-ref --format=%(refname)%00%(upstream:short)%00%(objectname)%00%(upstream:track)%00%(upstream:remotename)%00%(upstream:remoteref) refs/heads/main refs/remotes/main [0ms]
2023-06-24 19:23:40.455 [info] > git status -z -uall [3ms]
2023-06-24 19:23:46.058 [info] > git config --get commit.template [12ms]
2023-06-24 19:23:46.058 [info] > git for-each-ref --format=%(refname)%00%(upstream:short)%00%(objectname)%00%(upstream:track)%00%(upstream:remotename)%00%(upstream:remoteref) refs/heads/main refs/remotes/main [1ms]
2023-06-24 19:23:46.071 [info] > git status -z -uall [3ms]
2023-06-24 19:23:46.419 [info] > git show --textconv :ecommerce/store/templates/registration/logged_out.html [13ms]
2023-06-24 19:23:46.420 [info] > git ls-files --stage -- /home/pyturtle_/Documents/ESHOPPING/ecommerce/store/templates/registration/logged_out.html [1ms]
2023-06-24 19:23:46.430 [info] > git cat-file -s 4db1d97219a4ea179946057b439868ef4ef40fcd [2ms]
2023-06-24 19:24:11.433 [info] > git config --get commit.template [2ms]
2023-06-24 19:24:11.441 [info] > git for-each-ref --format=%(refname)%00%(upstream:short)%00%(objectname)%00%(upstream:track)%00%(upstream:remotename)%00%(upstream:remoteref) refs/heads/main refs/remotes/main [1ms]
2023-06-24 19:24:11.449 [info] > git status -z -uall [2ms]
2023-06-24 19:24:22.341 [info] > git check-ignore -v -z --stdin [1ms]
2023-06-24 19:24:32.570 [info] > git config --get commit.template [6ms]
2023-06-24 19:24:32.571 [info] > git for-each-ref --format=%(refname)%00%(upstream:short)%00%(objectname)%00%(upstream:track)%00%(upstream:remotename)%00%(upstream:remoteref) refs/heads/main refs/remotes/main [0ms]
2023-06-24 19:24:32.579 [info] > git status -z -uall [1ms]
2023-06-24 19:25:07.693 [info] > git check-ignore -v -z --stdin [1ms]
2023-06-24 19:25:08.227 [info] > git config --get commit.template [7ms]
2023-06-24 19:25:08.227 [info] > git for-each-ref --format=%(refname)%00%(upstream:short)%00%(objectname)%00%(upstream:track)%00%(upstream:remotename)%00%(upstream:remoteref) refs/heads/main refs/remotes/main [1ms]
2023-06-24 19:25:08.235 [info] > git status -z -uall [2ms]
2023-06-24 19:26:13.197 [info] > git config --get commit.template [11ms]
2023-06-24 19:26:13.198 [info] > git for-each-ref --format=%(refname)%00%(upstream:short)%00%(objectname)%00%(upstream:track)%00%(upstream:remotename)%00%(upstream:remoteref) refs/heads/main refs/remotes/main [2ms]
2023-06-24 19:26:13.210 [info] > git status -z -uall [1ms]
2023-06-24 19:27:23.594 [info] > git show --textconv :ecommerce/store/static/css/style.scss [9ms]
2023-06-24 19:27:23.595 [info] > git ls-files --stage -- /home/pyturtle_/Documents/ESHOPPING/ecommerce/store/static/css/style.scss [2ms]
2023-06-24 19:27:23.607 [info] > git cat-file -s e69de29bb2d1d6434b8b29ae775ad8c2e48c5391 [2ms]
2023-06-24 19:27:25.542 [info] > git show --textconv :ecommerce/store/static/css/product.css [8ms]
2023-06-24 19:27:25.542 [info] > git ls-files --stage -- /home/pyturtle_/Documents/ESHOPPING/ecommerce/store/static/css/product.css [0ms]
2023-06-24 19:27:43.056 [info] > git config --get commit.template [10ms]
2023-06-24 19:27:43.056 [info] > git for-each-ref --format=%(refname)%00%(upstream:short)%00%(objectname)%00%(upstream:track)%00%(upstream:remotename)%00%(upstream:remoteref) refs/heads/main refs/remotes/main [1ms]
2023-06-24 19:27:43.068 [info] > git status -z -uall [2ms]
2023-06-24 19:27:56.197 [info] > git config --get commit.template [5ms]
2023-06-24 19:27:56.197 [info] > git for-each-ref --format=%(refname)%00%(upstream:short)%00%(objectname)%00%(upstream:track)%00%(upstream:remotename)%00%(upstream:remoteref) refs/heads/main refs/remotes/main [1ms]
2023-06-24 19:27:56.205 [info] > git status -z -uall [1ms]
2023-06-24 19:28:01.222 [info] > git config --get commit.template [6ms]
2023-06-24 19:28:01.223 [info] > git for-each-ref --format=%(refname)%00%(upstream:short)%00%(objectname)%00%(upstream:track)%00%(upstream:remotename)%00%(upstream:remoteref) refs/heads/main refs/remotes/main [1ms]
2023-06-24 19:28:01.228 [info] > git status -z -uall [1ms]
2023-06-24 19:28:32.598 [info] > git config --get commit.template [6ms]
2023-06-24 19:28:32.598 [info] > git for-each-ref --format=%(refname)%00%(upstream:short)%00%(objectname)%00%(upstream:track)%00%(upstream:remotename)%00%(upstream:remoteref) refs/heads/main refs/remotes/main [0ms]
2023-06-24 19:28:32.606 [info] > git status -z -uall [2ms]
2023-06-24 19:28:43.996 [info] > git config --get commit.template [10ms]
2023-06-24 19:28:43.996 [info] > git for-each-ref --format=%(refname)%00%(upstream:short)%00%(objectname)%00%(upstream:track)%00%(upstream:remotename)%00%(upstream:remoteref) refs/heads/main refs/remotes/main [1ms]
2023-06-24 19:28:44.008 [info] > git status -z -uall [2ms]
2023-06-24 19:29:00.217 [info] > git config --get commit.template [4ms]
2023-06-24 19:29:00.217 [info] > git for-each-ref --format=%(refname)%00%(upstream:short)%00%(objectname)%00%(upstream:track)%00%(upstream:remotename)%00%(upstream:remoteref) refs/heads/main refs/remotes/main [1ms]
2023-06-24 19:29:00.223 [info] > git status -z -uall [2ms]
2023-06-24 19:29:05.244 [info] > git config --get commit.template [9ms]
2023-06-24 19:29:05.245 [info] > git for-each-ref --format=%(refname)%00%(upstream:short)%00%(objectname)%00%(upstream:track)%00%(upstream:remotename)%00%(upstream:remoteref) refs/heads/main refs/remotes/main [2ms]
2023-06-24 19:29:05.254 [info] > git status -z -uall [2ms]
2023-06-24 19:29:23.599 [info] > git config --get commit.template [11ms]
2023-06-24 19:29:23.600 [info] > git for-each-ref --format=%(refname)%00%(upstream:short)%00%(objectname)%00%(upstream:track)%00%(upstream:remotename)%00%(upstream:remoteref) refs/heads/main refs/remotes/main [2ms]
2023-06-24 19:29:23.610 [info] > git status -z -uall [2ms]
2023-06-24 19:29:34.889 [info] > git config --get commit.template [9ms]
2023-06-24 19:29:34.890 [info] > git for-each-ref --format=%(refname)%00%(upstream:short)%00%(objectname)%00%(upstream:track)%00%(upstream:remotename)%00%(upstream:remoteref) refs/heads/main refs/remotes/main [1ms]
2023-06-24 19:29:34.898 [info] > git status -z -uall [2ms]
2023-06-24 19:29:47.307 [info] > git config --get commit.template [9ms]
2023-06-24 19:29:47.308 [info] > git for-each-ref --format=%(refname)%00%(upstream:short)%00%(objectname)%00%(upstream:track)%00%(upstream:remotename)%00%(upstream:remoteref) refs/heads/main refs/remotes/main [1ms]
2023-06-24 19:29:47.319 [info] > git status -z -uall [2ms]
2023-06-24 19:30:00.143 [info] > git config --get commit.template [8ms]
2023-06-24 19:30:00.143 [info] > git for-each-ref --format=%(refname)%00%(upstream:short)%00%(objectname)%00%(upstream:track)%00%(upstream:remotename)%00%(upstream:remoteref) refs/heads/main refs/remotes/main [1ms]
2023-06-24 19:30:00.151 [info] > git status -z -uall [1ms]
2023-06-24 19:30:18.264 [info] > git config --get commit.template [8ms]
2023-06-24 19:30:18.264 [info] > git for-each-ref --format=%(refname)%00%(upstream:short)%00%(objectname)%00%(upstream:track)%00%(upstream:remotename)%00%(upstream:remoteref) refs/heads/main refs/remotes/main [0ms]
2023-06-24 19:30:18.273 [info] > git status -z -uall [2ms]
2023-06-24 19:30:50.419 [info] > git config --get commit.template [8ms]
2023-06-24 19:30:50.420 [info] > git for-each-ref --format=%(refname)%00%(upstream:short)%00%(objectname)%00%(upstream:track)%00%(upstream:remotename)%00%(upstream:remoteref) refs/heads/main refs/remotes/main [1ms]
2023-06-24 19:30:50.427 [info] > git status -z -uall [2ms]
2023-06-24 19:31:24.151 [info] > git config --get commit.template [10ms]
2023-06-24 19:31:24.151 [info] > git for-each-ref --format=%(refname)%00%(upstream:short)%00%(objectname)%00%(upstream:track)%00%(upstream:remotename)%00%(upstream:remoteref) refs/heads/main refs/remotes/main [1ms]
2023-06-24 19:31:24.163 [info] > git status -z -uall [2ms]
2023-06-24 19:31:33.669 [info] > git config --get commit.template [6ms]
2023-06-24 19:31:33.670 [info] > git for-each-ref --format=%(refname)%00%(upstream:short)%00%(objectname)%00%(upstream:track)%00%(upstream:remotename)%00%(upstream:remoteref) refs/heads/main refs/remotes/main [1ms]
2023-06-24 19:31:33.679 [info] > git status -z -uall [2ms]
2023-06-24 19:31:41.095 [info] > git config --get commit.template [9ms]
2023-06-24 19:31:41.096 [info] > git for-each-ref --format=%(refname)%00%(upstream:short)%00%(objectname)%00%(upstream:track)%00%(upstream:remotename)%00%(upstream:remoteref) refs/heads/main refs/remotes/main [1ms]
2023-06-24 19:31:41.103 [info] > git status -z -uall [2ms]
2023-06-24 19:35:31.896 [info] > git config --get commit.template [7ms]
2023-06-24 19:35:31.896 [info] > git for-each-ref --format=%(refname)%00%(upstream:short)%00%(objectname)%00%(upstream:track)%00%(upstream:remotename)%00%(upstream:remoteref) refs/heads/main refs/remotes/main [1ms]
2023-06-24 19:35:31.905 [info] > git status -z -uall [1ms]
2023-06-24 19:35:59.942 [info] > git config --get commit.template [1ms]
2023-06-24 19:35:59.953 [info] > git for-each-ref --format=%(refname)%00%(upstream:short)%00%(objectname)%00%(upstream:track)%00%(upstream:remotename)%00%(upstream:remoteref) refs/heads/main refs/remotes/main [1ms]
2023-06-24 19:35:59.966 [info] > git status -z -uall [3ms]
2023-06-24 19:38:24.537 [info] > git config --get commit.template [8ms]
2023-06-24 19:38:24.537 [info] > git for-each-ref --format=%(refname)%00%(upstream:short)%00%(objectname)%00%(upstream:track)%00%(upstream:remotename)%00%(upstream:remoteref) refs/heads/main refs/remotes/main [1ms]
2023-06-24 19:38:24.547 [info] > git status -z -uall [2ms]
2023-06-24 19:38:36.540 [info] > git config --get commit.template [9ms]
2023-06-24 19:38:36.540 [info] > git for-each-ref --format=%(refname)%00%(upstream:short)%00%(objectname)%00%(upstream:track)%00%(upstream:remotename)%00%(upstream:remoteref) refs/heads/main refs/remotes/main [1ms]
2023-06-24 19:38:36.553 [info] > git status -z -uall [3ms]
2023-06-24 19:38:46.062 [info] > git config --get commit.template [15ms]
2023-06-24 19:38:46.062 [info] > git for-each-ref --format=%(refname)%00%(upstream:short)%00%(objectname)%00%(upstream:track)%00%(upstream:remotename)%00%(upstream:remoteref) refs/heads/main refs/remotes/main [1ms]
2023-06-24 19:38:46.081 [info] > git status -z -uall [4ms]
2023-06-24 19:38:54.287 [info] > git config --get commit.template [14ms]
2023-06-24 19:38:54.288 [info] > git for-each-ref --format=%(refname)%00%(upstream:short)%00%(objectname)%00%(upstream:track)%00%(upstream:remotename)%00%(upstream:remoteref) refs/heads/main refs/remotes/main [1ms]
2023-06-24 19:38:54.301 [info] > git status -z -uall [3ms]
2023-06-24 19:39:00.952 [info] > git config --get commit.template [17ms]
2023-06-24 19:39:00.952 [info] > git for-each-ref --format=%(refname)%00%(upstream:short)%00%(objectname)%00%(upstream:track)%00%(upstream:remotename)%00%(upstream:remoteref) refs/heads/main refs/remotes/main [1ms]
2023-06-24 19:39:00.966 [info] > git status -z -uall [2ms]
2023-06-24 19:39:09.687 [info] > git config --get commit.template [13ms]
2023-06-24 19:39:09.688 [info] > git for-each-ref --format=%(refname)%00%(upstream:short)%00%(objectname)%00%(upstream:track)%00%(upstream:remotename)%00%(upstream:remoteref) refs/heads/main refs/remotes/main [1ms]
2023-06-24 19:39:09.702 [info] > git status -z -uall [4ms]
2023-06-24 19:39:27.543 [info] > git config --get commit.template [11ms]
2023-06-24 19:39:27.543 [info] > git for-each-ref --format=%(refname)%00%(upstream:short)%00%(objectname)%00%(upstream:track)%00%(upstream:remotename)%00%(upstream:remoteref) refs/heads/main refs/remotes/main [1ms]
2023-06-24 19:39:27.552 [info] > git status -z -uall [1ms]
2023-06-24 19:39:46.525 [info] > git config --get commit.template [14ms]
2023-06-24 19:39:46.526 [info] > git for-each-ref --format=%(refname)%00%(upstream:short)%00%(objectname)%00%(upstream:track)%00%(upstream:remotename)%00%(upstream:remoteref) refs/heads/main refs/remotes/main [1ms]
2023-06-24 19:39:46.540 [info] > git status -z -uall [2ms]
2023-06-24 19:43:16.987 [info] > git config --get commit.template [8ms]
2023-06-24 19:43:16.988 [info] > git for-each-ref --format=%(refname)%00%(upstream:short)%00%(objectname)%00%(upstream:track)%00%(upstream:remotename)%00%(upstream:remoteref) refs/heads/main refs/remotes/main [2ms]
2023-06-24 19:43:17.005 [info] > git status -z -uall [3ms]
2023-06-24 19:43:59.669 [info] > git config --get commit.template [12ms]
2023-06-24 19:43:59.670 [info] > git for-each-ref --format=%(refname)%00%(upstream:short)%00%(objectname)%00%(upstream:track)%00%(upstream:remotename)%00%(upstream:remoteref) refs/heads/main refs/remotes/main [1ms]
2023-06-24 19:43:59.683 [info] > git status -z -uall [3ms]
2023-06-24 19:44:20.201 [info] > git config --get commit.template [9ms]
2023-06-24 19:44:20.201 [info] > git for-each-ref --format=%(refname)%00%(upstream:short)%00%(objectname)%00%(upstream:track)%00%(upstream:remotename)%00%(upstream:remoteref) refs/heads/main refs/remotes/main [1ms]
2023-06-24 19:44:20.209 [info] > git status -z -uall [1ms]
2023-06-24 19:44:34.016 [info] > git config --get commit.template [7ms]
2023-06-24 19:44:34.016 [info] > git for-each-ref --format=%(refname)%00%(upstream:short)%00%(objectname)%00%(upstream:track)%00%(upstream:remotename)%00%(upstream:remoteref) refs/heads/main refs/remotes/main [1ms]
2023-06-24 19:44:34.025 [info] > git status -z -uall [2ms]
2023-06-24 19:44:51.569 [info] > git config --get commit.template [14ms]
2023-06-24 19:44:51.570 [info] > git for-each-ref --format=%(refname)%00%(upstream:short)%00%(objectname)%00%(upstream:track)%00%(upstream:remotename)%00%(upstream:remoteref) refs/heads/main refs/remotes/main [2ms]
2023-06-24 19:44:51.583 [info] > git status -z -uall [2ms]
2023-06-24 19:45:38.545 [info] > git config --get commit.template [14ms]
2023-06-24 19:45:38.546 [info] > git for-each-ref --format=%(refname)%00%(upstream:short)%00%(objectname)%00%(upstream:track)%00%(upstream:remotename)%00%(upstream:remoteref) refs/heads/main refs/remotes/main [2ms]
2023-06-24 19:45:38.557 [info] > git status -z -uall [2ms]
2023-06-24 19:46:05.238 [info] > git config --get commit.template [8ms]
2023-06-24 19:46:05.239 [info] > git for-each-ref --format=%(refname)%00%(upstream:short)%00%(objectname)%00%(upstream:track)%00%(upstream:remotename)%00%(upstream:remoteref) refs/heads/main refs/remotes/main [1ms]
2023-06-24 19:46:05.249 [info] > git status -z -uall [2ms]
2023-06-24 19:46:13.454 [info] > git config --get commit.template [8ms]
2023-06-24 19:46:13.454 [info] > git for-each-ref --format=%(refname)%00%(upstream:short)%00%(objectname)%00%(upstream:track)%00%(upstream:remotename)%00%(upstream:remoteref) refs/heads/main refs/remotes/main [0ms]
2023-06-24 19:46:13.463 [info] > git status -z -uall [2ms]
2023-06-24 19:47:18.630 [info] > git config --get commit.template [8ms]
2023-06-24 19:47:18.631 [info] > git for-each-ref --format=%(refname)%00%(upstream:short)%00%(objectname)%00%(upstream:track)%00%(upstream:remotename)%00%(upstream:remoteref) refs/heads/main refs/remotes/main [2ms]
2023-06-24 19:47:18.641 [info] > git status -z -uall [2ms]
2023-06-24 19:48:04.598 [info] > git config --get commit.template [1ms]
2023-06-24 19:48:04.606 [info] > git for-each-ref --format=%(refname)%00%(upstream:short)%00%(objectname)%00%(upstream:track)%00%(upstream:remotename)%00%(upstream:remoteref) refs/heads/main refs/remotes/main [1ms]
2023-06-24 19:48:04.613 [info] > git status -z -uall [2ms]
2023-06-24 19:49:45.636 [info] > git config --get commit.template [13ms]
2023-06-24 19:49:45.636 [info] > git for-each-ref --format=%(refname)%00%(upstream:short)%00%(objectname)%00%(upstream:track)%00%(upstream:remotename)%00%(upstream:remoteref) refs/heads/main refs/remotes/main [1ms]
2023-06-24 19:49:45.648 [info] > git status -z -uall [2ms]
2023-06-24 19:53:38.519 [info] > git config --get commit.template [1ms]
2023-06-24 19:53:38.528 [info] > git for-each-ref --format=%(refname)%00%(upstream:short)%00%(objectname)%00%(upstream:track)%00%(upstream:remotename)%00%(upstream:remoteref) refs/heads/main refs/remotes/main [1ms]
2023-06-24 19:53:38.537 [info] > git status -z -uall [1ms]
2023-06-24 19:53:58.190 [info] > git config --get commit.template [7ms]
2023-06-24 19:53:58.190 [info] > git for-each-ref --format=%(refname)%00%(upstream:short)%00%(objectname)%00%(upstream:track)%00%(upstream:remotename)%00%(upstream:remoteref) refs/heads/main refs/remotes/main [1ms]
2023-06-24 19:53:58.197 [info] > git status -z -uall [1ms]
2023-06-24 19:54:16.979 [info] > git config --get commit.template [6ms]
2023-06-24 19:54:16.980 [info] > git for-each-ref --format=%(refname)%00%(upstream:short)%00%(objectname)%00%(upstream:track)%00%(upstream:remotename)%00%(upstream:remoteref) refs/heads/main refs/remotes/main [1ms]
2023-06-24 19:54:16.988 [info] > git status -z -uall [1ms]
2023-06-24 19:55:37.314 [info] > git show --textconv :ecommerce/store/templates/registration/logged_out.html [9ms]
2023-06-24 19:55:37.314 [info] > git ls-files --stage -- /home/pyturtle_/Documents/ESHOPPING/ecommerce/store/templates/registration/logged_out.html [1ms]
2023-06-24 19:55:37.326 [info] > git cat-file -s 4db1d97219a4ea179946057b439868ef4ef40fcd [1ms]
2023-06-24 19:55:40.662 [info] > git check-ignore -v -z --stdin [1ms]
2023-06-24 19:55:46.327 [info] > git show --textconv :ecommerce/store/admin.py [5ms]
2023-06-24 19:55:46.328 [info] > git ls-files --stage -- /home/pyturtle_/Documents/ESHOPPING/ecommerce/store/admin.py [1ms]
2023-06-24 19:55:46.336 [info] > git cat-file -s 8c38f3f3dad51e4585f3984282c2a4bec5349c1e [2ms]
2023-06-24 19:59:26.296 [info] > git config --get commit.template [5ms]
2023-06-24 19:59:26.297 [info] > git for-each-ref --format=%(refname)%00%(upstream:short)%00%(objectname)%00%(upstream:track)%00%(upstream:remotename)%00%(upstream:remoteref) refs/heads/main refs/remotes/main [1ms]
2023-06-24 19:59:26.305 [info] > git status -z -uall [2ms]
2023-06-24 19:59:55.000 [info] > git config --get commit.template [9ms]
2023-06-24 19:59:55.000 [info] > git for-each-ref --format=%(refname)%00%(upstream:short)%00%(objectname)%00%(upstream:track)%00%(upstream:remotename)%00%(upstream:remoteref) refs/heads/main refs/remotes/main [1ms]
2023-06-24 19:59:55.008 [info] > git status -z -uall [1ms]
2023-06-24 20:00:29.648 [info] > git config --get commit.template [9ms]
2023-06-24 20:00:29.648 [info] > git for-each-ref --format=%(refname)%00%(upstream:short)%00%(objectname)%00%(upstream:track)%00%(upstream:remotename)%00%(upstream:remoteref) refs/heads/main refs/remotes/main [1ms]
2023-06-24 20:00:29.661 [info] > git status -z -uall [3ms]
2023-06-24 20:01:26.610 [info] > git config --get commit.template [13ms]
2023-06-24 20:01:26.610 [info] > git for-each-ref --format=%(refname)%00%(upstream:short)%00%(objectname)%00%(upstream:track)%00%(upstream:remotename)%00%(upstream:remoteref) refs/heads/main refs/remotes/main [1ms]
2023-06-24 20:01:26.622 [info] > git status -z -uall [2ms]
2023-06-24 20:01:31.645 [info] > git config --get commit.template [8ms]
2023-06-24 20:01:31.645 [info] > git for-each-ref --format=%(refname)%00%(upstream:short)%00%(objectname)%00%(upstream:track)%00%(upstream:remotename)%00%(upstream:remoteref) refs/heads/main refs/remotes/main [1ms]
2023-06-24 20:01:31.656 [info] > git status -z -uall [2ms]
2023-06-24 20:05:11.250 [info] > git config --get commit.template [6ms]
2023-06-24 20:05:11.251 [info] > git for-each-ref --format=%(refname)%00%(upstream:short)%00%(objectname)%00%(upstream:track)%00%(upstream:remotename)%00%(upstream:remoteref) refs/heads/main refs/remotes/main [1ms]
2023-06-24 20:05:11.259 [info] > git status -z -uall [1ms]
2023-06-24 20:06:36.426 [info] > git config --get commit.template [6ms]
2023-06-24 20:06:36.426 [info] > git for-each-ref --format=%(refname)%00%(upstream:short)%00%(objectname)%00%(upstream:track)%00%(upstream:remotename)%00%(upstream:remoteref) refs/heads/main refs/remotes/main [1ms]
2023-06-24 20:06:36.432 [info] > git status -z -uall [1ms]
2023-06-24 20:09:36.832 [info] > git config --get commit.template [7ms]
2023-06-24 20:09:36.833 [info] > git for-each-ref --format=%(refname)%00%(upstream:short)%00%(objectname)%00%(upstream:track)%00%(upstream:remotename)%00%(upstream:remoteref) refs/heads/main refs/remotes/main [1ms]
2023-06-24 20:09:36.841 [info] > git status -z -uall [2ms]
2023-06-24 20:09:40.014 [info] > git check-ignore -v -z --stdin [1ms]
2023-06-24 20:09:41.859 [info] > git config --get commit.template [7ms]
2023-06-24 20:09:41.859 [info] > git for-each-ref --format=%(refname)%00%(upstream:short)%00%(objectname)%00%(upstream:track)%00%(upstream:remotename)%00%(upstream:remoteref) refs/heads/main refs/remotes/main [1ms]
2023-06-24 20:09:41.867 [info] > git status -z -uall [1ms]
2023-06-24 20:10:03.162 [info] > git config --get commit.template [6ms]
2023-06-24 20:10:03.162 [info] > git for-each-ref --format=%(refname)%00%(upstream:short)%00%(objectname)%00%(upstream:track)%00%(upstream:remotename)%00%(upstream:remoteref) refs/heads/main refs/remotes/main [1ms]
2023-06-24 20:10:03.168 [info] > git status -z -uall [1ms]
