2023-08-04 12:30:08.815 [info] Log level: Info
2023-08-04 12:30:08.815 [info] Validating found git in: "git"
2023-08-04 12:30:08.815 [info] Using git "2.40.0" from "git"
2023-08-04 12:30:08.815 [info] > git rev-parse --show-toplevel [9ms]
2023-08-04 12:30:08.816 [info] > git rev-parse --git-dir --git-common-dir [1ms]
2023-08-04 12:30:08.823 [info] Open repository: /home/pyturtle_/Documents/ESHOPPING
2023-08-04 12:30:08.872 [info] > git rev-parse --show-toplevel [44ms]
2023-08-04 12:30:08.886 [info] > git config --get commit.template [53ms]
2023-08-04 12:30:08.891 [info] > git rev-parse --show-toplevel [15ms]
2023-08-04 12:30:08.903 [info] > git for-each-ref --format=%(refname)%00%(upstream:short)%00%(objectname)%00%(upstream:track)%00%(upstream:remotename)%00%(upstream:remoteref) refs/heads/main refs/remotes/main [3ms]
2023-08-04 12:30:08.909 [info] > git rev-parse --show-toplevel [13ms]
2023-08-04 12:30:08.914 [info] > git status -z -uall [6ms]
2023-08-04 12:30:08.923 [info] > git rev-parse --show-toplevel [10ms]
2023-08-04 12:30:08.929 [info] > git config --get commit.template [5ms]
2023-08-04 12:30:08.929 [info] > git rev-parse --show-toplevel [2ms]
2023-08-04 12:30:08.934 [info] > git for-each-ref --format=%(refname)%00%(upstream:short)%00%(objectname)%00%(upstream:track)%00%(upstream:remotename)%00%(upstream:remoteref) refs/heads/main refs/remotes/main [1ms]
2023-08-04 12:30:08.941 [info] > git status -z -uall [2ms]
2023-08-04 12:30:09.148 [info] > git show --textconv :ecommerce/store/static/css/product.css [7ms]
2023-08-04 12:30:09.149 [info] > git ls-files --stage -- /home/pyturtle_/Documents/ESHOPPING/ecommerce/store/static/css/product.css [2ms]
2023-08-04 12:30:09.155 [info] > git cat-file -s 7fd614c023a2e6fc7ce8f21fbeb36cc1cbfe87da [2ms]
2023-08-04 12:30:09.342 [info] > git check-ignore -v -z --stdin [1ms]
