00:00:00.000240 main     VirtualBox XPCOM Server 7.0.6 r155176 linux.amd64 (Feb 22 2023 15:36:54) release log
00:00:00.000241 main     Log opened 2023-04-17T04:24:32.641440000Z
00:00:00.000242 main     Build Type: release
00:00:00.000244 main     OS Product: Linux
00:00:00.000244 main     OS Release: 6.2.11-arch1-1
00:00:00.000245 main     OS Version: #1 SMP PREEMPT_DYNAMIC Thu, 13 Apr 2023 16:59:24 +0000
00:00:00.000261 main     DMI Product Name: Vivobook_ASUSLaptop M7400QC_M7400QC
00:00:00.000266 main     DMI Product Version: 1.0       
00:00:00.000269 main     Firmware type: UEFI
00:00:00.000436 main     Secure Boot: Disabled
00:00:00.000466 main     Host RAM: 15394MB (15.0GB) total, 8719MB (8.5GB) available
00:00:00.000468 main     Executable: /usr/lib/virtualbox/VBoxSVC
00:00:00.000469 main     Process ID: 19127
00:00:00.000469 main     Package type: LINUX_64BITS_GENERIC (OSE)
00:00:00.001626 main     IPC socket path: /tmp/.vbox-pyturtle_-ipc/ipcd
00:00:00.106495 nspr-2   VirtualBox: object creation starts
00:00:00.106574 nspr-2   Home directory: '/home/pyturtle_/.config/VirtualBox'
00:00:00.106675 nspr-2   Loading settings file "/home/pyturtle_/.config/VirtualBox/VirtualBox.xml" with version "1.12-linux"
00:00:00.115322 nspr-2   NetIfAdpCtlOut: VBoxNetAdpCtl: Error while retrieving link speed for wlan0: VBoxNetAdpCtl: ioctl failed: Operation not supported
00:00:00.115920 nspr-2   HostDnsMonitor: initializing
00:00:00.116066 nspr-2   NAT: resolv.conf: nameserver 127.0.0.53
00:00:00.116076 nspr-2   NAT: resolv.conf: ignoring "options edns0 trust-ad"
00:00:00.116082 nspr-2   HostDnsMonitor: updating information
00:00:00.116093 nspr-2   HostDnsMonitor: old information
00:00:00.116095 nspr-2     no server entries
00:00:00.116097 nspr-2     no domain set
00:00:00.116098 nspr-2     no search string entries
00:00:00.116100 nspr-2   HostDnsMonitor: new information
00:00:00.116102 nspr-2     server 1: 127.0.0.53
00:00:00.116103 nspr-2     domain: .
00:00:00.116105 nspr-2     search string 1: .
00:00:00.118102 nspr-2   Failed to open "/dev/vboxdrvu", errno=2, rc=VERR_VM_DRIVER_NOT_INSTALLED
00:00:00.118238 nspr-2   VD: VDInit finished with VINF_SUCCESS
00:00:00.118294 nspr-2   ERROR [COM]: aRC=NS_ERROR_FAILURE (0x80004005) aIID={aac6c7cb-a371-4c58-ab51-0616896b2f2c} aComponent={SystemPropertiesWrap} aText={Cannot determine default Guest Additions ISO location. Most likely they are not available}, preserve=false aResultDetail=0
00:00:00.118707 nspr-2   Loading settings file "/home/pyturtle_/VirtualBox VMs/windows/windows.vbox" with version "1.19-linux"
00:00:00.118969 nspr-2   Loading settings file "/home/pyturtle_/VirtualBox VMs/win/win.vbox" with version "1.19-linux"
00:00:00.119346 nspr-2   VirtualBox: object created
00:00:00.565956 nspr-4   WARNING [COM]: aRC=NS_ERROR_FAILURE (0x80004005) aIID={e54f6256-97a7-4947-8a78-10c013ddf4b8} aComponent={HostWrap} aText={VirtualBox is not currently allowed to access USB devices.  You can change this by adding your user to the 'vboxusers' group.  Please see the user manual for a more detailed explanation}, preserve=true aResultDetail=0
00:00:00.566995 nspr-4   WARNING [COM]: aRC=NS_ERROR_FAILURE (0x80004005) aIID={e54f6256-97a7-4947-8a78-10c013ddf4b8} aComponent={HostWrap} aText={VirtualBox is not currently allowed to access USB devices.  You can change this by adding your user to the 'vboxusers' group.  Please see the user manual for a more detailed explanation}, preserve=false aResultDetail=0
00:00:00.590628 nspr-4   ERROR [COM]: aRC=VBOX_E_INVALID_VM_STATE (0x80bb0002) aIID={300763af-5d6b-46e6-aa96-273eac15538a} aComponent={MachineWrap} aText={The machine is not mutable (state is PoweredOff)}, preserve=false aResultDetail=0
00:00:00.591226 nspr-4   Failed to open "/dev/vboxdrvu", errno=2, rc=VERR_VM_DRIVER_NOT_INSTALLED
00:00:00.698325 nspr-3   WARNING [COM]: aRC=NS_ERROR_FAILURE (0x80004005) aIID={e54f6256-97a7-4947-8a78-10c013ddf4b8} aComponent={HostWrap} aText={VirtualBox is not currently allowed to access USB devices.  You can change this by adding your user to the 'vboxusers' group.  Please see the user manual for a more detailed explanation}, preserve=true aResultDetail=0
00:00:00.699009 nspr-3   WARNING [COM]: aRC=NS_ERROR_FAILURE (0x80004005) aIID={e54f6256-97a7-4947-8a78-10c013ddf4b8} aComponent={HostWrap} aText={VirtualBox is not currently allowed to access USB devices.  You can change this by adding your user to the 'vboxusers' group.  Please see the user manual for a more detailed explanation}, preserve=true aResultDetail=0
