Code - OSS (1.77.1, undefined, desktop)
Jupyter Extension Version: 2023.3.100.
Python Extension Version: 2023.6.1.
Workspace folder /home/pyturtle_/Documents/ESHOPPING/ecommerce
error 18:08:41.131: Failure during activation. [Error: Extension 'ms-toolsai.jupyter' CANNOT use API proposal: notebookCellExecutionState.
Its package.json#enabledApiProposals-property declares:  but NOT notebookCellExecutionState.
 The missing proposal MUST be added and you must start in extension development mode or use the following command line switch: --enable-proposed-api ms-toolsai.jupyter
	at C (/usr/lib/code/out/vs/workbench/api/node/extensionHostProcess.js:94:44957)
	at Mc.onDidChangeNotebookCellExecutionState (/usr/lib/code/out/vs/workbench/api/node/extensionHostProcess.js:114:45108)
	at new PC (/home/pyturtle_/.vscode-oss/extensions/ms-toolsai.jupyter-2023.3.100-universal/out/extension.node.js:24:433687)
	at f (/home/pyturtle_/.vscode-oss/extensions/ms-toolsai.jupyter-2023.3.100-universal/out/extension.node.js:2:544291)
	at /home/pyturtle_/.vscode-oss/extensions/ms-toolsai.jupyter-2023.3.100-universal/out/extension.node.js:2:546181
	at t.resolveInstance (/home/pyturtle_/.vscode-oss/extensions/ms-toolsai.jupyter-2023.3.100-universal/out/extension.node.js:2:546208)
	at /home/pyturtle_/.vscode-oss/extensions/ms-toolsai.jupyter-2023.3.100-universal/out/extension.node.js:2:549240
	at /home/pyturtle_/.vscode-oss/extensions/ms-toolsai.jupyter-2023.3.100-universal/out/extension.node.js:2:549577
	at /home/pyturtle_/.vscode-oss/extensions/ms-toolsai.jupyter-2023.3.100-universal/out/extension.node.js:2:548900
	at y (/home/pyturtle_/.vscode-oss/extensions/ms-toolsai.jupyter-2023.3.100-universal/out/extension.node.js:2:548932)
	at /home/pyturtle_/.vscode-oss/extensions/ms-toolsai.jupyter-2023.3.100-universal/out/extension.node.js:2:548794
	at /home/pyturtle_/.vscode-oss/extensions/ms-toolsai.jupyter-2023.3.100-universal/out/extension.node.js:2:548728
	at Array.map (<anonymous>)
	at /home/pyturtle_/.vscode-oss/extensions/ms-toolsai.jupyter-2023.3.100-universal/out/extension.node.js:2:548700
	at /home/pyturtle_/.vscode-oss/extensions/ms-toolsai.jupyter-2023.3.100-universal/out/extension.node.js:2:545539
	at Array.reduce (<anonymous>)
	at /home/pyturtle_/.vscode-oss/extensions/ms-toolsai.jupyter-2023.3.100-universal/out/extension.node.js:2:545511
	at /home/pyturtle_/.vscode-oss/extensions/ms-toolsai.jupyter-2023.3.100-universal/out/extension.node.js:2:545838
	at t.resolveInstance (/home/pyturtle_/.vscode-oss/extensions/ms-toolsai.jupyter-2023.3.100-universal/out/extension.node.js:2:546208)
	at /home/pyturtle_/.vscode-oss/extensions/ms-toolsai.jupyter-2023.3.100-universal/out/extension.node.js:2:549240
	at /home/pyturtle_/.vscode-oss/extensions/ms-toolsai.jupyter-2023.3.100-universal/out/extension.node.js:2:549577
	at /home/pyturtle_/.vscode-oss/extensions/ms-toolsai.jupyter-2023.3.100-universal/out/extension.node.js:2:548900
	at y (/home/pyturtle_/.vscode-oss/extensions/ms-toolsai.jupyter-2023.3.100-universal/out/extension.node.js:2:548932)
	at /home/pyturtle_/.vscode-oss/extensions/ms-toolsai.jupyter-2023.3.100-universal/out/extension.node.js:2:548794
	at t.resolve (/home/pyturtle_/.vscode-oss/extensions/ms-toolsai.jupyter-2023.3.100-universal/out/extension.node.js:2:550764)
	at /home/pyturtle_/.vscode-oss/extensions/ms-toolsai.jupyter-2023.3.100-universal/out/extension.node.js:2:519737
	at e._get (/home/pyturtle_/.vscode-oss/extensions/ms-toolsai.jupyter-2023.3.100-universal/out/extension.node.js:2:519106)
	at e._getButThrowIfAsync (/home/pyturtle_/.vscode-oss/extensions/ms-toolsai.jupyter-2023.3.100-universal/out/extension.node.js:2:519166)
	at e.get (/home/pyturtle_/.vscode-oss/extensions/ms-toolsai.jupyter-2023.3.100-universal/out/extension.node.js:2:514861)
	at Ly.get (/home/pyturtle_/.vscode-oss/extensions/ms-toolsai.jupyter-2023.3.100-universal/out/extension.node.js:24:69994)
	at /home/pyturtle_/.vscode-oss/extensions/ms-toolsai.jupyter-2023.3.100-universal/out/extension.node.js:24:552800
	at process.processTicksAndRejections (node:internal/process/task_queues:96:5)]
error 18:08:41.135: sendStartupTelemetry() failed. [Error: Extension 'ms-toolsai.jupyter' CANNOT use API proposal: notebookCellExecutionState.
Its package.json#enabledApiProposals-property declares:  but NOT notebookCellExecutionState.
 The missing proposal MUST be added and you must start in extension development mode or use the following command line switch: --enable-proposed-api ms-toolsai.jupyter
	at C (/usr/lib/code/out/vs/workbench/api/node/extensionHostProcess.js:94:44957)
	at Mc.onDidChangeNotebookCellExecutionState (/usr/lib/code/out/vs/workbench/api/node/extensionHostProcess.js:114:45108)
	at new PC (/home/pyturtle_/.vscode-oss/extensions/ms-toolsai.jupyter-2023.3.100-universal/out/extension.node.js:24:433687)
	at f (/home/pyturtle_/.vscode-oss/extensions/ms-toolsai.jupyter-2023.3.100-universal/out/extension.node.js:2:544291)
	at /home/pyturtle_/.vscode-oss/extensions/ms-toolsai.jupyter-2023.3.100-universal/out/extension.node.js:2:546181
	at t.resolveInstance (/home/pyturtle_/.vscode-oss/extensions/ms-toolsai.jupyter-2023.3.100-universal/out/extension.node.js:2:546208)
	at /home/pyturtle_/.vscode-oss/extensions/ms-toolsai.jupyter-2023.3.100-universal/out/extension.node.js:2:549240
	at /home/pyturtle_/.vscode-oss/extensions/ms-toolsai.jupyter-2023.3.100-universal/out/extension.node.js:2:549577
	at /home/pyturtle_/.vscode-oss/extensions/ms-toolsai.jupyter-2023.3.100-universal/out/extension.node.js:2:548900
	at y (/home/pyturtle_/.vscode-oss/extensions/ms-toolsai.jupyter-2023.3.100-universal/out/extension.node.js:2:548932)
	at /home/pyturtle_/.vscode-oss/extensions/ms-toolsai.jupyter-2023.3.100-universal/out/extension.node.js:2:548794
	at /home/pyturtle_/.vscode-oss/extensions/ms-toolsai.jupyter-2023.3.100-universal/out/extension.node.js:2:548728
	at Array.map (<anonymous>)
	at /home/pyturtle_/.vscode-oss/extensions/ms-toolsai.jupyter-2023.3.100-universal/out/extension.node.js:2:548700
	at /home/pyturtle_/.vscode-oss/extensions/ms-toolsai.jupyter-2023.3.100-universal/out/extension.node.js:2:545539
	at Array.reduce (<anonymous>)
	at /home/pyturtle_/.vscode-oss/extensions/ms-toolsai.jupyter-2023.3.100-universal/out/extension.node.js:2:545511
	at /home/pyturtle_/.vscode-oss/extensions/ms-toolsai.jupyter-2023.3.100-universal/out/extension.node.js:2:545838
	at t.resolveInstance (/home/pyturtle_/.vscode-oss/extensions/ms-toolsai.jupyter-2023.3.100-universal/out/extension.node.js:2:546208)
	at /home/pyturtle_/.vscode-oss/extensions/ms-toolsai.jupyter-2023.3.100-universal/out/extension.node.js:2:549240
	at /home/pyturtle_/.vscode-oss/extensions/ms-toolsai.jupyter-2023.3.100-universal/out/extension.node.js:2:549577
	at /home/pyturtle_/.vscode-oss/extensions/ms-toolsai.jupyter-2023.3.100-universal/out/extension.node.js:2:548900
	at y (/home/pyturtle_/.vscode-oss/extensions/ms-toolsai.jupyter-2023.3.100-universal/out/extension.node.js:2:548932)
	at /home/pyturtle_/.vscode-oss/extensions/ms-toolsai.jupyter-2023.3.100-universal/out/extension.node.js:2:548794
	at t.resolve (/home/pyturtle_/.vscode-oss/extensions/ms-toolsai.jupyter-2023.3.100-universal/out/extension.node.js:2:550764)
	at /home/pyturtle_/.vscode-oss/extensions/ms-toolsai.jupyter-2023.3.100-universal/out/extension.node.js:2:519737
	at e._get (/home/pyturtle_/.vscode-oss/extensions/ms-toolsai.jupyter-2023.3.100-universal/out/extension.node.js:2:519106)
	at e._getButThrowIfAsync (/home/pyturtle_/.vscode-oss/extensions/ms-toolsai.jupyter-2023.3.100-universal/out/extension.node.js:2:519166)
	at e.get (/home/pyturtle_/.vscode-oss/extensions/ms-toolsai.jupyter-2023.3.100-universal/out/extension.node.js:2:514861)
	at Ly.get (/home/pyturtle_/.vscode-oss/extensions/ms-toolsai.jupyter-2023.3.100-universal/out/extension.node.js:24:69994)
	at /home/pyturtle_/.vscode-oss/extensions/ms-toolsai.jupyter-2023.3.100-universal/out/extension.node.js:24:552800
	at process.processTicksAndRejections (node:internal/process/task_queues:96:5)]
error 18:08:41.136: extension activation failed [Error: Extension 'ms-toolsai.jupyter' CANNOT use API proposal: notebookCellExecutionState.
Its package.json#enabledApiProposals-property declares:  but NOT notebookCellExecutionState.
 The missing proposal MUST be added and you must start in extension development mode or use the following command line switch: --enable-proposed-api ms-toolsai.jupyter
	at C (/usr/lib/code/out/vs/workbench/api/node/extensionHostProcess.js:94:44957)
	at Mc.onDidChangeNotebookCellExecutionState (/usr/lib/code/out/vs/workbench/api/node/extensionHostProcess.js:114:45108)
	at new PC (/home/pyturtle_/.vscode-oss/extensions/ms-toolsai.jupyter-2023.3.100-universal/out/extension.node.js:24:433687)
	at f (/home/pyturtle_/.vscode-oss/extensions/ms-toolsai.jupyter-2023.3.100-universal/out/extension.node.js:2:544291)
	at /home/pyturtle_/.vscode-oss/extensions/ms-toolsai.jupyter-2023.3.100-universal/out/extension.node.js:2:546181
	at t.resolveInstance (/home/pyturtle_/.vscode-oss/extensions/ms-toolsai.jupyter-2023.3.100-universal/out/extension.node.js:2:546208)
	at /home/pyturtle_/.vscode-oss/extensions/ms-toolsai.jupyter-2023.3.100-universal/out/extension.node.js:2:549240
	at /home/pyturtle_/.vscode-oss/extensions/ms-toolsai.jupyter-2023.3.100-universal/out/extension.node.js:2:549577
	at /home/pyturtle_/.vscode-oss/extensions/ms-toolsai.jupyter-2023.3.100-universal/out/extension.node.js:2:548900
	at y (/home/pyturtle_/.vscode-oss/extensions/ms-toolsai.jupyter-2023.3.100-universal/out/extension.node.js:2:548932)
	at /home/pyturtle_/.vscode-oss/extensions/ms-toolsai.jupyter-2023.3.100-universal/out/extension.node.js:2:548794
	at /home/pyturtle_/.vscode-oss/extensions/ms-toolsai.jupyter-2023.3.100-universal/out/extension.node.js:2:548728
	at Array.map (<anonymous>)
	at /home/pyturtle_/.vscode-oss/extensions/ms-toolsai.jupyter-2023.3.100-universal/out/extension.node.js:2:548700
	at /home/pyturtle_/.vscode-oss/extensions/ms-toolsai.jupyter-2023.3.100-universal/out/extension.node.js:2:545539
	at Array.reduce (<anonymous>)
	at /home/pyturtle_/.vscode-oss/extensions/ms-toolsai.jupyter-2023.3.100-universal/out/extension.node.js:2:545511
	at /home/pyturtle_/.vscode-oss/extensions/ms-toolsai.jupyter-2023.3.100-universal/out/extension.node.js:2:545838
	at t.resolveInstance (/home/pyturtle_/.vscode-oss/extensions/ms-toolsai.jupyter-2023.3.100-universal/out/extension.node.js:2:546208)
	at /home/pyturtle_/.vscode-oss/extensions/ms-toolsai.jupyter-2023.3.100-universal/out/extension.node.js:2:549240
	at /home/pyturtle_/.vscode-oss/extensions/ms-toolsai.jupyter-2023.3.100-universal/out/extension.node.js:2:549577
	at /home/pyturtle_/.vscode-oss/extensions/ms-toolsai.jupyter-2023.3.100-universal/out/extension.node.js:2:548900
	at y (/home/pyturtle_/.vscode-oss/extensions/ms-toolsai.jupyter-2023.3.100-universal/out/extension.node.js:2:548932)
	at /home/pyturtle_/.vscode-oss/extensions/ms-toolsai.jupyter-2023.3.100-universal/out/extension.node.js:2:548794
	at t.resolve (/home/pyturtle_/.vscode-oss/extensions/ms-toolsai.jupyter-2023.3.100-universal/out/extension.node.js:2:550764)
	at /home/pyturtle_/.vscode-oss/extensions/ms-toolsai.jupyter-2023.3.100-universal/out/extension.node.js:2:519737
	at e._get (/home/pyturtle_/.vscode-oss/extensions/ms-toolsai.jupyter-2023.3.100-universal/out/extension.node.js:2:519106)
	at e._getButThrowIfAsync (/home/pyturtle_/.vscode-oss/extensions/ms-toolsai.jupyter-2023.3.100-universal/out/extension.node.js:2:519166)
	at e.get (/home/pyturtle_/.vscode-oss/extensions/ms-toolsai.jupyter-2023.3.100-universal/out/extension.node.js:2:514861)
	at Ly.get (/home/pyturtle_/.vscode-oss/extensions/ms-toolsai.jupyter-2023.3.100-universal/out/extension.node.js:24:69994)
	at /home/pyturtle_/.vscode-oss/extensions/ms-toolsai.jupyter-2023.3.100-universal/out/extension.node.js:24:552800
	at process.processTicksAndRejections (node:internal/process/task_queues:96:5)]
error 18:08:41.142: Failed to active the Jupyter Extension [Error: Extension 'ms-toolsai.jupyter' CANNOT use API proposal: notebookCellExecutionState.
Its package.json#enabledApiProposals-property declares:  but NOT notebookCellExecutionState.
 The missing proposal MUST be added and you must start in extension development mode or use the following command line switch: --enable-proposed-api ms-toolsai.jupyter
	at C (/usr/lib/code/out/vs/workbench/api/node/extensionHostProcess.js:94:44957)
	at Mc.onDidChangeNotebookCellExecutionState (/usr/lib/code/out/vs/workbench/api/node/extensionHostProcess.js:114:45108)
	at new PC (/home/pyturtle_/.vscode-oss/extensions/ms-toolsai.jupyter-2023.3.100-universal/out/extension.node.js:24:433687)
	at f (/home/pyturtle_/.vscode-oss/extensions/ms-toolsai.jupyter-2023.3.100-universal/out/extension.node.js:2:544291)
	at /home/pyturtle_/.vscode-oss/extensions/ms-toolsai.jupyter-2023.3.100-universal/out/extension.node.js:2:546181
	at t.resolveInstance (/home/pyturtle_/.vscode-oss/extensions/ms-toolsai.jupyter-2023.3.100-universal/out/extension.node.js:2:546208)
	at /home/pyturtle_/.vscode-oss/extensions/ms-toolsai.jupyter-2023.3.100-universal/out/extension.node.js:2:549240
	at /home/pyturtle_/.vscode-oss/extensions/ms-toolsai.jupyter-2023.3.100-universal/out/extension.node.js:2:549577
	at /home/pyturtle_/.vscode-oss/extensions/ms-toolsai.jupyter-2023.3.100-universal/out/extension.node.js:2:548900
	at y (/home/pyturtle_/.vscode-oss/extensions/ms-toolsai.jupyter-2023.3.100-universal/out/extension.node.js:2:548932)
	at /home/pyturtle_/.vscode-oss/extensions/ms-toolsai.jupyter-2023.3.100-universal/out/extension.node.js:2:548794
	at /home/pyturtle_/.vscode-oss/extensions/ms-toolsai.jupyter-2023.3.100-universal/out/extension.node.js:2:548728
	at Array.map (<anonymous>)
	at /home/pyturtle_/.vscode-oss/extensions/ms-toolsai.jupyter-2023.3.100-universal/out/extension.node.js:2:548700
	at /home/pyturtle_/.vscode-oss/extensions/ms-toolsai.jupyter-2023.3.100-universal/out/extension.node.js:2:545539
	at Array.reduce (<anonymous>)
	at /home/pyturtle_/.vscode-oss/extensions/ms-toolsai.jupyter-2023.3.100-universal/out/extension.node.js:2:545511
	at /home/pyturtle_/.vscode-oss/extensions/ms-toolsai.jupyter-2023.3.100-universal/out/extension.node.js:2:545838
	at t.resolveInstance (/home/pyturtle_/.vscode-oss/extensions/ms-toolsai.jupyter-2023.3.100-universal/out/extension.node.js:2:546208)
	at /home/pyturtle_/.vscode-oss/extensions/ms-toolsai.jupyter-2023.3.100-universal/out/extension.node.js:2:549240
	at /home/pyturtle_/.vscode-oss/extensions/ms-toolsai.jupyter-2023.3.100-universal/out/extension.node.js:2:549577
	at /home/pyturtle_/.vscode-oss/extensions/ms-toolsai.jupyter-2023.3.100-universal/out/extension.node.js:2:548900
	at y (/home/pyturtle_/.vscode-oss/extensions/ms-toolsai.jupyter-2023.3.100-universal/out/extension.node.js:2:548932)
	at /home/pyturtle_/.vscode-oss/extensions/ms-toolsai.jupyter-2023.3.100-universal/out/extension.node.js:2:548794
	at t.resolve (/home/pyturtle_/.vscode-oss/extensions/ms-toolsai.jupyter-2023.3.100-universal/out/extension.node.js:2:550764)
	at /home/pyturtle_/.vscode-oss/extensions/ms-toolsai.jupyter-2023.3.100-universal/out/extension.node.js:2:519737
	at e._get (/home/pyturtle_/.vscode-oss/extensions/ms-toolsai.jupyter-2023.3.100-universal/out/extension.node.js:2:519106)
	at e._getButThrowIfAsync (/home/pyturtle_/.vscode-oss/extensions/ms-toolsai.jupyter-2023.3.100-universal/out/extension.node.js:2:519166)
	at e.get (/home/pyturtle_/.vscode-oss/extensions/ms-toolsai.jupyter-2023.3.100-universal/out/extension.node.js:2:514861)
	at Ly.get (/home/pyturtle_/.vscode-oss/extensions/ms-toolsai.jupyter-2023.3.100-universal/out/extension.node.js:24:69994)
	at /home/pyturtle_/.vscode-oss/extensions/ms-toolsai.jupyter-2023.3.100-universal/out/extension.node.js:24:552800
	at process.processTicksAndRejections (node:internal/process/task_queues:96:5)]
