2023-08-19 20:21:46.203 [info] Reading sessions from keychain...
2023-08-19 20:21:46.203 [info] Getting sessions for all scopes...
2023-08-19 20:21:46.203 [info] Getting sessions for all scopes...
2023-08-19 20:21:46.203 [info] Getting sessions for read:user,repo,user:email,workflow...
2023-08-19 20:21:46.203 [info] Got 0 sessions for ...
2023-08-19 20:21:46.203 [info] Got 0 sessions for ...
2023-08-19 20:21:46.203 [info] Got 0 sessions for read:user,repo,user:email,workflow...
2023-08-19 20:22:10.982 [info] Getting sessions for read:user,repo,user:email,workflow...
2023-08-19 20:22:10.983 [info] Got 0 sessions for read:user,repo,user:email,workflow...
2023-08-19 20:22:26.980 [info] Getting sessions for read:user,repo,user:email,workflow...
2023-08-19 20:22:26.980 [info] Got 0 sessions for read:user,repo,user:email,workflow...
2023-08-19 20:22:29.855 [info] Logging in for the following scopes: read:user repo user:email workflow
2023-08-19 20:22:29.860 [info] Trying with local server... (read:user repo user:email workflow)
2023-08-19 20:22:44.265 [info] Exchanging code for token...
2023-08-19 20:22:44.910 [info] Token exchange success!
2023-08-19 20:22:44.911 [info] Getting user info...
2023-08-19 20:22:45.392 [info] Got account info!
2023-08-19 20:22:45.392 [info] Storing 1 sessions...
2023-08-19 20:22:45.401 [error] Setting token failed: Error: GDBus.Error:org.freedesktop.DBus.Error.ServiceUnknown: The name org.freedesktop.secrets was not provided by any .service files
2023-08-19 20:22:45.401 [info] Stored 1 sessions!
2023-08-19 20:22:45.401 [info] Login success!
