2023-08-26 17:53:59.826 [info] Log level: Info
2023-08-26 17:53:59.826 [info] Validating found git in: "git"
2023-08-26 17:53:59.826 [info] Using git "2.40.0" from "git"
2023-08-26 17:53:59.826 [info] > git rev-parse --show-toplevel [8ms]
2023-08-26 17:53:59.826 [info] > git rev-parse --git-dir --git-common-dir [27ms]
2023-08-26 17:53:59.833 [info] Open repository: /home/pyturtle_/Documents/ESHOPPING
2023-08-26 17:53:59.848 [info] > git config --get commit.template [4ms]
2023-08-26 17:53:59.848 [info] > git rev-parse --show-toplevel [10ms]
2023-08-26 17:53:59.862 [info] > git rev-parse --show-toplevel [8ms]
2023-08-26 17:53:59.869 [info] > git for-each-ref --format=%(refname)%00%(upstream:short)%00%(objectname)%00%(upstream:track)%00%(upstream:remotename)%00%(upstream:remoteref) refs/heads/main refs/remotes/main [9ms]
2023-08-26 17:53:59.877 [info] > git rev-parse --show-toplevel [10ms]
2023-08-26 17:53:59.882 [info] > git status -z -uall [6ms]
2023-08-26 17:53:59.891 [info] > git rev-parse --show-toplevel [10ms]
2023-08-26 17:53:59.899 [info] > git config --get commit.template [7ms]
2023-08-26 17:53:59.899 [info] > git rev-parse --show-toplevel [4ms]
2023-08-26 17:53:59.910 [info] > git rev-parse --show-toplevel [6ms]
2023-08-26 17:53:59.910 [info] > git for-each-ref --format=%(refname)%00%(upstream:short)%00%(objectname)%00%(upstream:track)%00%(upstream:remotename)%00%(upstream:remoteref) refs/heads/main refs/remotes/main [1ms]
2023-08-26 17:53:59.919 [info] > git status -z -uall [5ms]
2023-08-26 17:54:00.153 [info] > git show --textconv :ecommerce/cart/urls.py [6ms]
2023-08-26 17:54:00.154 [info] > git ls-files --stage -- /home/pyturtle_/Documents/ESHOPPING/ecommerce/cart/urls.py [2ms]
2023-08-26 17:54:00.159 [info] > git cat-file -s aa5ea4432c7be2340eb369eceb12561a1f0a6f59 [1ms]
2023-08-26 17:54:00.375 [info] > git check-ignore -v -z --stdin [2ms]
2023-08-26 17:55:20.524 [info] > git check-ignore -v -z --stdin [1ms]
2023-08-26 17:55:21.996 [info] > git show --textconv :ecommerce/cart/templates/details.html [4ms]
2023-08-26 17:55:21.996 [info] > git ls-files --stage -- /home/pyturtle_/Documents/ESHOPPING/ecommerce/cart/templates/details.html [1ms]
2023-08-26 17:55:22.001 [info] > git cat-file -s dcb027fc7941bbe43889b3d236baf37b5b019230 [1ms]
2023-08-26 17:55:34.144 [info] > git show --textconv :ecommerce/store/templates/product/detail.html [7ms]
2023-08-26 17:55:34.145 [info] > git ls-files --stage -- /home/pyturtle_/Documents/ESHOPPING/ecommerce/store/templates/product/detail.html [2ms]
2023-08-26 17:55:34.153 [info] > git cat-file -s 9894456631d7b60b7d7d82639cda611af803eb34 [1ms]
2023-08-26 17:56:16.206 [info] > git show --textconv :ecommerce/store/templates/product/list.html [7ms]
2023-08-26 17:56:16.208 [info] > git ls-files --stage -- /home/pyturtle_/Documents/ESHOPPING/ecommerce/store/templates/product/list.html [2ms]
2023-08-26 17:56:16.215 [info] > git cat-file -s 986195dd4057cc565516a3ea4f3517af0abad614 [1ms]
2023-08-26 17:56:43.598 [info] > git config --get commit.template [6ms]
2023-08-26 17:56:43.599 [info] > git for-each-ref --format=%(refname)%00%(upstream:short)%00%(objectname)%00%(upstream:track)%00%(upstream:remotename)%00%(upstream:remoteref) refs/heads/main refs/remotes/main [1ms]
2023-08-26 17:56:43.607 [info] > git status -z -uall [2ms]
2023-08-26 17:56:58.717 [info] > git config --get commit.template [1ms]
2023-08-26 17:56:58.725 [info] > git for-each-ref --format=%(refname)%00%(upstream:short)%00%(objectname)%00%(upstream:track)%00%(upstream:remotename)%00%(upstream:remoteref) refs/heads/main refs/remotes/main [2ms]
2023-08-26 17:56:58.734 [info] > git status -z -uall [2ms]
2023-08-26 17:57:30.102 [info] > git config --get commit.template [6ms]
2023-08-26 17:57:30.102 [info] > git for-each-ref --format=%(refname)%00%(upstream:short)%00%(objectname)%00%(upstream:track)%00%(upstream:remotename)%00%(upstream:remoteref) refs/heads/main refs/remotes/main [2ms]
2023-08-26 17:57:30.108 [info] > git status -z -uall [2ms]
2023-08-26 17:58:01.016 [info] > git config --get commit.template [5ms]
2023-08-26 17:58:01.017 [info] > git for-each-ref --format=%(refname)%00%(upstream:short)%00%(objectname)%00%(upstream:track)%00%(upstream:remotename)%00%(upstream:remoteref) refs/heads/main refs/remotes/main [2ms]
2023-08-26 17:58:01.022 [info] > git status -z -uall [2ms]
2023-08-26 17:58:12.361 [info] > git config --get commit.template [7ms]
2023-08-26 17:58:12.362 [info] > git for-each-ref --format=%(refname)%00%(upstream:short)%00%(objectname)%00%(upstream:track)%00%(upstream:remotename)%00%(upstream:remoteref) refs/heads/main refs/remotes/main [1ms]
2023-08-26 17:58:12.370 [info] > git status -z -uall [2ms]
2023-08-26 17:59:01.992 [info] > git config --get commit.template [5ms]
2023-08-26 17:59:01.992 [info] > git for-each-ref --format=%(refname)%00%(upstream:short)%00%(objectname)%00%(upstream:track)%00%(upstream:remotename)%00%(upstream:remoteref) refs/heads/main refs/remotes/main [1ms]
2023-08-26 17:59:02.000 [info] > git status -z -uall [1ms]
2023-08-26 17:59:11.665 [info] > git config --get commit.template [6ms]
2023-08-26 17:59:11.666 [info] > git for-each-ref --format=%(refname)%00%(upstream:short)%00%(objectname)%00%(upstream:track)%00%(upstream:remotename)%00%(upstream:remoteref) refs/heads/main refs/remotes/main [1ms]
2023-08-26 17:59:11.673 [info] > git status -z -uall [2ms]
2023-08-26 17:59:25.434 [info] > git config --get commit.template [4ms]
2023-08-26 17:59:25.434 [info] > git for-each-ref --format=%(refname)%00%(upstream:short)%00%(objectname)%00%(upstream:track)%00%(upstream:remotename)%00%(upstream:remoteref) refs/heads/main refs/remotes/main [1ms]
2023-08-26 17:59:25.441 [info] > git status -z -uall [2ms]
2023-08-26 18:00:30.277 [info] > git config --get commit.template [5ms]
2023-08-26 18:00:30.277 [info] > git for-each-ref --format=%(refname)%00%(upstream:short)%00%(objectname)%00%(upstream:track)%00%(upstream:remotename)%00%(upstream:remoteref) refs/heads/main refs/remotes/main [1ms]
2023-08-26 18:00:30.282 [info] > git status -z -uall [2ms]
2023-08-26 18:01:03.249 [info] > git config --get commit.template [7ms]
2023-08-26 18:01:03.250 [info] > git for-each-ref --format=%(refname)%00%(upstream:short)%00%(objectname)%00%(upstream:track)%00%(upstream:remotename)%00%(upstream:remoteref) refs/heads/main refs/remotes/main [1ms]
2023-08-26 18:01:03.259 [info] > git status -z -uall [3ms]
2023-08-26 18:01:09.214 [info] > git config --get commit.template [6ms]
2023-08-26 18:01:09.214 [info] > git for-each-ref --format=%(refname)%00%(upstream:short)%00%(objectname)%00%(upstream:track)%00%(upstream:remotename)%00%(upstream:remoteref) refs/heads/main refs/remotes/main [1ms]
2023-08-26 18:01:09.221 [info] > git status -z -uall [2ms]
2023-08-26 18:01:19.118 [info] > git config --get commit.template [7ms]
2023-08-26 18:01:19.119 [info] > git for-each-ref --format=%(refname)%00%(upstream:short)%00%(objectname)%00%(upstream:track)%00%(upstream:remotename)%00%(upstream:remoteref) refs/heads/main refs/remotes/main [1ms]
2023-08-26 18:01:19.128 [info] > git status -z -uall [2ms]
2023-08-26 18:02:06.239 [info] > git config --get commit.template [7ms]
2023-08-26 18:02:06.239 [info] > git for-each-ref --format=%(refname)%00%(upstream:short)%00%(objectname)%00%(upstream:track)%00%(upstream:remotename)%00%(upstream:remoteref) refs/heads/main refs/remotes/main [1ms]
2023-08-26 18:02:06.247 [info] > git status -z -uall [2ms]
2023-08-26 18:02:36.349 [info] > git config --get commit.template [4ms]
2023-08-26 18:02:36.350 [info] > git for-each-ref --format=%(refname)%00%(upstream:short)%00%(objectname)%00%(upstream:track)%00%(upstream:remotename)%00%(upstream:remoteref) refs/heads/main refs/remotes/main [1ms]
2023-08-26 18:02:36.355 [info] > git status -z -uall [1ms]
2023-08-26 18:03:30.957 [info] > git config --get commit.template [5ms]
2023-08-26 18:03:30.957 [info] > git for-each-ref --format=%(refname)%00%(upstream:short)%00%(objectname)%00%(upstream:track)%00%(upstream:remotename)%00%(upstream:remoteref) refs/heads/main refs/remotes/main [1ms]
2023-08-26 18:03:30.962 [info] > git status -z -uall [1ms]
2023-08-26 18:03:47.794 [info] > git config --get commit.template [7ms]
2023-08-26 18:03:47.794 [info] > git for-each-ref --format=%(refname)%00%(upstream:short)%00%(objectname)%00%(upstream:track)%00%(upstream:remotename)%00%(upstream:remoteref) refs/heads/main refs/remotes/main [0ms]
2023-08-26 18:03:47.802 [info] > git status -z -uall [2ms]
2023-08-26 18:04:14.623 [info] > git config --get commit.template [8ms]
2023-08-26 18:04:14.624 [info] > git for-each-ref --format=%(refname)%00%(upstream:short)%00%(objectname)%00%(upstream:track)%00%(upstream:remotename)%00%(upstream:remoteref) refs/heads/main refs/remotes/main [1ms]
2023-08-26 18:04:14.630 [info] > git status -z -uall [1ms]
2023-08-26 18:05:27.531 [info] > git config --get commit.template [7ms]
2023-08-26 18:05:27.532 [info] > git for-each-ref --format=%(refname)%00%(upstream:short)%00%(objectname)%00%(upstream:track)%00%(upstream:remotename)%00%(upstream:remoteref) refs/heads/main refs/remotes/main [0ms]
2023-08-26 18:05:27.540 [info] > git status -z -uall [2ms]
2023-08-26 18:05:51.556 [info] > git config --get commit.template [6ms]
2023-08-26 18:05:51.556 [info] > git for-each-ref --format=%(refname)%00%(upstream:short)%00%(objectname)%00%(upstream:track)%00%(upstream:remotename)%00%(upstream:remoteref) refs/heads/main refs/remotes/main [1ms]
2023-08-26 18:05:51.563 [info] > git status -z -uall [2ms]
2023-08-26 18:06:28.665 [info] > git config --get commit.template [5ms]
2023-08-26 18:06:28.666 [info] > git for-each-ref --format=%(refname)%00%(upstream:short)%00%(objectname)%00%(upstream:track)%00%(upstream:remotename)%00%(upstream:remoteref) refs/heads/main refs/remotes/main [1ms]
2023-08-26 18:06:28.670 [info] > git status -z -uall [1ms]
2023-08-26 18:07:23.693 [info] > git config --get commit.template [7ms]
2023-08-26 18:07:23.693 [info] > git for-each-ref --format=%(refname)%00%(upstream:short)%00%(objectname)%00%(upstream:track)%00%(upstream:remotename)%00%(upstream:remoteref) refs/heads/main refs/remotes/main [1ms]
2023-08-26 18:07:23.700 [info] > git status -z -uall [2ms]
2023-08-26 18:07:53.701 [info] > git config --get commit.template [6ms]
2023-08-26 18:07:53.702 [info] > git for-each-ref --format=%(refname)%00%(upstream:short)%00%(objectname)%00%(upstream:track)%00%(upstream:remotename)%00%(upstream:remoteref) refs/heads/main refs/remotes/main [1ms]
2023-08-26 18:07:53.709 [info] > git status -z -uall [1ms]
2023-08-26 18:09:40.248 [info] > git config --get commit.template [5ms]
2023-08-26 18:09:40.249 [info] > git for-each-ref --format=%(refname)%00%(upstream:short)%00%(objectname)%00%(upstream:track)%00%(upstream:remotename)%00%(upstream:remoteref) refs/heads/main refs/remotes/main [1ms]
2023-08-26 18:09:40.255 [info] > git status -z -uall [1ms]
2023-08-26 18:10:59.330 [info] > git config --get commit.template [5ms]
2023-08-26 18:10:59.330 [info] > git for-each-ref --format=%(refname)%00%(upstream:short)%00%(objectname)%00%(upstream:track)%00%(upstream:remotename)%00%(upstream:remoteref) refs/heads/main refs/remotes/main [0ms]
2023-08-26 18:10:59.336 [info] > git status -z -uall [1ms]
2023-08-26 18:11:35.786 [info] > git config --get commit.template [6ms]
2023-08-26 18:11:35.786 [info] > git for-each-ref --format=%(refname)%00%(upstream:short)%00%(objectname)%00%(upstream:track)%00%(upstream:remotename)%00%(upstream:remoteref) refs/heads/main refs/remotes/main [1ms]
2023-08-26 18:11:35.793 [info] > git status -z -uall [1ms]
2023-08-26 18:12:01.807 [info] > git config --get commit.template [7ms]
2023-08-26 18:12:01.808 [info] > git for-each-ref --format=%(refname)%00%(upstream:short)%00%(objectname)%00%(upstream:track)%00%(upstream:remotename)%00%(upstream:remoteref) refs/heads/main refs/remotes/main [1ms]
2023-08-26 18:12:01.814 [info] > git status -z -uall [2ms]
2023-08-26 18:12:29.158 [info] > git config --get commit.template [6ms]
2023-08-26 18:12:29.159 [info] > git for-each-ref --format=%(refname)%00%(upstream:short)%00%(objectname)%00%(upstream:track)%00%(upstream:remotename)%00%(upstream:remoteref) refs/heads/main refs/remotes/main [1ms]
2023-08-26 18:12:29.166 [info] > git status -z -uall [2ms]
2023-08-26 18:13:09.068 [info] > git config --get commit.template [8ms]
2023-08-26 18:13:09.068 [info] > git for-each-ref --format=%(refname)%00%(upstream:short)%00%(objectname)%00%(upstream:track)%00%(upstream:remotename)%00%(upstream:remoteref) refs/heads/main refs/remotes/main [1ms]
2023-08-26 18:13:09.076 [info] > git status -z -uall [2ms]
2023-08-26 18:13:18.920 [info] > git config --get commit.template [6ms]
2023-08-26 18:13:18.920 [info] > git for-each-ref --format=%(refname)%00%(upstream:short)%00%(objectname)%00%(upstream:track)%00%(upstream:remotename)%00%(upstream:remoteref) refs/heads/main refs/remotes/main [1ms]
2023-08-26 18:13:18.929 [info] > git status -z -uall [3ms]
2023-08-26 18:13:33.712 [info] > git config --get commit.template [6ms]
2023-08-26 18:13:33.713 [info] > git for-each-ref --format=%(refname)%00%(upstream:short)%00%(objectname)%00%(upstream:track)%00%(upstream:remotename)%00%(upstream:remoteref) refs/heads/main refs/remotes/main [1ms]
2023-08-26 18:13:33.720 [info] > git status -z -uall [1ms]
2023-08-26 18:13:44.411 [info] > git config --get commit.template [6ms]
2023-08-26 18:13:44.411 [info] > git for-each-ref --format=%(refname)%00%(upstream:short)%00%(objectname)%00%(upstream:track)%00%(upstream:remotename)%00%(upstream:remoteref) refs/heads/main refs/remotes/main [1ms]
2023-08-26 18:13:44.419 [info] > git status -z -uall [2ms]
2023-08-26 18:13:53.955 [info] > git config --get commit.template [5ms]
2023-08-26 18:13:53.956 [info] > git for-each-ref --format=%(refname)%00%(upstream:short)%00%(objectname)%00%(upstream:track)%00%(upstream:remotename)%00%(upstream:remoteref) refs/heads/main refs/remotes/main [1ms]
2023-08-26 18:13:53.961 [info] > git status -z -uall [2ms]
2023-08-26 18:14:07.441 [info] > git config --get commit.template [6ms]
2023-08-26 18:14:07.442 [info] > git for-each-ref --format=%(refname)%00%(upstream:short)%00%(objectname)%00%(upstream:track)%00%(upstream:remotename)%00%(upstream:remoteref) refs/heads/main refs/remotes/main [2ms]
2023-08-26 18:14:07.447 [info] > git status -z -uall [2ms]
2023-08-26 18:14:18.412 [info] > git config --get commit.template [5ms]
2023-08-26 18:14:18.413 [info] > git for-each-ref --format=%(refname)%00%(upstream:short)%00%(objectname)%00%(upstream:track)%00%(upstream:remotename)%00%(upstream:remoteref) refs/heads/main refs/remotes/main [0ms]
2023-08-26 18:14:18.419 [info] > git status -z -uall [1ms]
2023-08-26 18:14:46.158 [info] > git config --get commit.template [6ms]
2023-08-26 18:14:46.159 [info] > git for-each-ref --format=%(refname)%00%(upstream:short)%00%(objectname)%00%(upstream:track)%00%(upstream:remotename)%00%(upstream:remoteref) refs/heads/main refs/remotes/main [1ms]
2023-08-26 18:14:46.166 [info] > git status -z -uall [2ms]
2023-08-26 18:15:18.642 [info] > git config --get commit.template [6ms]
2023-08-26 18:15:18.642 [info] > git for-each-ref --format=%(refname)%00%(upstream:short)%00%(objectname)%00%(upstream:track)%00%(upstream:remotename)%00%(upstream:remoteref) refs/heads/main refs/remotes/main [1ms]
2023-08-26 18:15:18.650 [info] > git status -z -uall [3ms]
2023-08-26 18:15:36.952 [info] > git config --get commit.template [6ms]
2023-08-26 18:15:36.952 [info] > git for-each-ref --format=%(refname)%00%(upstream:short)%00%(objectname)%00%(upstream:track)%00%(upstream:remotename)%00%(upstream:remoteref) refs/heads/main refs/remotes/main [1ms]
2023-08-26 18:15:36.959 [info] > git status -z -uall [2ms]
2023-08-26 18:16:04.964 [info] > git check-ignore -v -z --stdin [1ms]
2023-08-26 18:16:10.158 [info] > git check-ignore -v -z --stdin [2ms]
2023-08-26 18:16:29.084 [info] > git config --get commit.template [6ms]
2023-08-26 18:16:29.084 [info] > git for-each-ref --format=%(refname)%00%(upstream:short)%00%(objectname)%00%(upstream:track)%00%(upstream:remotename)%00%(upstream:remoteref) refs/heads/main refs/remotes/main [1ms]
2023-08-26 18:16:29.091 [info] > git status -z -uall [3ms]
2023-08-26 18:16:34.107 [info] > git config --get commit.template [4ms]
2023-08-26 18:16:34.107 [info] > git for-each-ref --format=%(refname)%00%(upstream:short)%00%(objectname)%00%(upstream:track)%00%(upstream:remotename)%00%(upstream:remoteref) refs/heads/main refs/remotes/main [0ms]
2023-08-26 18:16:34.114 [info] > git status -z -uall [2ms]
2023-08-26 18:16:40.189 [info] > git config --get commit.template [5ms]
2023-08-26 18:16:40.189 [info] > git for-each-ref --format=%(refname)%00%(upstream:short)%00%(objectname)%00%(upstream:track)%00%(upstream:remotename)%00%(upstream:remoteref) refs/heads/main refs/remotes/main [1ms]
2023-08-26 18:16:40.198 [info] > git status -z -uall [3ms]
2023-08-26 18:16:45.214 [info] > git config --get commit.template [2ms]
2023-08-26 18:16:45.222 [info] > git for-each-ref --format=%(refname)%00%(upstream:short)%00%(objectname)%00%(upstream:track)%00%(upstream:remotename)%00%(upstream:remoteref) refs/heads/main refs/remotes/main [1ms]
2023-08-26 18:16:45.230 [info] > git status -z -uall [3ms]
2023-08-26 18:16:50.248 [info] > git config --get commit.template [6ms]
2023-08-26 18:16:50.249 [info] > git for-each-ref --format=%(refname)%00%(upstream:short)%00%(objectname)%00%(upstream:track)%00%(upstream:remotename)%00%(upstream:remoteref) refs/heads/main refs/remotes/main [2ms]
2023-08-26 18:16:50.256 [info] > git status -z -uall [2ms]
2023-08-26 18:16:55.273 [info] > git config --get commit.template [6ms]
2023-08-26 18:16:55.273 [info] > git for-each-ref --format=%(refname)%00%(upstream:short)%00%(objectname)%00%(upstream:track)%00%(upstream:remotename)%00%(upstream:remoteref) refs/heads/main refs/remotes/main [1ms]
2023-08-26 18:16:55.282 [info] > git status -z -uall [3ms]
2023-08-26 18:17:00.300 [info] > git config --get commit.template [6ms]
2023-08-26 18:17:00.301 [info] > git for-each-ref --format=%(refname)%00%(upstream:short)%00%(objectname)%00%(upstream:track)%00%(upstream:remotename)%00%(upstream:remoteref) refs/heads/main refs/remotes/main [0ms]
2023-08-26 18:17:00.311 [info] > git status -z -uall [3ms]
2023-08-26 18:17:05.324 [info] > git config --get commit.template [4ms]
2023-08-26 18:17:05.325 [info] > git for-each-ref --format=%(refname)%00%(upstream:short)%00%(objectname)%00%(upstream:track)%00%(upstream:remotename)%00%(upstream:remoteref) refs/heads/main refs/remotes/main [1ms]
2023-08-26 18:17:05.331 [info] > git status -z -uall [2ms]
2023-08-26 18:17:53.955 [info] > git config --get commit.template [5ms]
2023-08-26 18:17:53.955 [info] > git for-each-ref --format=%(refname)%00%(upstream:short)%00%(objectname)%00%(upstream:track)%00%(upstream:remotename)%00%(upstream:remoteref) refs/heads/main refs/remotes/main [1ms]
2023-08-26 18:17:53.961 [info] > git status -z -uall [2ms]
2023-08-26 18:17:58.979 [info] > git config --get commit.template [7ms]
2023-08-26 18:17:58.979 [info] > git for-each-ref --format=%(refname)%00%(upstream:short)%00%(objectname)%00%(upstream:track)%00%(upstream:remotename)%00%(upstream:remoteref) refs/heads/main refs/remotes/main [1ms]
2023-08-26 18:17:58.987 [info] > git status -z -uall [3ms]
2023-08-26 18:18:04.004 [info] > git config --get commit.template [7ms]
2023-08-26 18:18:04.004 [info] > git for-each-ref --format=%(refname)%00%(upstream:short)%00%(objectname)%00%(upstream:track)%00%(upstream:remotename)%00%(upstream:remoteref) refs/heads/main refs/remotes/main [1ms]
2023-08-26 18:18:04.010 [info] > git status -z -uall [1ms]
2023-08-26 18:18:09.026 [info] > git config --get commit.template [5ms]
2023-08-26 18:18:09.026 [info] > git for-each-ref --format=%(refname)%00%(upstream:short)%00%(objectname)%00%(upstream:track)%00%(upstream:remotename)%00%(upstream:remoteref) refs/heads/main refs/remotes/main [1ms]
2023-08-26 18:18:09.033 [info] > git status -z -uall [2ms]
2023-08-26 18:32:34.584 [info] > git config --get commit.template [4ms]
2023-08-26 18:32:34.584 [info] > git for-each-ref --format=%(refname)%00%(upstream:short)%00%(objectname)%00%(upstream:track)%00%(upstream:remotename)%00%(upstream:remoteref) refs/heads/main refs/remotes/main [1ms]
2023-08-26 18:32:34.590 [info] > git status -z -uall [2ms]
2023-08-26 18:34:24.967 [info] > git check-ignore -v -z --stdin [1ms]
2023-08-26 18:34:43.470 [info] > git show --textconv :ecommerce/store/models.py [5ms]
2023-08-26 18:34:43.470 [info] > git ls-files --stage -- /home/pyturtle_/Documents/ESHOPPING/ecommerce/store/models.py [1ms]
2023-08-26 18:34:43.477 [info] > git cat-file -s 66f29fb45059cb062fa7467de223f50823753031 [1ms]
2023-08-26 18:34:54.584 [info] > git config --get commit.template [5ms]
2023-08-26 18:34:54.584 [info] > git for-each-ref --format=%(refname)%00%(upstream:short)%00%(objectname)%00%(upstream:track)%00%(upstream:remotename)%00%(upstream:remoteref) refs/heads/main refs/remotes/main [1ms]
2023-08-26 18:34:54.591 [info] > git status -z -uall [3ms]
2023-08-26 18:34:59.604 [info] > git config --get commit.template [5ms]
2023-08-26 18:34:59.604 [info] > git for-each-ref --format=%(refname)%00%(upstream:short)%00%(objectname)%00%(upstream:track)%00%(upstream:remotename)%00%(upstream:remoteref) refs/heads/main refs/remotes/main [1ms]
2023-08-26 18:34:59.609 [info] > git status -z -uall [1ms]
2023-08-26 18:36:52.691 [info] > git config --get commit.template [10ms]
2023-08-26 18:36:52.691 [info] > git for-each-ref --format=%(refname)%00%(upstream:short)%00%(objectname)%00%(upstream:track)%00%(upstream:remotename)%00%(upstream:remoteref) refs/heads/main refs/remotes/main [2ms]
2023-08-26 18:36:52.700 [info] > git status -z -uall [3ms]
2023-08-26 18:37:21.129 [info] > git config --get commit.template [1ms]
2023-08-26 18:37:21.141 [info] > git for-each-ref --format=%(refname)%00%(upstream:short)%00%(objectname)%00%(upstream:track)%00%(upstream:remotename)%00%(upstream:remoteref) refs/heads/main refs/remotes/main [2ms]
2023-08-26 18:37:21.149 [info] > git status -z -uall [2ms]
2023-08-26 18:37:30.388 [info] > git config --get commit.template [7ms]
2023-08-26 18:37:30.389 [info] > git for-each-ref --format=%(refname)%00%(upstream:short)%00%(objectname)%00%(upstream:track)%00%(upstream:remotename)%00%(upstream:remoteref) refs/heads/main refs/remotes/main [1ms]
2023-08-26 18:37:30.402 [info] > git status -z -uall [3ms]
2023-08-26 18:37:47.163 [info] > git config --get commit.template [9ms]
2023-08-26 18:37:47.163 [info] > git for-each-ref --format=%(refname)%00%(upstream:short)%00%(objectname)%00%(upstream:track)%00%(upstream:remotename)%00%(upstream:remoteref) refs/heads/main refs/remotes/main [1ms]
2023-08-26 18:37:47.173 [info] > git status -z -uall [3ms]
2023-08-26 18:38:54.835 [info] > git config --get commit.template [7ms]
2023-08-26 18:38:54.836 [info] > git for-each-ref --format=%(refname)%00%(upstream:short)%00%(objectname)%00%(upstream:track)%00%(upstream:remotename)%00%(upstream:remoteref) refs/heads/main refs/remotes/main [1ms]
2023-08-26 18:38:54.847 [info] > git status -z -uall [3ms]
2023-08-26 18:39:15.759 [info] > git show --textconv :ecommerce/store/templates/base.html [5ms]
2023-08-26 18:39:15.760 [info] > git ls-files --stage -- /home/pyturtle_/Documents/ESHOPPING/ecommerce/store/templates/base.html [2ms]
2023-08-26 18:39:15.764 [info] > git cat-file -s f796bff0b3dd611e040835e6e58af7066e10f280 [1ms]
2023-08-26 18:40:01.004 [info] > git config --get commit.template [6ms]
2023-08-26 18:40:01.005 [info] > git for-each-ref --format=%(refname)%00%(upstream:short)%00%(objectname)%00%(upstream:track)%00%(upstream:remotename)%00%(upstream:remoteref) refs/heads/main refs/remotes/main [2ms]
2023-08-26 18:40:01.014 [info] > git status -z -uall [3ms]
2023-08-26 18:40:52.551 [info] > git config --get commit.template [7ms]
2023-08-26 18:40:52.552 [info] > git for-each-ref --format=%(refname)%00%(upstream:short)%00%(objectname)%00%(upstream:track)%00%(upstream:remotename)%00%(upstream:remoteref) refs/heads/main refs/remotes/main [2ms]
2023-08-26 18:40:52.565 [info] > git status -z -uall [5ms]
2023-08-26 18:41:30.218 [info] > git config --get commit.template [8ms]
2023-08-26 18:41:30.219 [info] > git for-each-ref --format=%(refname)%00%(upstream:short)%00%(objectname)%00%(upstream:track)%00%(upstream:remotename)%00%(upstream:remoteref) refs/heads/main refs/remotes/main [1ms]
2023-08-26 18:41:30.229 [info] > git status -z -uall [3ms]
2023-08-26 18:42:43.312 [info] > git config --get commit.template [6ms]
2023-08-26 18:42:43.313 [info] > git for-each-ref --format=%(refname)%00%(upstream:short)%00%(objectname)%00%(upstream:track)%00%(upstream:remotename)%00%(upstream:remoteref) refs/heads/main refs/remotes/main [1ms]
2023-08-26 18:42:43.321 [info] > git status -z -uall [3ms]
2023-08-26 19:05:09.459 [info] > git config --get commit.template [6ms]
2023-08-26 19:05:09.460 [info] > git for-each-ref --format=%(refname)%00%(upstream:short)%00%(objectname)%00%(upstream:track)%00%(upstream:remotename)%00%(upstream:remoteref) refs/heads/main refs/remotes/main [1ms]
2023-08-26 19:05:09.467 [info] > git status -z -uall [3ms]
2023-08-26 19:05:57.006 [info] > git show --textconv :ecommerce/cart/views.py [6ms]
2023-08-26 19:05:57.006 [info] > git ls-files --stage -- /home/pyturtle_/Documents/ESHOPPING/ecommerce/cart/views.py [1ms]
2023-08-26 19:05:57.014 [info] > git cat-file -s 0ae476452471284faaaf070114d39e1b37a1b71a [1ms]
2023-08-26 19:06:11.132 [info] > git config --get commit.template [2ms]
2023-08-26 19:06:11.140 [info] > git for-each-ref --format=%(refname)%00%(upstream:short)%00%(objectname)%00%(upstream:track)%00%(upstream:remotename)%00%(upstream:remoteref) refs/heads/main refs/remotes/main [1ms]
2023-08-26 19:06:11.152 [info] > git status -z -uall [3ms]
2023-08-26 19:06:16.171 [info] > git config --get commit.template [5ms]
2023-08-26 19:06:16.171 [info] > git for-each-ref --format=%(refname)%00%(upstream:short)%00%(objectname)%00%(upstream:track)%00%(upstream:remotename)%00%(upstream:remoteref) refs/heads/main refs/remotes/main [1ms]
2023-08-26 19:06:16.177 [info] > git status -z -uall [2ms]
2023-08-26 19:10:13.870 [info] > git show --textconv :ecommerce/store/views.py [4ms]
2023-08-26 19:10:13.871 [info] > git ls-files --stage -- /home/pyturtle_/Documents/ESHOPPING/ecommerce/store/views.py [1ms]
2023-08-26 19:10:13.877 [info] > git cat-file -s 0bc82d627962fd515d098481c6f4676f13683375 [1ms]
2023-08-26 19:11:01.195 [info] > git config --get commit.template [10ms]
2023-08-26 19:11:01.196 [info] > git for-each-ref --format=%(refname)%00%(upstream:short)%00%(objectname)%00%(upstream:track)%00%(upstream:remotename)%00%(upstream:remoteref) refs/heads/main refs/remotes/main [1ms]
2023-08-26 19:11:01.206 [info] > git status -z -uall [3ms]
2023-08-26 19:11:06.221 [info] > git config --get commit.template [5ms]
2023-08-26 19:11:06.223 [info] > git for-each-ref --format=%(refname)%00%(upstream:short)%00%(objectname)%00%(upstream:track)%00%(upstream:remotename)%00%(upstream:remoteref) refs/heads/main refs/remotes/main [3ms]
2023-08-26 19:11:06.229 [info] > git status -z -uall [2ms]
2023-08-26 19:11:56.956 [info] > git config --get commit.template [6ms]
2023-08-26 19:11:56.956 [info] > git for-each-ref --format=%(refname)%00%(upstream:short)%00%(objectname)%00%(upstream:track)%00%(upstream:remotename)%00%(upstream:remoteref) refs/heads/main refs/remotes/main [1ms]
2023-08-26 19:11:56.964 [info] > git status -z -uall [3ms]
2023-08-26 19:12:03.166 [info] > git config --get commit.template [5ms]
2023-08-26 19:12:03.166 [info] > git for-each-ref --format=%(refname)%00%(upstream:short)%00%(objectname)%00%(upstream:track)%00%(upstream:remotename)%00%(upstream:remoteref) refs/heads/main refs/remotes/main [1ms]
2023-08-26 19:12:03.173 [info] > git status -z -uall [2ms]
2023-08-26 19:12:11.107 [info] > git config --get commit.template [7ms]
2023-08-26 19:12:11.107 [info] > git for-each-ref --format=%(refname)%00%(upstream:short)%00%(objectname)%00%(upstream:track)%00%(upstream:remotename)%00%(upstream:remoteref) refs/heads/main refs/remotes/main [1ms]
2023-08-26 19:12:11.118 [info] > git status -z -uall [4ms]
2023-08-26 19:12:51.065 [info] > git config --get commit.template [1ms]
2023-08-26 19:12:51.070 [info] > git for-each-ref --format=%(refname)%00%(upstream:short)%00%(objectname)%00%(upstream:track)%00%(upstream:remotename)%00%(upstream:remoteref) refs/heads/main refs/remotes/main [1ms]
2023-08-26 19:12:51.076 [info] > git status -z -uall [1ms]
2023-08-26 19:13:10.915 [info] > git config --get commit.template [7ms]
2023-08-26 19:13:10.916 [info] > git for-each-ref --format=%(refname)%00%(upstream:short)%00%(objectname)%00%(upstream:track)%00%(upstream:remotename)%00%(upstream:remoteref) refs/heads/main refs/remotes/main [2ms]
2023-08-26 19:13:10.925 [info] > git status -z -uall [3ms]
2023-08-26 19:13:20.581 [info] > git check-ignore -v -z --stdin [2ms]
2023-08-26 19:13:28.343 [info] > git show --textconv :ecommerce/cart/forms.py [5ms]
2023-08-26 19:13:28.344 [info] > git ls-files --stage -- /home/pyturtle_/Documents/ESHOPPING/ecommerce/cart/forms.py [1ms]
2023-08-26 19:13:28.349 [info] > git cat-file -s 121a05751e455f3d4125a69dfc708d6c59c48860 [1ms]
2023-08-26 19:14:00.577 [info] > git config --get commit.template [9ms]
2023-08-26 19:14:00.578 [info] > git for-each-ref --format=%(refname)%00%(upstream:short)%00%(objectname)%00%(upstream:track)%00%(upstream:remotename)%00%(upstream:remoteref) refs/heads/main refs/remotes/main [2ms]
2023-08-26 19:14:00.587 [info] > git status -z -uall [2ms]
2023-08-26 19:14:44.607 [info] > git config --get commit.template [8ms]
2023-08-26 19:14:44.608 [info] > git for-each-ref --format=%(refname)%00%(upstream:short)%00%(objectname)%00%(upstream:track)%00%(upstream:remotename)%00%(upstream:remoteref) refs/heads/main refs/remotes/main [2ms]
2023-08-26 19:14:44.618 [info] > git status -z -uall [3ms]
2023-08-26 19:19:57.138 [info] > git config --get commit.template [8ms]
2023-08-26 19:19:57.139 [info] > git for-each-ref --format=%(refname)%00%(upstream:short)%00%(objectname)%00%(upstream:track)%00%(upstream:remotename)%00%(upstream:remoteref) refs/heads/main refs/remotes/main [1ms]
2023-08-26 19:19:57.149 [info] > git status -z -uall [3ms]
2023-08-26 19:20:26.129 [info] > git config --get commit.template [11ms]
2023-08-26 19:20:26.130 [info] > git for-each-ref --format=%(refname)%00%(upstream:short)%00%(objectname)%00%(upstream:track)%00%(upstream:remotename)%00%(upstream:remoteref) refs/heads/main refs/remotes/main [1ms]
2023-08-26 19:20:26.138 [info] > git status -z -uall [3ms]
2023-08-26 19:20:31.152 [info] > git config --get commit.template [5ms]
2023-08-26 19:20:31.153 [info] > git for-each-ref --format=%(refname)%00%(upstream:short)%00%(objectname)%00%(upstream:track)%00%(upstream:remotename)%00%(upstream:remoteref) refs/heads/main refs/remotes/main [1ms]
2023-08-26 19:20:31.160 [info] > git status -z -uall [3ms]
2023-08-26 19:21:24.182 [info] > git config --get commit.template [6ms]
2023-08-26 19:21:24.183 [info] > git for-each-ref --format=%(refname)%00%(upstream:short)%00%(objectname)%00%(upstream:track)%00%(upstream:remotename)%00%(upstream:remoteref) refs/heads/main refs/remotes/main [1ms]
2023-08-26 19:21:24.189 [info] > git status -z -uall [2ms]
2023-08-26 19:22:18.579 [info] > git config --get commit.template [4ms]
2023-08-26 19:22:18.580 [info] > git for-each-ref --format=%(refname)%00%(upstream:short)%00%(objectname)%00%(upstream:track)%00%(upstream:remotename)%00%(upstream:remoteref) refs/heads/main refs/remotes/main [1ms]
2023-08-26 19:22:18.585 [info] > git status -z -uall [2ms]
2023-08-26 19:26:58.426 [info] > git config --get commit.template [10ms]
2023-08-26 19:26:58.427 [info] > git for-each-ref --format=%(refname)%00%(upstream:short)%00%(objectname)%00%(upstream:track)%00%(upstream:remotename)%00%(upstream:remoteref) refs/heads/main refs/remotes/main [1ms]
2023-08-26 19:26:58.437 [info] > git status -z -uall [3ms]
2023-08-26 19:29:22.969 [info] > git config --get commit.template [16ms]
2023-08-26 19:29:22.970 [info] > git for-each-ref --format=%(refname)%00%(upstream:short)%00%(objectname)%00%(upstream:track)%00%(upstream:remotename)%00%(upstream:remoteref) refs/heads/main refs/remotes/main [2ms]
2023-08-26 19:29:22.983 [info] > git status -z -uall [3ms]
2023-08-26 20:03:47.327 [info] > git add -A -- . [6ms]
2023-08-26 20:03:47.782 [info] > git show --textconv :.git/COMMIT_EDITMSG [4ms]
2023-08-26 20:03:47.783 [info] > git ls-files --stage -- /home/pyturtle_/Documents/ESHOPPING/.git/COMMIT_EDITMSG [1ms]
2023-08-26 20:03:48.116 [info] > git check-ignore -v -z --stdin [3ms]
2023-08-26 20:03:48.758 [info] > git ls-files --stage -- /home/pyturtle_/Documents/ESHOPPING/ecommerce/cart/forms.py [5ms]
2023-08-26 20:03:48.764 [info] > git ls-files --stage -- /home/pyturtle_/Documents/ESHOPPING/ecommerce/store/views.py [15ms]
2023-08-26 20:03:48.769 [info] > git ls-files --stage -- /home/pyturtle_/Documents/ESHOPPING/ecommerce/cart/views.py [26ms]
2023-08-26 20:03:48.774 [info] > git ls-files --stage -- /home/pyturtle_/Documents/ESHOPPING/ecommerce/store/templates/base.html [37ms]
2023-08-26 20:03:48.781 [info] > git ls-files --stage -- /home/pyturtle_/Documents/ESHOPPING/ecommerce/store/models.py [48ms]
2023-08-26 20:03:48.785 [info] > git ls-files --stage -- /home/pyturtle_/Documents/ESHOPPING/ecommerce/store/templates/product/list.html [58ms]
2023-08-26 20:03:48.790 [info] > git ls-files --stage -- /home/pyturtle_/Documents/ESHOPPING/ecommerce/store/templates/product/detail.html [68ms]
2023-08-26 20:03:48.793 [info] > git ls-files --stage -- /home/pyturtle_/Documents/ESHOPPING/ecommerce/cart/templates/details.html [76ms]
2023-08-26 20:03:48.798 [info] > git ls-files --stage -- /home/pyturtle_/Documents/ESHOPPING/ecommerce/cart/urls.py [87ms]
2023-08-26 20:03:48.803 [info] > git cat-file -s e0f75d07ea4ac9d6b43ccaefc10b8cf16e663514 [5ms]
2023-08-26 20:03:48.804 [info] > git cat-file -s bb895264c27492dbc4bd8f8073c0fb89ecc223b5 [11ms]
2023-08-26 20:03:48.804 [info] > git cat-file -s 986195dd4057cc565516a3ea4f3517af0abad614 [14ms]
2023-08-26 20:03:48.804 [info] > git cat-file -s e96cb9fada95051555e648110500d33184cfcba0 [19ms]
2023-08-26 20:03:48.805 [info] > git cat-file -s c08b50a32fdeef76853dd35d4b16919f623f0fd2 [23ms]
2023-08-26 20:03:48.805 [info] > git cat-file -s f4f5caa8a95b2a47ed193149fac3460667c09cfc [31ms]
2023-08-26 20:03:48.805 [info] > git cat-file -s 965961e335506a292dbd204c9072ba7e4a0ed0b3 [36ms]
2023-08-26 20:03:48.805 [info] > git cat-file -s bc1e5bfa0c590c0e35d1754acc7726c33d94d522 [42ms]
2023-08-26 20:03:48.805 [info] > git ls-files --stage -- /home/pyturtle_/Documents/ESHOPPING/.git/COMMIT_EDITMSG [48ms]
2023-08-26 20:03:48.805 [info] > git cat-file -s aa5ea4432c7be2340eb369eceb12561a1f0a6f59 [3ms]
2023-08-26 20:03:48.855 [info] > git show --textconv :ecommerce/cart/templates/details.html [42ms]
2023-08-26 20:03:48.855 [info] > git show --textconv :ecommerce/store/templates/product/detail.html [38ms]
2023-08-26 20:03:48.855 [info] > git show --textconv :ecommerce/store/templates/product/list.html [33ms]
2023-08-26 20:03:48.855 [info] > git show --textconv :ecommerce/store/models.py [29ms]
2023-08-26 20:03:48.855 [info] > git show --textconv :ecommerce/store/templates/base.html [23ms]
2023-08-26 20:03:48.855 [info] > git show --textconv :ecommerce/cart/views.py [19ms]
2023-08-26 20:03:48.855 [info] > git show --textconv :ecommerce/store/views.py [14ms]
2023-08-26 20:03:48.855 [info] > git show --textconv :ecommerce/cart/forms.py [10ms]
2023-08-26 20:03:48.855 [info] > git show --textconv :.git/COMMIT_EDITMSG [6ms]
2023-08-26 20:03:48.855 [info] > git show --textconv :ecommerce/cart/urls.py [0ms]
2023-08-26 20:04:24.370 [info] > git ls-files --stage -- /home/pyturtle_/Documents/ESHOPPING/ecommerce/cart/forms.py [6ms]
2023-08-26 20:04:24.376 [info] > git ls-files --stage -- /home/pyturtle_/Documents/ESHOPPING/ecommerce/store/views.py [18ms]
2023-08-26 20:04:24.380 [info] > git ls-files --stage -- /home/pyturtle_/Documents/ESHOPPING/ecommerce/cart/views.py [27ms]
2023-08-26 20:04:24.388 [info] > git ls-files --stage -- /home/pyturtle_/Documents/ESHOPPING/ecommerce/store/templates/base.html [41ms]
2023-08-26 20:04:24.392 [info] > git ls-files --stage -- /home/pyturtle_/Documents/ESHOPPING/ecommerce/store/models.py [53ms]
2023-08-26 20:04:24.398 [info] > git ls-files --stage -- /home/pyturtle_/Documents/ESHOPPING/ecommerce/store/templates/product/list.html [64ms]
2023-08-26 20:04:24.403 [info] > git ls-files --stage -- /home/pyturtle_/Documents/ESHOPPING/ecommerce/store/templates/product/detail.html [72ms]
2023-08-26 20:04:24.408 [info] > git ls-files --stage -- /home/pyturtle_/Documents/ESHOPPING/ecommerce/cart/templates/details.html [85ms]
2023-08-26 20:04:24.413 [info] > git ls-files --stage -- /home/pyturtle_/Documents/ESHOPPING/ecommerce/cart/urls.py [97ms]
2023-08-26 20:04:24.421 [info] > git cat-file -s e0f75d07ea4ac9d6b43ccaefc10b8cf16e663514 [8ms]
2023-08-26 20:04:24.421 [info] > git cat-file -s bb895264c27492dbc4bd8f8073c0fb89ecc223b5 [13ms]
2023-08-26 20:04:24.421 [info] > git cat-file -s 986195dd4057cc565516a3ea4f3517af0abad614 [19ms]
2023-08-26 20:04:24.422 [info] > git cat-file -s e96cb9fada95051555e648110500d33184cfcba0 [25ms]
2023-08-26 20:04:24.422 [info] > git cat-file -s c08b50a32fdeef76853dd35d4b16919f623f0fd2 [31ms]
2023-08-26 20:04:24.422 [info] > git cat-file -s f4f5caa8a95b2a47ed193149fac3460667c09cfc [35ms]
2023-08-26 20:04:24.422 [info] > git cat-file -s 965961e335506a292dbd204c9072ba7e4a0ed0b3 [42ms]
2023-08-26 20:04:24.422 [info] > git cat-file -s bc1e5bfa0c590c0e35d1754acc7726c33d94d522 [46ms]
2023-08-26 20:04:24.422 [info] > git ls-files --stage -- /home/pyturtle_/Documents/ESHOPPING/.git/COMMIT_EDITMSG [54ms]
2023-08-26 20:04:24.423 [info] > git cat-file -s aa5ea4432c7be2340eb369eceb12561a1f0a6f59 [3ms]
2023-08-26 20:04:24.483 [info] > git show --textconv :ecommerce/cart/templates/details.html [50ms]
2023-08-26 20:04:24.483 [info] > git show --textconv :ecommerce/store/templates/product/detail.html [46ms]
2023-08-26 20:04:24.483 [info] > git show --textconv :ecommerce/store/templates/product/list.html [40ms]
2023-08-26 20:04:24.483 [info] > git show --textconv :ecommerce/store/models.py [33ms]
2023-08-26 20:04:24.483 [info] > git show --textconv :ecommerce/store/templates/base.html [28ms]
2023-08-26 20:04:24.483 [info] > git show --textconv :ecommerce/cart/views.py [24ms]
2023-08-26 20:04:24.483 [info] > git show --textconv :ecommerce/store/views.py [18ms]
2023-08-26 20:04:24.483 [info] > git show --textconv :ecommerce/cart/forms.py [13ms]
2023-08-26 20:04:24.483 [info] > git show --textconv :.git/COMMIT_EDITMSG [7ms]
2023-08-26 20:04:24.483 [info] > git show --textconv :ecommerce/cart/urls.py [2ms]
2023-08-26 20:04:53.810 [info] > git ls-files --stage -- /home/pyturtle_/Documents/ESHOPPING/ecommerce/cart/forms.py [7ms]
2023-08-26 20:04:53.817 [info] > git ls-files --stage -- /home/pyturtle_/Documents/ESHOPPING/ecommerce/store/views.py [21ms]
2023-08-26 20:04:53.822 [info] > git ls-files --stage -- /home/pyturtle_/Documents/ESHOPPING/ecommerce/cart/views.py [32ms]
2023-08-26 20:04:53.830 [info] > git ls-files --stage -- /home/pyturtle_/Documents/ESHOPPING/ecommerce/store/templates/base.html [46ms]
2023-08-26 20:04:53.837 [info] > git ls-files --stage -- /home/pyturtle_/Documents/ESHOPPING/ecommerce/store/models.py [59ms]
2023-08-26 20:04:53.841 [info] > git ls-files --stage -- /home/pyturtle_/Documents/ESHOPPING/ecommerce/store/templates/product/list.html [67ms]
2023-08-26 20:04:53.845 [info] > git ls-files --stage -- /home/pyturtle_/Documents/ESHOPPING/ecommerce/store/templates/product/detail.html [78ms]
2023-08-26 20:04:53.851 [info] > git ls-files --stage -- /home/pyturtle_/Documents/ESHOPPING/ecommerce/cart/templates/details.html [88ms]
2023-08-26 20:04:53.857 [info] > git ls-files --stage -- /home/pyturtle_/Documents/ESHOPPING/ecommerce/cart/urls.py [100ms]
2023-08-26 20:04:53.863 [info] > git cat-file -s e0f75d07ea4ac9d6b43ccaefc10b8cf16e663514 [7ms]
2023-08-26 20:04:53.864 [info] > git cat-file -s bb895264c27492dbc4bd8f8073c0fb89ecc223b5 [13ms]
2023-08-26 20:04:53.864 [info] > git cat-file -s 986195dd4057cc565516a3ea4f3517af0abad614 [19ms]
2023-08-26 20:04:53.864 [info] > git cat-file -s e96cb9fada95051555e648110500d33184cfcba0 [24ms]
2023-08-26 20:04:53.864 [info] > git cat-file -s c08b50a32fdeef76853dd35d4b16919f623f0fd2 [28ms]
2023-08-26 20:04:53.864 [info] > git cat-file -s f4f5caa8a95b2a47ed193149fac3460667c09cfc [34ms]
2023-08-26 20:04:53.864 [info] > git cat-file -s 965961e335506a292dbd204c9072ba7e4a0ed0b3 [43ms]
2023-08-26 20:04:53.864 [info] > git cat-file -s bc1e5bfa0c590c0e35d1754acc7726c33d94d522 [47ms]
2023-08-26 20:04:53.864 [info] > git ls-files --stage -- /home/pyturtle_/Documents/ESHOPPING/.git/COMMIT_EDITMSG [56ms]
2023-08-26 20:04:53.865 [info] > git cat-file -s aa5ea4432c7be2340eb369eceb12561a1f0a6f59 [3ms]
2023-08-26 20:04:53.929 [info] > git show --textconv :ecommerce/cart/templates/details.html [53ms]
2023-08-26 20:04:53.929 [info] > git show --textconv :ecommerce/store/templates/product/detail.html [46ms]
2023-08-26 20:04:53.929 [info] > git show --textconv :ecommerce/store/templates/product/list.html [42ms]
2023-08-26 20:04:53.929 [info] > git show --textconv :ecommerce/store/models.py [35ms]
2023-08-26 20:04:53.929 [info] > git show --textconv :ecommerce/store/templates/base.html [29ms]
2023-08-26 20:04:53.929 [info] > git show --textconv :ecommerce/cart/views.py [23ms]
2023-08-26 20:04:53.929 [info] > git show --textconv :ecommerce/store/views.py [18ms]
2023-08-26 20:04:53.929 [info] > git show --textconv :ecommerce/cart/forms.py [11ms]
2023-08-26 20:04:53.929 [info] > git show --textconv :.git/COMMIT_EDITMSG [7ms]
2023-08-26 20:04:53.929 [info] > git show --textconv :ecommerce/cart/urls.py [1ms]
2023-08-26 20:05:09.839 [info] > git ls-files --stage -- /home/pyturtle_/Documents/ESHOPPING/ecommerce/cart/forms.py [6ms]
2023-08-26 20:05:09.845 [info] > git ls-files --stage -- /home/pyturtle_/Documents/ESHOPPING/ecommerce/store/views.py [16ms]
2023-08-26 20:05:09.849 [info] > git ls-files --stage -- /home/pyturtle_/Documents/ESHOPPING/ecommerce/cart/views.py [26ms]
2023-08-26 20:05:09.853 [info] > git ls-files --stage -- /home/pyturtle_/Documents/ESHOPPING/ecommerce/store/templates/base.html [35ms]
2023-08-26 20:05:09.857 [info] > git ls-files --stage -- /home/pyturtle_/Documents/ESHOPPING/ecommerce/store/models.py [45ms]
2023-08-26 20:05:09.862 [info] > git ls-files --stage -- /home/pyturtle_/Documents/ESHOPPING/ecommerce/store/templates/product/list.html [54ms]
2023-08-26 20:05:09.867 [info] > git ls-files --stage -- /home/pyturtle_/Documents/ESHOPPING/ecommerce/store/templates/product/detail.html [65ms]
2023-08-26 20:05:09.873 [info] > git ls-files --stage -- /home/pyturtle_/Documents/ESHOPPING/ecommerce/cart/templates/details.html [77ms]
2023-08-26 20:05:09.878 [info] > git ls-files --stage -- /home/pyturtle_/Documents/ESHOPPING/ecommerce/cart/urls.py [88ms]
2023-08-26 20:05:09.884 [info] > git cat-file -s e0f75d07ea4ac9d6b43ccaefc10b8cf16e663514 [6ms]
2023-08-26 20:05:09.884 [info] > git cat-file -s bb895264c27492dbc4bd8f8073c0fb89ecc223b5 [11ms]
2023-08-26 20:05:09.885 [info] > git cat-file -s 986195dd4057cc565516a3ea4f3517af0abad614 [18ms]
2023-08-26 20:05:09.885 [info] > git cat-file -s e96cb9fada95051555e648110500d33184cfcba0 [23ms]
2023-08-26 20:05:09.885 [info] > git cat-file -s c08b50a32fdeef76853dd35d4b16919f623f0fd2 [28ms]
2023-08-26 20:05:09.885 [info] > git cat-file -s f4f5caa8a95b2a47ed193149fac3460667c09cfc [32ms]
2023-08-26 20:05:09.885 [info] > git cat-file -s 965961e335506a292dbd204c9072ba7e4a0ed0b3 [36ms]
2023-08-26 20:05:09.885 [info] > git cat-file -s bc1e5bfa0c590c0e35d1754acc7726c33d94d522 [41ms]
2023-08-26 20:05:09.885 [info] > git ls-files --stage -- /home/pyturtle_/Documents/ESHOPPING/.git/COMMIT_EDITMSG [47ms]
2023-08-26 20:05:09.886 [info] > git cat-file -s aa5ea4432c7be2340eb369eceb12561a1f0a6f59 [3ms]
2023-08-26 20:05:09.944 [info] > git show --textconv :ecommerce/cart/templates/details.html [48ms]
2023-08-26 20:05:09.944 [info] > git show --textconv :ecommerce/store/templates/product/detail.html [42ms]
2023-08-26 20:05:09.944 [info] > git show --textconv :ecommerce/store/templates/product/list.html [36ms]
2023-08-26 20:05:09.944 [info] > git show --textconv :ecommerce/store/models.py [31ms]
2023-08-26 20:05:09.944 [info] > git show --textconv :ecommerce/store/templates/base.html [26ms]
2023-08-26 20:05:09.944 [info] > git show --textconv :ecommerce/cart/views.py [21ms]
2023-08-26 20:05:09.944 [info] > git show --textconv :ecommerce/store/views.py [17ms]
2023-08-26 20:05:09.944 [info] > git show --textconv :ecommerce/cart/forms.py [13ms]
2023-08-26 20:05:09.944 [info] > git show --textconv :.git/COMMIT_EDITMSG [8ms]
2023-08-26 20:05:09.945 [info] > git show --textconv :ecommerce/cart/urls.py [2ms]
