2023-07-29 18:51:58.498 [info] Log level: Info
2023-07-29 18:51:58.498 [info] Validating found git in: "git"
2023-07-29 18:51:58.498 [info] Using git "2.40.0" from "git"
2023-07-29 18:51:58.498 [info] > git rev-parse --show-toplevel [3ms]
2023-07-29 18:51:58.499 [info] > git rev-parse --git-dir --git-common-dir [0ms]
2023-07-29 18:51:58.505 [info] Open repository: /home/pyturtle_/Documents/ESHOPPING
2023-07-29 18:51:58.568 [info] > git rev-parse --show-toplevel [58ms]
2023-07-29 18:51:58.584 [info] > git config --get commit.template [40ms]
2023-07-29 18:51:58.590 [info] > git rev-parse --show-toplevel [17ms]
2023-07-29 18:51:58.596 [info] > git for-each-ref --format=%(refname)%00%(upstream:short)%00%(objectname)%00%(upstream:track)%00%(upstream:remotename)%00%(upstream:remoteref) refs/heads/main refs/remotes/main [7ms]
2023-07-29 18:51:58.603 [info] > git rev-parse --show-toplevel [7ms]
2023-07-29 18:51:58.604 [info] > git status -z -uall [3ms]
2023-07-29 18:51:58.719 [info] > git config --get commit.template [106ms]
2023-07-29 18:51:59.019 [info] > git for-each-ref --format=%(refname)%00%(upstream:short)%00%(objectname)%00%(upstream:track)%00%(upstream:remotename)%00%(upstream:remoteref) refs/heads/main refs/remotes/main [280ms]
2023-07-29 18:51:59.068 [info] > git status -z -uall [38ms]
2023-07-29 18:51:59.068 [info] > git check-ignore -v -z --stdin [6ms]
2023-07-29 18:55:05.329 [info] > git config --get commit.template [5ms]
2023-07-29 18:55:05.330 [info] > git for-each-ref --format=%(refname)%00%(upstream:short)%00%(objectname)%00%(upstream:track)%00%(upstream:remotename)%00%(upstream:remoteref) refs/heads/main refs/remotes/main [2ms]
2023-07-29 18:55:05.335 [info] > git status -z -uall [1ms]
2023-07-29 18:55:35.749 [info] > git show --textconv :ecommerce/store/templates/product_list.html [9ms]
2023-07-29 18:55:35.751 [info] > git ls-files --stage -- /home/pyturtle_/Documents/ESHOPPING/ecommerce/store/templates/product_list.html [4ms]
2023-07-29 18:55:35.760 [info] > git cat-file -s 77bf221d871f59d7b066cb49955792b74758dd8e [2ms]
2023-07-29 18:56:05.859 [info] > git show --textconv :ecommerce/store/templates/product/list.html [5ms]
2023-07-29 18:56:05.859 [info] > git ls-files --stage -- /home/pyturtle_/Documents/ESHOPPING/ecommerce/store/templates/product/list.html [1ms]
2023-07-29 18:56:12.339 [info] > git config --get commit.template [5ms]
2023-07-29 18:56:12.340 [info] > git for-each-ref --format=%(refname)%00%(upstream:short)%00%(objectname)%00%(upstream:track)%00%(upstream:remotename)%00%(upstream:remoteref) refs/heads/main refs/remotes/main [1ms]
2023-07-29 18:56:12.344 [info] > git status -z -uall [1ms]
2023-07-29 18:56:22.320 [info] > git config --get commit.template [4ms]
2023-07-29 18:56:22.321 [info] > git for-each-ref --format=%(refname)%00%(upstream:short)%00%(objectname)%00%(upstream:track)%00%(upstream:remotename)%00%(upstream:remoteref) refs/heads/main refs/remotes/main [1ms]
2023-07-29 18:56:22.328 [info] > git status -z -uall [2ms]
2023-07-29 18:56:53.485 [info] > git config --get commit.template [4ms]
2023-07-29 18:56:53.485 [info] > git for-each-ref --format=%(refname)%00%(upstream:short)%00%(objectname)%00%(upstream:track)%00%(upstream:remotename)%00%(upstream:remoteref) refs/heads/main refs/remotes/main [1ms]
2023-07-29 18:56:53.490 [info] > git status -z -uall [2ms]
2023-07-29 19:04:58.164 [info] > git check-ignore -v -z --stdin [2ms]
2023-07-29 19:05:27.640 [info] > git add -A -- /home/pyturtle_/Documents/ESHOPPING/ecommerce/store/urls.py [2ms]
2023-07-29 19:05:27.650 [info] > git config --get commit.template [4ms]
2023-07-29 19:05:27.651 [info] > git for-each-ref --format=%(refname)%00%(upstream:short)%00%(objectname)%00%(upstream:track)%00%(upstream:remotename)%00%(upstream:remoteref) refs/heads/main refs/remotes/main [1ms]
2023-07-29 19:05:27.655 [info] > git status -z -uall [1ms]
2023-07-29 19:05:27.666 [info] > git -c user.useConfigOnly=true commit --quiet --allow-empty-message --file - [4ms]
2023-07-29 19:05:27.672 [info] > git config --get commit.template [1ms]
2023-07-29 19:05:27.682 [info] > git config --get commit.template [5ms]
2023-07-29 19:05:27.683 [info] > git for-each-ref --format=%(refname)%00%(upstream:short)%00%(objectname)%00%(upstream:track)%00%(upstream:remotename)%00%(upstream:remoteref) refs/heads/main refs/remotes/main [1ms]
2023-07-29 19:05:27.689 [info] > git status -z -uall [2ms]
2023-07-29 19:05:27.958 [info] > git config --get commit.template [5ms]
2023-07-29 19:05:27.958 [info] > git for-each-ref --format=%(refname)%00%(upstream:short)%00%(objectname)%00%(upstream:track)%00%(upstream:remotename)%00%(upstream:remoteref) refs/heads/main refs/remotes/main [1ms]
2023-07-29 19:05:27.965 [info] > git status -z -uall [2ms]
2023-07-29 19:05:29.046 [info] > git config --get commit.template [9ms]
2023-07-29 19:05:29.047 [info] > git for-each-ref --format=%(refname)%00%(upstream:short)%00%(objectname)%00%(upstream:track)%00%(upstream:remotename)%00%(upstream:remoteref) refs/heads/main refs/remotes/main [1ms]
2023-07-29 19:05:29.055 [info] > git status -z -uall [1ms]
2023-07-29 19:05:29.147 [info] > git ls-files --stage -- /home/pyturtle_/Documents/ESHOPPING/ecommerce/store/templates/product_list.html [5ms]
2023-07-29 19:05:29.154 [info] > git ls-files --stage -- /home/pyturtle_/Documents/ESHOPPING/ecommerce/store/templates/product/list.html [7ms]
2023-07-29 19:05:29.155 [info] > git cat-file -s 77bf221d871f59d7b066cb49955792b74758dd8e [2ms]
2023-07-29 19:05:29.170 [info] > git show --textconv :ecommerce/store/templates/product/list.html [6ms]
2023-07-29 19:05:29.203 [info] > git show --textconv :ecommerce/store/templates/product_list.html [1ms]
2023-07-29 19:05:36.845 [info] > git show --textconv :ecommerce/store/templates/base.html [4ms]
2023-07-29 19:05:36.846 [info] > git ls-files --stage -- /home/pyturtle_/Documents/ESHOPPING/ecommerce/store/templates/base.html [2ms]
2023-07-29 19:05:36.850 [info] > git cat-file -s 2f34ced47cc8fc0154a89fc13defe3e60c30d22e [1ms]
2023-07-29 19:05:37.400 [info] > git show --textconv :ecommerce/ecommerce/settings.py [4ms]
2023-07-29 19:05:37.400 [info] > git ls-files --stage -- /home/pyturtle_/Documents/ESHOPPING/ecommerce/ecommerce/settings.py [1ms]
2023-07-29 19:05:37.405 [info] > git cat-file -s 838ac2ddb6458df03f7d860e6d4e917955438e3d [1ms]
2023-07-29 19:05:43.943 [info] > git add -A -- /home/pyturtle_/Documents/ESHOPPING/ecommerce/db.sqlite3 /home/pyturtle_/Documents/ESHOPPING/ecommerce/store/__pycache__/admin.cpython-310.pyc /home/pyturtle_/Documents/ESHOPPING/ecommerce/store/__pycache__/models.cpython-310.pyc /home/pyturtle_/Documents/ESHOPPING/ecommerce/store/admin.py /home/pyturtle_/Documents/ESHOPPING/ecommerce/store/models.py /home/pyturtle_/Documents/ESHOPPING/ecommerce/store/templates/base.html /home/pyturtle_/Documents/ESHOPPING/ecommerce/store/templates/product_list.html /home/pyturtle_/Documents/ESHOPPING/ecommerce/store/views.py /home/pyturtle_/Documents/ESHOPPING/ecommerce/media/products/2023/06/24/unnamed.png /home/pyturtle_/Documents/ESHOPPING/ecommerce/store/migrations/0001_initial.py /home/pyturtle_/Documents/ESHOPPING/ecommerce/store/migrations/__pycache__/0001_initial.cpython-310.pyc /home/pyturtle_/Documents/ESHOPPING/ecommerce/store/static/css/product.css /home/pyturtle_/Documents/ESHOPPING/ecommerce/store/static/image/20230531_140634.jpg /home/pyturtle_/Documents/ESHOPPING/ecommerce/store/static/image/unnamed.png /home/pyturtle_/Documents/ESHOPPING/ecommerce/store/templates/product/detail.html /home/pyturtle_/Documents/ESHOPPING/ecommerce/store/templates/product/list.html [13ms]
2023-07-29 19:05:43.955 [info] > git config --get commit.template [6ms]
2023-07-29 19:05:43.956 [info] > git for-each-ref --format=%(refname)%00%(upstream:short)%00%(objectname)%00%(upstream:track)%00%(upstream:remotename)%00%(upstream:remoteref) refs/heads/main refs/remotes/main [2ms]
2023-07-29 19:05:43.963 [info] > git status -z -uall [2ms]
2023-07-29 19:05:45.153 [info] > git config --get commit.template [6ms]
2023-07-29 19:05:45.153 [info] > git for-each-ref --format=%(refname)%00%(upstream:short)%00%(objectname)%00%(upstream:track)%00%(upstream:remotename)%00%(upstream:remoteref) refs/heads/main refs/remotes/main [0ms]
2023-07-29 19:05:45.161 [info] > git status -z -uall [2ms]
2023-07-29 19:05:45.266 [info] > git ls-files --stage -- /home/pyturtle_/Documents/ESHOPPING/ecommerce/ecommerce/settings.py [4ms]
2023-07-29 19:05:45.271 [info] > git ls-files --stage -- /home/pyturtle_/Documents/ESHOPPING/ecommerce/store/templates/base.html [14ms]
2023-07-29 19:05:45.277 [info] > git ls-files --stage -- /home/pyturtle_/Documents/ESHOPPING/ecommerce/store/templates/product/list.html [23ms]
2023-07-29 19:05:45.281 [info] > git ls-files --stage -- /home/pyturtle_/Documents/ESHOPPING/ecommerce/store/templates/product_list.html [32ms]
2023-07-29 19:05:45.286 [info] > git cat-file -s 22b323bc07c1791d03b0b274c9515801d1de5334 [5ms]
2023-07-29 19:05:45.287 [info] > git cat-file -s 806f2b1854fa51ba331489e39f1ea6d7bc43c314 [10ms]
2023-07-29 19:05:45.287 [info] > git cat-file -s 838ac2ddb6458df03f7d860e6d4e917955438e3d [16ms]
2023-07-29 19:05:45.287 [info] > git cat-file -s fbbe482e336278ab626a07748098b0d94bedaa58 [2ms]
2023-07-29 19:05:45.329 [info] > git show --textconv :ecommerce/store/templates/product/list.html [15ms]
2023-07-29 19:05:45.329 [info] > git show --textconv :ecommerce/store/templates/base.html [11ms]
2023-07-29 19:05:45.330 [info] > git show --textconv :ecommerce/ecommerce/settings.py [6ms]
2023-07-29 19:05:45.330 [info] > git show --textconv :ecommerce/store/templates/product_list.html [2ms]
2023-07-29 19:05:49.649 [info] > git -c user.useConfigOnly=true commit --quiet --allow-empty-message --file - [5ms]
2023-07-29 19:05:49.655 [info] > git config --get commit.template [1ms]
2023-07-29 19:05:49.665 [info] > git config --get commit.template [5ms]
2023-07-29 19:05:49.666 [info] > git for-each-ref --format=%(refname)%00%(upstream:short)%00%(objectname)%00%(upstream:track)%00%(upstream:remotename)%00%(upstream:remoteref) refs/heads/main refs/remotes/main [1ms]
2023-07-29 19:05:49.671 [info] > git status -z -uall [2ms]
2023-07-29 19:05:49.827 [info] > git config --get commit.template [7ms]
2023-07-29 19:05:49.827 [info] > git for-each-ref --format=%(refname)%00%(upstream:short)%00%(objectname)%00%(upstream:track)%00%(upstream:remotename)%00%(upstream:remoteref) refs/heads/main refs/remotes/main [2ms]
2023-07-29 19:05:49.833 [info] > git status -z -uall [1ms]
2023-07-29 19:05:50.961 [info] > git ls-files --stage -- /home/pyturtle_/Documents/ESHOPPING/ecommerce/store/templates/base.html [5ms]
2023-07-29 19:05:50.966 [info] > git ls-files --stage -- /home/pyturtle_/Documents/ESHOPPING/ecommerce/store/templates/product/list.html [14ms]
2023-07-29 19:05:50.970 [info] > git ls-files --stage -- /home/pyturtle_/Documents/ESHOPPING/ecommerce/store/templates/product_list.html [24ms]
2023-07-29 19:05:50.975 [info] > git cat-file -s 22b323bc07c1791d03b0b274c9515801d1de5334 [5ms]
2023-07-29 19:05:50.975 [info] > git cat-file -s 806f2b1854fa51ba331489e39f1ea6d7bc43c314 [9ms]
2023-07-29 19:05:50.975 [info] > git ls-files --stage -- /home/pyturtle_/Documents/ESHOPPING/ecommerce/ecommerce/settings.py [14ms]
2023-07-29 19:05:50.981 [info] > git cat-file -s fbbe482e336278ab626a07748098b0d94bedaa58 [7ms]
2023-07-29 19:05:50.981 [info] > git cat-file -s 838ac2ddb6458df03f7d860e6d4e917955438e3d [1ms]
2023-07-29 19:05:50.991 [info] > git show --textconv :ecommerce/store/templates/product/list.html [4ms]
2023-07-29 19:05:50.992 [info] > git show --textconv :ecommerce/store/templates/base.html [1ms]
2023-07-29 19:05:51.003 [info] > git show --textconv :ecommerce/store/templates/product_list.html [5ms]
2023-07-29 19:05:51.003 [info] > git show --textconv :ecommerce/ecommerce/settings.py [1ms]
2023-07-29 19:05:57.031 [info] > git push -u origin main [5409ms]
2023-07-29 19:05:57.031 [info] To https://github.com/pyturtleyay/Django-11.git
 ! [rejected]        main -> main (fetch first)
error: failed to push some refs to 'https://github.com/pyturtleyay/Django-11.git'
hint: Updates were rejected because the remote contains work that you do
hint: not have locally. This is usually caused by another repository pushing
hint: to the same ref. You may want to first integrate the remote changes
hint: (e.g., 'git pull ...') before pushing again.
hint: See the 'Note about fast-forwards' in 'git push --help' for details.
2023-07-29 19:05:57.041 [info] > git config --get commit.template [4ms]
2023-07-29 19:05:57.042 [info] > git for-each-ref --format=%(refname)%00%(upstream:short)%00%(objectname)%00%(upstream:track)%00%(upstream:remotename)%00%(upstream:remoteref) refs/heads/main refs/remotes/main [0ms]
2023-07-29 19:05:57.049 [info] > git status -z -uall [2ms]
2023-07-29 19:07:05.412 [info] > git config --get commit.template [7ms]
2023-07-29 19:07:05.412 [info] > git for-each-ref --format=%(refname)%00%(upstream:short)%00%(objectname)%00%(upstream:track)%00%(upstream:remotename)%00%(upstream:remoteref) refs/heads/main refs/remotes/main [1ms]
2023-07-29 19:07:05.418 [info] > git status -z -uall [2ms]
2023-07-29 19:07:05.522 [info] > git ls-files --stage -- /home/pyturtle_/Documents/ESHOPPING/ecommerce/store/templates/base.html [6ms]
2023-07-29 19:07:05.529 [info] > git ls-files --stage -- /home/pyturtle_/Documents/ESHOPPING/ecommerce/store/templates/product/list.html [17ms]
2023-07-29 19:07:05.533 [info] > git ls-files --stage -- /home/pyturtle_/Documents/ESHOPPING/ecommerce/store/templates/product_list.html [25ms]
2023-07-29 19:07:05.536 [info] > git cat-file -s 22b323bc07c1791d03b0b274c9515801d1de5334 [4ms]
2023-07-29 19:07:05.536 [info] > git cat-file -s 806f2b1854fa51ba331489e39f1ea6d7bc43c314 [8ms]
2023-07-29 19:07:05.537 [info] > git ls-files --stage -- /home/pyturtle_/Documents/ESHOPPING/ecommerce/ecommerce/settings.py [17ms]
2023-07-29 19:07:05.540 [info] > git cat-file -s fbbe482e336278ab626a07748098b0d94bedaa58 [5ms]
2023-07-29 19:07:05.540 [info] > git cat-file -s 838ac2ddb6458df03f7d860e6d4e917955438e3d [1ms]
2023-07-29 19:07:05.559 [info] > git show --textconv :ecommerce/store/templates/product/list.html [8ms]
2023-07-29 19:07:05.560 [info] > git show --textconv :ecommerce/store/templates/base.html [2ms]
2023-07-29 19:07:05.574 [info] > git show --textconv :ecommerce/store/templates/product_list.html [5ms]
2023-07-29 19:07:05.574 [info] > git show --textconv :ecommerce/ecommerce/settings.py [1ms]
2023-07-29 19:07:06.758 [info] > git ls-files --stage -- /home/pyturtle_/Documents/ESHOPPING/ecommerce/store/templates/base.html [4ms]
2023-07-29 19:07:06.762 [info] > git ls-files --stage -- /home/pyturtle_/Documents/ESHOPPING/ecommerce/store/templates/product/list.html [13ms]
2023-07-29 19:07:06.765 [info] > git ls-files --stage -- /home/pyturtle_/Documents/ESHOPPING/ecommerce/store/templates/product_list.html [21ms]
2023-07-29 19:07:06.769 [info] > git cat-file -s 22b323bc07c1791d03b0b274c9515801d1de5334 [4ms]
2023-07-29 19:07:06.770 [info] > git cat-file -s 806f2b1854fa51ba331489e39f1ea6d7bc43c314 [8ms]
2023-07-29 19:07:06.770 [info] > git ls-files --stage -- /home/pyturtle_/Documents/ESHOPPING/ecommerce/ecommerce/settings.py [13ms]
2023-07-29 19:07:06.776 [info] > git cat-file -s fbbe482e336278ab626a07748098b0d94bedaa58 [6ms]
2023-07-29 19:07:06.776 [info] > git cat-file -s 838ac2ddb6458df03f7d860e6d4e917955438e3d [1ms]
2023-07-29 19:07:06.790 [info] > git show --textconv :ecommerce/store/templates/product/list.html [8ms]
2023-07-29 19:07:06.790 [info] > git show --textconv :ecommerce/store/templates/base.html [5ms]
2023-07-29 19:07:06.790 [info] > git show --textconv :ecommerce/store/templates/product_list.html [1ms]
2023-07-29 19:07:06.795 [info] > git show --textconv :ecommerce/ecommerce/settings.py [0ms]
2023-07-29 19:07:10.440 [info] > git config --get commit.template [8ms]
2023-07-29 19:07:10.440 [info] > git for-each-ref --format=%(refname)%00%(upstream:short)%00%(objectname)%00%(upstream:track)%00%(upstream:remotename)%00%(upstream:remoteref) refs/heads/main refs/remotes/main [1ms]
2023-07-29 19:07:10.448 [info] > git status -z -uall [1ms]
2023-07-29 19:07:21.097 [info] > git config --get commit.template [6ms]
2023-07-29 19:07:21.097 [info] > git for-each-ref --format=%(refname)%00%(upstream:short)%00%(objectname)%00%(upstream:track)%00%(upstream:remotename)%00%(upstream:remoteref) refs/heads/main refs/remotes/main [1ms]
2023-07-29 19:07:21.104 [info] > git status -z -uall [1ms]
2023-07-29 19:07:21.208 [info] > git ls-files --stage -- /home/pyturtle_/Documents/ESHOPPING/ecommerce/store/templates/base.html [4ms]
2023-07-29 19:07:21.214 [info] > git ls-files --stage -- /home/pyturtle_/Documents/ESHOPPING/ecommerce/store/templates/product/list.html [16ms]
2023-07-29 19:07:21.218 [info] > git ls-files --stage -- /home/pyturtle_/Documents/ESHOPPING/ecommerce/store/templates/product_list.html [24ms]
2023-07-29 19:07:21.223 [info] > git cat-file -s 22b323bc07c1791d03b0b274c9515801d1de5334 [5ms]
2023-07-29 19:07:21.223 [info] > git cat-file -s 806f2b1854fa51ba331489e39f1ea6d7bc43c314 [9ms]
2023-07-29 19:07:21.223 [info] > git ls-files --stage -- /home/pyturtle_/Documents/ESHOPPING/ecommerce/ecommerce/settings.py [16ms]
2023-07-29 19:07:21.227 [info] > git cat-file -s fbbe482e336278ab626a07748098b0d94bedaa58 [5ms]
2023-07-29 19:07:21.227 [info] > git cat-file -s 838ac2ddb6458df03f7d860e6d4e917955438e3d [0ms]
2023-07-29 19:07:21.237 [info] > git show --textconv :ecommerce/store/templates/product/list.html [4ms]
2023-07-29 19:07:21.238 [info] > git show --textconv :ecommerce/store/templates/base.html [1ms]
2023-07-29 19:07:21.249 [info] > git show --textconv :ecommerce/store/templates/product_list.html [3ms]
2023-07-29 19:07:21.250 [info] > git show --textconv :ecommerce/ecommerce/settings.py [1ms]
2023-07-29 19:07:26.313 [info] > git config --get commit.template [7ms]
2023-07-29 19:07:26.313 [info] > git for-each-ref --format=%(refname)%00%(upstream:short)%00%(objectname)%00%(upstream:track)%00%(upstream:remotename)%00%(upstream:remoteref) refs/heads/main refs/remotes/main [1ms]
2023-07-29 19:07:26.319 [info] > git status -z -uall [1ms]
2023-07-29 19:07:26.421 [info] > git ls-files --stage -- /home/pyturtle_/Documents/ESHOPPING/ecommerce/store/templates/base.html [5ms]
2023-07-29 19:07:26.425 [info] > git ls-files --stage -- /home/pyturtle_/Documents/ESHOPPING/ecommerce/store/templates/product/list.html [14ms]
2023-07-29 19:07:26.429 [info] > git ls-files --stage -- /home/pyturtle_/Documents/ESHOPPING/ecommerce/store/templates/product_list.html [22ms]
2023-07-29 19:07:26.434 [info] > git cat-file -s 22b323bc07c1791d03b0b274c9515801d1de5334 [5ms]
2023-07-29 19:07:26.435 [info] > git cat-file -s 806f2b1854fa51ba331489e39f1ea6d7bc43c314 [10ms]
2023-07-29 19:07:26.435 [info] > git ls-files --stage -- /home/pyturtle_/Documents/ESHOPPING/ecommerce/ecommerce/settings.py [14ms]
2023-07-29 19:07:26.438 [info] > git cat-file -s fbbe482e336278ab626a07748098b0d94bedaa58 [4ms]
2023-07-29 19:07:26.439 [info] > git cat-file -s 838ac2ddb6458df03f7d860e6d4e917955438e3d [1ms]
2023-07-29 19:07:26.457 [info] > git show --textconv :ecommerce/store/templates/product/list.html [11ms]
2023-07-29 19:07:26.457 [info] > git show --textconv :ecommerce/store/templates/base.html [8ms]
2023-07-29 19:07:26.457 [info] > git show --textconv :ecommerce/store/templates/product_list.html [5ms]
2023-07-29 19:07:26.458 [info] > git show --textconv :ecommerce/ecommerce/settings.py [1ms]
2023-07-29 19:08:53.468 [info] > git push -u origin main [1199ms]
2023-07-29 19:08:53.468 [info] To https://github.com/pyturtleyay/Django-11.git
 ! [rejected]        main -> main (non-fast-forward)
error: failed to push some refs to 'https://github.com/pyturtleyay/Django-11.git'
hint: Updates were rejected because the tip of your current branch is behind
hint: its remote counterpart. Integrate the remote changes (e.g.
hint: 'git pull ...') before pushing again.
hint: See the 'Note about fast-forwards' in 'git push --help' for details.
2023-07-29 19:08:53.479 [info] > git config --get commit.template [5ms]
2023-07-29 19:08:53.479 [info] > git for-each-ref --format=%(refname)%00%(upstream:short)%00%(objectname)%00%(upstream:track)%00%(upstream:remotename)%00%(upstream:remoteref) refs/heads/main refs/remotes/main [1ms]
2023-07-29 19:08:53.485 [info] > git status -z -uall [2ms]
2023-07-29 19:09:17.981 [info] > git config --get commit.template [6ms]
2023-07-29 19:09:17.981 [info] > git for-each-ref --format=%(refname)%00%(upstream:short)%00%(objectname)%00%(upstream:track)%00%(upstream:remotename)%00%(upstream:remoteref) refs/heads/main refs/remotes/main [1ms]
2023-07-29 19:09:17.988 [info] > git status -z -uall [2ms]
2023-07-29 19:09:18.092 [info] > git ls-files --stage -- /home/pyturtle_/Documents/ESHOPPING/ecommerce/store/templates/base.html [6ms]
2023-07-29 19:09:18.097 [info] > git ls-files --stage -- /home/pyturtle_/Documents/ESHOPPING/ecommerce/store/templates/product/list.html [16ms]
2023-07-29 19:09:18.102 [info] > git ls-files --stage -- /home/pyturtle_/Documents/ESHOPPING/ecommerce/store/templates/product_list.html [27ms]
2023-07-29 19:09:18.106 [info] > git cat-file -s 22b323bc07c1791d03b0b274c9515801d1de5334 [4ms]
2023-07-29 19:09:18.106 [info] > git cat-file -s 806f2b1854fa51ba331489e39f1ea6d7bc43c314 [10ms]
2023-07-29 19:09:18.107 [info] > git ls-files --stage -- /home/pyturtle_/Documents/ESHOPPING/ecommerce/ecommerce/settings.py [15ms]
2023-07-29 19:09:18.112 [info] > git cat-file -s fbbe482e336278ab626a07748098b0d94bedaa58 [7ms]
2023-07-29 19:09:18.112 [info] > git cat-file -s 838ac2ddb6458df03f7d860e6d4e917955438e3d [1ms]
2023-07-29 19:09:18.122 [info] > git show --textconv :ecommerce/store/templates/product/list.html [5ms]
2023-07-29 19:09:18.123 [info] > git show --textconv :ecommerce/store/templates/base.html [1ms]
2023-07-29 19:09:18.133 [info] > git show --textconv :ecommerce/store/templates/product_list.html [4ms]
2023-07-29 19:09:18.134 [info] > git show --textconv :ecommerce/ecommerce/settings.py [1ms]
2023-07-29 19:09:38.604 [info] > git config --get commit.template [7ms]
2023-07-29 19:09:38.605 [info] > git for-each-ref --format=%(refname)%00%(upstream:short)%00%(objectname)%00%(upstream:track)%00%(upstream:remotename)%00%(upstream:remoteref) refs/heads/main refs/remotes/main [1ms]
2023-07-29 19:09:38.612 [info] > git status -z -uall [1ms]
2023-07-29 19:09:38.714 [info] > git ls-files --stage -- /home/pyturtle_/Documents/ESHOPPING/ecommerce/store/templates/base.html [5ms]
2023-07-29 19:09:38.718 [info] > git ls-files --stage -- /home/pyturtle_/Documents/ESHOPPING/ecommerce/store/templates/product/list.html [14ms]
2023-07-29 19:09:38.722 [info] > git ls-files --stage -- /home/pyturtle_/Documents/ESHOPPING/ecommerce/store/templates/product_list.html [24ms]
2023-07-29 19:09:38.726 [info] > git cat-file -s 22b323bc07c1791d03b0b274c9515801d1de5334 [4ms]
2023-07-29 19:09:38.727 [info] > git cat-file -s 806f2b1854fa51ba331489e39f1ea6d7bc43c314 [9ms]
2023-07-29 19:09:38.727 [info] > git ls-files --stage -- /home/pyturtle_/Documents/ESHOPPING/ecommerce/ecommerce/settings.py [14ms]
2023-07-29 19:09:38.732 [info] > git cat-file -s fbbe482e336278ab626a07748098b0d94bedaa58 [6ms]
2023-07-29 19:09:38.733 [info] > git cat-file -s 838ac2ddb6458df03f7d860e6d4e917955438e3d [1ms]
2023-07-29 19:09:38.749 [info] > git show --textconv :ecommerce/store/templates/product/list.html [12ms]
2023-07-29 19:09:38.749 [info] > git show --textconv :ecommerce/store/templates/base.html [7ms]
2023-07-29 19:09:38.749 [info] > git show --textconv :ecommerce/store/templates/product_list.html [4ms]
2023-07-29 19:09:38.749 [info] > git show --textconv :ecommerce/ecommerce/settings.py [1ms]
2023-07-29 19:09:44.068 [info] > git config --get commit.template [6ms]
2023-07-29 19:09:44.068 [info] > git for-each-ref --format=%(refname)%00%(upstream:short)%00%(objectname)%00%(upstream:track)%00%(upstream:remotename)%00%(upstream:remoteref) refs/heads/main refs/remotes/main [0ms]
2023-07-29 19:09:44.073 [info] > git status -z -uall [1ms]
2023-07-29 19:09:44.178 [info] > git ls-files --stage -- /home/pyturtle_/Documents/ESHOPPING/ecommerce/store/templates/base.html [6ms]
2023-07-29 19:09:44.183 [info] > git ls-files --stage -- /home/pyturtle_/Documents/ESHOPPING/ecommerce/store/templates/product/list.html [15ms]
2023-07-29 19:09:44.188 [info] > git ls-files --stage -- /home/pyturtle_/Documents/ESHOPPING/ecommerce/store/templates/product_list.html [25ms]
2023-07-29 19:09:44.192 [info] > git cat-file -s 22b323bc07c1791d03b0b274c9515801d1de5334 [4ms]
2023-07-29 19:09:44.192 [info] > git cat-file -s 806f2b1854fa51ba331489e39f1ea6d7bc43c314 [10ms]
2023-07-29 19:09:44.192 [info] > git ls-files --stage -- /home/pyturtle_/Documents/ESHOPPING/ecommerce/ecommerce/settings.py [15ms]
2023-07-29 19:09:44.197 [info] > git cat-file -s fbbe482e336278ab626a07748098b0d94bedaa58 [5ms]
2023-07-29 19:09:44.197 [info] > git cat-file -s 838ac2ddb6458df03f7d860e6d4e917955438e3d [1ms]
2023-07-29 19:09:44.205 [info] > git show --textconv :ecommerce/store/templates/product/list.html [4ms]
2023-07-29 19:09:44.217 [info] > git show --textconv :ecommerce/store/templates/base.html [12ms]
2023-07-29 19:09:44.217 [info] > git show --textconv :ecommerce/store/templates/product_list.html [5ms]
2023-07-29 19:09:44.218 [info] > git show --textconv :ecommerce/ecommerce/settings.py [1ms]
2023-07-29 19:09:59.009 [info] > git config --get commit.template [7ms]
2023-07-29 19:09:59.009 [info] > git for-each-ref --format=%(refname)%00%(upstream:short)%00%(objectname)%00%(upstream:track)%00%(upstream:remotename)%00%(upstream:remoteref) refs/heads/main refs/remotes/main [1ms]
2023-07-29 19:09:59.014 [info] > git status -z -uall [1ms]
2023-07-29 19:09:59.116 [info] > git ls-files --stage -- /home/pyturtle_/Documents/ESHOPPING/ecommerce/store/templates/base.html [4ms]
2023-07-29 19:09:59.121 [info] > git ls-files --stage -- /home/pyturtle_/Documents/ESHOPPING/ecommerce/store/templates/product/list.html [14ms]
2023-07-29 19:09:59.124 [info] > git ls-files --stage -- /home/pyturtle_/Documents/ESHOPPING/ecommerce/store/templates/product_list.html [22ms]
2023-07-29 19:09:59.128 [info] > git cat-file -s 22b323bc07c1791d03b0b274c9515801d1de5334 [4ms]
2023-07-29 19:09:59.129 [info] > git cat-file -s 806f2b1854fa51ba331489e39f1ea6d7bc43c314 [7ms]
2023-07-29 19:09:59.130 [info] > git ls-files --stage -- /home/pyturtle_/Documents/ESHOPPING/ecommerce/ecommerce/settings.py [14ms]
2023-07-29 19:09:59.133 [info] > git cat-file -s fbbe482e336278ab626a07748098b0d94bedaa58 [6ms]
2023-07-29 19:09:59.134 [info] > git cat-file -s 838ac2ddb6458df03f7d860e6d4e917955438e3d [1ms]
2023-07-29 19:09:59.148 [info] > git show --textconv :ecommerce/store/templates/product/list.html [9ms]
2023-07-29 19:09:59.148 [info] > git show --textconv :ecommerce/store/templates/base.html [4ms]
2023-07-29 19:09:59.149 [info] > git show --textconv :ecommerce/store/templates/product_list.html [2ms]
2023-07-29 19:09:59.157 [info] > git show --textconv :ecommerce/ecommerce/settings.py [2ms]
2023-07-29 19:10:01.363 [info] > git ls-files --stage -- /home/pyturtle_/Documents/ESHOPPING/ecommerce/store/templates/base.html [6ms]
2023-07-29 19:10:01.369 [info] > git ls-files --stage -- /home/pyturtle_/Documents/ESHOPPING/ecommerce/store/templates/product/list.html [19ms]
2023-07-29 19:10:01.376 [info] > git ls-files --stage -- /home/pyturtle_/Documents/ESHOPPING/ecommerce/store/templates/product_list.html [30ms]
2023-07-29 19:10:01.382 [info] > git cat-file -s 22b323bc07c1791d03b0b274c9515801d1de5334 [6ms]
2023-07-29 19:10:01.382 [info] > git cat-file -s 806f2b1854fa51ba331489e39f1ea6d7bc43c314 [14ms]
2023-07-29 19:10:01.382 [info] > git ls-files --stage -- /home/pyturtle_/Documents/ESHOPPING/ecommerce/ecommerce/settings.py [20ms]
2023-07-29 19:10:01.386 [info] > git cat-file -s fbbe482e336278ab626a07748098b0d94bedaa58 [5ms]
2023-07-29 19:10:01.387 [info] > git cat-file -s 838ac2ddb6458df03f7d860e6d4e917955438e3d [1ms]
2023-07-29 19:10:01.400 [info] > git show --textconv :ecommerce/store/templates/product/list.html [7ms]
2023-07-29 19:10:01.400 [info] > git show --textconv :ecommerce/store/templates/base.html [4ms]
2023-07-29 19:10:01.400 [info] > git show --textconv :ecommerce/store/templates/product_list.html [0ms]
2023-07-29 19:10:01.405 [info] > git show --textconv :ecommerce/ecommerce/settings.py [1ms]
2023-07-29 19:10:04.027 [info] > git config --get commit.template [5ms]
2023-07-29 19:10:04.028 [info] > git for-each-ref --format=%(refname)%00%(upstream:short)%00%(objectname)%00%(upstream:track)%00%(upstream:remotename)%00%(upstream:remoteref) refs/heads/main refs/remotes/main [2ms]
2023-07-29 19:10:04.045 [info] > git status -z -uall [12ms]
2023-07-29 19:10:18.535 [info] > git ls-files --stage -- /home/pyturtle_/Documents/ESHOPPING/ecommerce/store/templates/base.html [3ms]
2023-07-29 19:10:18.538 [info] > git ls-files --stage -- /home/pyturtle_/Documents/ESHOPPING/ecommerce/store/templates/product/list.html [10ms]
2023-07-29 19:10:18.541 [info] > git ls-files --stage -- /home/pyturtle_/Documents/ESHOPPING/ecommerce/store/templates/product_list.html [17ms]
2023-07-29 19:10:18.545 [info] > git config --get commit.template [26ms]
2023-07-29 19:10:18.548 [info] > git cat-file -s 22b323bc07c1791d03b0b274c9515801d1de5334 [7ms]
2023-07-29 19:10:18.549 [info] > git cat-file -s 806f2b1854fa51ba331489e39f1ea6d7bc43c314 [11ms]
2023-07-29 19:10:18.549 [info] > git ls-files --stage -- /home/pyturtle_/Documents/ESHOPPING/ecommerce/ecommerce/settings.py [15ms]
2023-07-29 19:10:18.553 [info] > git for-each-ref --format=%(refname)%00%(upstream:short)%00%(objectname)%00%(upstream:track)%00%(upstream:remotename)%00%(upstream:remoteref) refs/heads/main refs/remotes/main [5ms]
2023-07-29 19:10:18.557 [info] > git cat-file -s fbbe482e336278ab626a07748098b0d94bedaa58 [12ms]
2023-07-29 19:10:18.565 [info] > git show --textconv :ecommerce/store/templates/product/list.html [4ms]
2023-07-29 19:10:18.565 [info] > git cat-file -s 838ac2ddb6458df03f7d860e6d4e917955438e3d [13ms]
2023-07-29 19:10:18.566 [info] > git show --textconv :ecommerce/store/templates/base.html [1ms]
2023-07-29 19:10:18.567 [info] > git status -z -uall [10ms]
2023-07-29 19:10:18.590 [info] > git show --textconv :ecommerce/store/templates/product_list.html [7ms]
2023-07-29 19:10:18.590 [info] > git show --textconv :ecommerce/ecommerce/settings.py [1ms]
2023-07-29 19:10:32.190 [info] > git check-ignore -v -z --stdin [1ms]
2023-07-29 19:10:33.321 [info] > git check-ignore -v -z --stdin [1ms]
2023-07-29 19:15:32.167 [info] > git check-ignore -v -z --stdin [1ms]
2023-07-29 19:15:41.357 [info] > git config --get commit.template [8ms]
2023-07-29 19:15:41.357 [info] > git for-each-ref --format=%(refname)%00%(upstream:short)%00%(objectname)%00%(upstream:track)%00%(upstream:remotename)%00%(upstream:remoteref) refs/heads/main refs/remotes/main [1ms]
2023-07-29 19:15:41.376 [info] > git status -z -uall [11ms]
2023-07-29 19:15:44.544 [info] > git show --textconv :ecommerce/requirements.txt [5ms]
2023-07-29 19:15:44.545 [info] > git ls-files --stage -- /home/pyturtle_/Documents/ESHOPPING/ecommerce/requirements.txt [1ms]
2023-07-29 19:16:07.215 [info] > git config --get commit.template [4ms]
2023-07-29 19:16:07.216 [info] > git for-each-ref --format=%(refname)%00%(upstream:short)%00%(objectname)%00%(upstream:track)%00%(upstream:remotename)%00%(upstream:remoteref) refs/heads/main refs/remotes/main [1ms]
2023-07-29 19:16:07.223 [info] > git status -z -uall [2ms]
2023-07-29 19:16:07.337 [info] > git ls-files --stage -- /home/pyturtle_/Documents/ESHOPPING/ecommerce/requirements.txt [1ms]
2023-07-29 19:16:07.341 [info] > git ls-files --stage -- /home/pyturtle_/Documents/ESHOPPING/ecommerce/ecommerce/settings.py [9ms]
2023-07-29 19:16:07.346 [info] > git ls-files --stage -- /home/pyturtle_/Documents/ESHOPPING/ecommerce/store/templates/base.html [17ms]
2023-07-29 19:16:07.350 [info] > git ls-files --stage -- /home/pyturtle_/Documents/ESHOPPING/ecommerce/store/templates/product/list.html [26ms]
2023-07-29 19:16:07.357 [info] > git ls-files --stage -- /home/pyturtle_/Documents/ESHOPPING/ecommerce/store/templates/product_list.html [40ms]
2023-07-29 19:16:07.363 [info] > git cat-file -s 22b323bc07c1791d03b0b274c9515801d1de5334 [6ms]
2023-07-29 19:16:07.363 [info] > git cat-file -s 806f2b1854fa51ba331489e39f1ea6d7bc43c314 [13ms]
2023-07-29 19:16:07.364 [info] > git cat-file -s 838ac2ddb6458df03f7d860e6d4e917955438e3d [18ms]
2023-07-29 19:16:07.364 [info] > git cat-file -s b1c21b773da65571dadf31ba99c80279c74df87d [23ms]
2023-07-29 19:16:07.364 [info] > git cat-file -s fbbe482e336278ab626a07748098b0d94bedaa58 [2ms]
2023-07-29 19:16:07.384 [info] > git show --textconv :ecommerce/store/templates/product/list.html [15ms]
2023-07-29 19:16:07.384 [info] > git show --textconv :ecommerce/store/templates/base.html [10ms]
2023-07-29 19:16:07.384 [info] > git show --textconv :ecommerce/ecommerce/settings.py [6ms]
2023-07-29 19:16:07.385 [info] > git show --textconv :ecommerce/requirements.txt [2ms]
2023-07-29 19:16:07.403 [info] > git show --textconv :ecommerce/store/templates/product_list.html [2ms]
2023-07-29 19:16:22.690 [info] > git config --get commit.template [5ms]
2023-07-29 19:16:22.690 [info] > git for-each-ref --format=%(refname)%00%(upstream:short)%00%(objectname)%00%(upstream:track)%00%(upstream:remotename)%00%(upstream:remoteref) refs/heads/main refs/remotes/main [1ms]
2023-07-29 19:16:22.695 [info] > git status -z -uall [1ms]
2023-07-29 19:16:22.809 [info] > git ls-files --stage -- /home/pyturtle_/Documents/ESHOPPING/ecommerce/requirements.txt [2ms]
2023-07-29 19:16:22.814 [info] > git ls-files --stage -- /home/pyturtle_/Documents/ESHOPPING/ecommerce/ecommerce/settings.py [12ms]
2023-07-29 19:16:22.818 [info] > git ls-files --stage -- /home/pyturtle_/Documents/ESHOPPING/ecommerce/store/templates/base.html [21ms]
2023-07-29 19:16:22.820 [info] > git ls-files --stage -- /home/pyturtle_/Documents/ESHOPPING/ecommerce/store/templates/product/list.html [28ms]
2023-07-29 19:16:22.823 [info] > git ls-files --stage -- /home/pyturtle_/Documents/ESHOPPING/ecommerce/store/templates/product_list.html [35ms]
2023-07-29 19:16:22.827 [info] > git cat-file -s 22b323bc07c1791d03b0b274c9515801d1de5334 [4ms]
2023-07-29 19:16:22.827 [info] > git cat-file -s 806f2b1854fa51ba331489e39f1ea6d7bc43c314 [7ms]
2023-07-29 19:16:22.828 [info] > git cat-file -s 838ac2ddb6458df03f7d860e6d4e917955438e3d [10ms]
2023-07-29 19:16:22.828 [info] > git cat-file -s b1c21b773da65571dadf31ba99c80279c74df87d [14ms]
2023-07-29 19:16:22.828 [info] > git cat-file -s fbbe482e336278ab626a07748098b0d94bedaa58 [2ms]
2023-07-29 19:16:22.849 [info] > git show --textconv :ecommerce/store/templates/product/list.html [16ms]
2023-07-29 19:16:22.849 [info] > git show --textconv :ecommerce/store/templates/base.html [11ms]
2023-07-29 19:16:22.849 [info] > git show --textconv :ecommerce/ecommerce/settings.py [4ms]
2023-07-29 19:16:22.850 [info] > git show --textconv :ecommerce/requirements.txt [1ms]
2023-07-29 19:16:22.856 [info] > git show --textconv :ecommerce/store/templates/product_list.html [1ms]
2023-07-29 19:17:17.745 [info] > git config --get commit.template [4ms]
2023-07-29 19:17:17.746 [info] > git for-each-ref --format=%(refname)%00%(upstream:short)%00%(objectname)%00%(upstream:track)%00%(upstream:remotename)%00%(upstream:remoteref) refs/heads/main refs/remotes/main [1ms]
2023-07-29 19:17:17.751 [info] > git status -z -uall [1ms]
2023-07-29 19:17:17.858 [info] > git ls-files --stage -- /home/pyturtle_/Documents/ESHOPPING/ecommerce/requirements.txt [0ms]
2023-07-29 19:17:17.863 [info] > git ls-files --stage -- /home/pyturtle_/Documents/ESHOPPING/ecommerce/ecommerce/settings.py [10ms]
2023-07-29 19:17:17.867 [info] > git ls-files --stage -- /home/pyturtle_/Documents/ESHOPPING/ecommerce/store/templates/base.html [18ms]
2023-07-29 19:17:17.871 [info] > git ls-files --stage -- /home/pyturtle_/Documents/ESHOPPING/ecommerce/store/templates/product/list.html [26ms]
2023-07-29 19:17:17.874 [info] > git ls-files --stage -- /home/pyturtle_/Documents/ESHOPPING/ecommerce/store/templates/product_list.html [34ms]
2023-07-29 19:17:17.877 [info] > git cat-file -s 22b323bc07c1791d03b0b274c9515801d1de5334 [3ms]
2023-07-29 19:17:17.878 [info] > git cat-file -s 806f2b1854fa51ba331489e39f1ea6d7bc43c314 [7ms]
2023-07-29 19:17:17.878 [info] > git cat-file -s 838ac2ddb6458df03f7d860e6d4e917955438e3d [11ms]
2023-07-29 19:17:17.878 [info] > git cat-file -s b1c21b773da65571dadf31ba99c80279c74df87d [15ms]
2023-07-29 19:17:17.878 [info] > git cat-file -s fbbe482e336278ab626a07748098b0d94bedaa58 [1ms]
2023-07-29 19:17:17.913 [info] > git show --textconv :ecommerce/store/templates/product/list.html [21ms]
2023-07-29 19:17:17.913 [info] > git show --textconv :ecommerce/store/templates/base.html [17ms]
2023-07-29 19:17:17.913 [info] > git show --textconv :ecommerce/ecommerce/settings.py [12ms]
2023-07-29 19:17:17.913 [info] > git show --textconv :ecommerce/requirements.txt [8ms]
2023-07-29 19:17:17.914 [info] > git show --textconv :ecommerce/store/templates/product_list.html [2ms]
2023-07-29 19:17:36.882 [info] > git config --get commit.template [4ms]
2023-07-29 19:17:36.883 [info] > git for-each-ref --format=%(refname)%00%(upstream:short)%00%(objectname)%00%(upstream:track)%00%(upstream:remotename)%00%(upstream:remoteref) refs/heads/main refs/remotes/main [1ms]
2023-07-29 19:17:36.889 [info] > git status -z -uall [1ms]
2023-07-29 19:17:37.005 [info] > git ls-files --stage -- /home/pyturtle_/Documents/ESHOPPING/ecommerce/ecommerce/settings.py [5ms]
2023-07-29 19:17:37.010 [info] > git ls-files --stage -- /home/pyturtle_/Documents/ESHOPPING/ecommerce/store/templates/base.html [15ms]
2023-07-29 19:17:37.014 [info] > git ls-files --stage -- /home/pyturtle_/Documents/ESHOPPING/ecommerce/store/templates/product/list.html [22ms]
2023-07-29 19:17:37.018 [info] > git ls-files --stage -- /home/pyturtle_/Documents/ESHOPPING/ecommerce/store/templates/product_list.html [33ms]
2023-07-29 19:17:37.021 [info] > git cat-file -s 22b323bc07c1791d03b0b274c9515801d1de5334 [3ms]
2023-07-29 19:17:37.021 [info] > git cat-file -s 806f2b1854fa51ba331489e39f1ea6d7bc43c314 [8ms]
2023-07-29 19:17:37.022 [info] > git cat-file -s 838ac2ddb6458df03f7d860e6d4e917955438e3d [12ms]
2023-07-29 19:17:37.022 [info] > git ls-files --stage -- /home/pyturtle_/Documents/ESHOPPING/ecommerce/requirements.txt [18ms]
2023-07-29 19:17:37.027 [info] > git cat-file -s fbbe482e336278ab626a07748098b0d94bedaa58 [7ms]
2023-07-29 19:17:37.027 [info] > git cat-file -s b1c21b773da65571dadf31ba99c80279c74df87d [0ms]
2023-07-29 19:17:37.038 [info] > git show --textconv :ecommerce/store/templates/product/list.html [6ms]
2023-07-29 19:17:37.038 [info] > git show --textconv :ecommerce/store/templates/base.html [3ms]
2023-07-29 19:17:37.039 [info] > git show --textconv :ecommerce/ecommerce/settings.py [1ms]
2023-07-29 19:17:37.046 [info] > git show --textconv :ecommerce/store/templates/product_list.html [3ms]
2023-07-29 19:17:37.046 [info] > git show --textconv :ecommerce/requirements.txt [0ms]
2023-07-29 19:18:39.758 [info] > git check-ignore -v -z --stdin [1ms]
2023-07-29 19:18:42.216 [info] > git check-ignore -v -z --stdin [1ms]
2023-07-29 19:18:43.216 [info] > git show --textconv :ecommerce/store/templates/registration/logged_out.html [4ms]
2023-07-29 19:18:43.217 [info] > git ls-files --stage -- /home/pyturtle_/Documents/ESHOPPING/ecommerce/store/templates/registration/logged_out.html [0ms]
2023-07-29 19:18:43.221 [info] > git cat-file -s 4db1d97219a4ea179946057b439868ef4ef40fcd [1ms]
2023-07-29 19:36:20.856 [info] > git config --get commit.template [6ms]
2023-07-29 19:36:20.857 [info] > git for-each-ref --format=%(refname)%00%(upstream:short)%00%(objectname)%00%(upstream:track)%00%(upstream:remotename)%00%(upstream:remoteref) refs/heads/main refs/remotes/main [2ms]
2023-07-29 19:36:20.867 [info] > git status -z -uall [3ms]
2023-07-29 19:38:04.702 [info] > git check-ignore -v -z --stdin [1ms]
2023-07-29 19:38:12.918 [info] > git show --textconv :ecommerce/store/urls.py [5ms]
2023-07-29 19:38:12.918 [info] > git ls-files --stage -- /home/pyturtle_/Documents/ESHOPPING/ecommerce/store/urls.py [1ms]
2023-07-29 19:38:12.924 [info] > git cat-file -s d8475df0ac6fc122ac3c19549800e2ff545692a1 [2ms]
2023-07-29 19:38:23.428 [info] > git config --get commit.template [5ms]
2023-07-29 19:38:23.429 [info] > git for-each-ref --format=%(refname)%00%(upstream:short)%00%(objectname)%00%(upstream:track)%00%(upstream:remotename)%00%(upstream:remoteref) refs/heads/main refs/remotes/main [1ms]
2023-07-29 19:38:23.434 [info] > git status -z -uall [1ms]
2023-07-29 19:39:17.527 [info] > git config --get commit.template [6ms]
2023-07-29 19:39:17.527 [info] > git for-each-ref --format=%(refname)%00%(upstream:short)%00%(objectname)%00%(upstream:track)%00%(upstream:remotename)%00%(upstream:remoteref) refs/heads/main refs/remotes/main [1ms]
2023-07-29 19:39:17.534 [info] > git status -z -uall [2ms]
2023-07-29 19:43:17.061 [info] > git show --textconv :ecommerce/store/templates/product/detail.html [6ms]
2023-07-29 19:43:17.061 [info] > git ls-files --stage -- /home/pyturtle_/Documents/ESHOPPING/ecommerce/store/templates/product/detail.html [1ms]
2023-07-29 19:43:17.066 [info] > git cat-file -s 19b681c536158fdc18e38eb56edc9a418b94cd46 [1ms]
2023-07-29 19:45:33.021 [info] > git config --get commit.template [6ms]
2023-07-29 19:45:33.022 [info] > git for-each-ref --format=%(refname)%00%(upstream:short)%00%(objectname)%00%(upstream:track)%00%(upstream:remotename)%00%(upstream:remoteref) refs/heads/main refs/remotes/main [1ms]
2023-07-29 19:45:33.028 [info] > git status -z -uall [2ms]
2023-07-29 19:45:59.692 [info] > git config --get commit.template [8ms]
2023-07-29 19:45:59.693 [info] > git for-each-ref --format=%(refname)%00%(upstream:short)%00%(objectname)%00%(upstream:track)%00%(upstream:remotename)%00%(upstream:remoteref) refs/heads/main refs/remotes/main [2ms]
2023-07-29 19:45:59.703 [info] > git status -z -uall [3ms]
2023-07-29 19:46:16.754 [info] > git config --get commit.template [10ms]
2023-07-29 19:46:16.754 [info] > git for-each-ref --format=%(refname)%00%(upstream:short)%00%(objectname)%00%(upstream:track)%00%(upstream:remotename)%00%(upstream:remoteref) refs/heads/main refs/remotes/main [1ms]
2023-07-29 19:46:16.764 [info] > git status -z -uall [3ms]
2023-07-29 19:46:25.808 [info] > git config --get commit.template [8ms]
2023-07-29 19:46:25.809 [info] > git for-each-ref --format=%(refname)%00%(upstream:short)%00%(objectname)%00%(upstream:track)%00%(upstream:remotename)%00%(upstream:remoteref) refs/heads/main refs/remotes/main [1ms]
2023-07-29 19:46:25.816 [info] > git status -z -uall [1ms]
2023-07-29 19:46:49.901 [info] > git config --get commit.template [9ms]
2023-07-29 19:46:49.903 [info] > git for-each-ref --format=%(refname)%00%(upstream:short)%00%(objectname)%00%(upstream:track)%00%(upstream:remotename)%00%(upstream:remoteref) refs/heads/main refs/remotes/main [2ms]
2023-07-29 19:46:49.911 [info] > git status -z -uall [2ms]
2023-07-29 19:47:04.439 [info] > git config --get commit.template [6ms]
2023-07-29 19:47:04.439 [info] > git for-each-ref --format=%(refname)%00%(upstream:short)%00%(objectname)%00%(upstream:track)%00%(upstream:remotename)%00%(upstream:remoteref) refs/heads/main refs/remotes/main [1ms]
2023-07-29 19:47:04.446 [info] > git status -z -uall [2ms]
2023-07-29 19:47:13.833 [info] > git config --get commit.template [6ms]
2023-07-29 19:47:13.834 [info] > git for-each-ref --format=%(refname)%00%(upstream:short)%00%(objectname)%00%(upstream:track)%00%(upstream:remotename)%00%(upstream:remoteref) refs/heads/main refs/remotes/main [2ms]
2023-07-29 19:47:13.840 [info] > git status -z -uall [2ms]
2023-07-29 19:47:32.670 [info] > git config --get commit.template [6ms]
2023-07-29 19:47:32.670 [info] > git for-each-ref --format=%(refname)%00%(upstream:short)%00%(objectname)%00%(upstream:track)%00%(upstream:remotename)%00%(upstream:remoteref) refs/heads/main refs/remotes/main [1ms]
2023-07-29 19:47:32.678 [info] > git status -z -uall [2ms]
2023-07-29 19:50:30.864 [info] > git config --get commit.template [4ms]
2023-07-29 19:50:30.864 [info] > git for-each-ref --format=%(refname)%00%(upstream:short)%00%(objectname)%00%(upstream:track)%00%(upstream:remotename)%00%(upstream:remoteref) refs/heads/main refs/remotes/main [1ms]
2023-07-29 19:50:30.869 [info] > git status -z -uall [2ms]
2023-07-29 19:50:35.887 [info] > git config --get commit.template [6ms]
2023-07-29 19:50:35.888 [info] > git for-each-ref --format=%(refname)%00%(upstream:short)%00%(objectname)%00%(upstream:track)%00%(upstream:remotename)%00%(upstream:remoteref) refs/heads/main refs/remotes/main [1ms]
2023-07-29 19:50:35.893 [info] > git status -z -uall [1ms]
2023-07-29 19:50:56.476 [info] > git show --textconv :ecommerce/store/admin.py [6ms]
2023-07-29 19:50:56.477 [info] > git ls-files --stage -- /home/pyturtle_/Documents/ESHOPPING/ecommerce/store/admin.py [1ms]
2023-07-29 19:50:56.484 [info] > git cat-file -s 9d015faa0cdab5d7b88995b1417c888e5f50a83a [2ms]
2023-07-29 19:51:22.774 [info] > git config --get commit.template [9ms]
2023-07-29 19:51:22.774 [info] > git for-each-ref --format=%(refname)%00%(upstream:short)%00%(objectname)%00%(upstream:track)%00%(upstream:remotename)%00%(upstream:remoteref) refs/heads/main refs/remotes/main [1ms]
2023-07-29 19:51:22.782 [info] > git status -z -uall [2ms]
2023-07-29 19:51:39.559 [info] > git config --get commit.template [10ms]
2023-07-29 19:51:39.560 [info] > git for-each-ref --format=%(refname)%00%(upstream:short)%00%(objectname)%00%(upstream:track)%00%(upstream:remotename)%00%(upstream:remoteref) refs/heads/main refs/remotes/main [1ms]
2023-07-29 19:51:39.571 [info] > git status -z -uall [3ms]
2023-07-29 19:51:59.178 [info] > git config --get commit.template [7ms]
2023-07-29 19:51:59.178 [info] > git for-each-ref --format=%(refname)%00%(upstream:short)%00%(objectname)%00%(upstream:track)%00%(upstream:remotename)%00%(upstream:remoteref) refs/heads/main refs/remotes/main [1ms]
2023-07-29 19:51:59.186 [info] > git status -z -uall [2ms]
2023-07-29 19:53:00.661 [info] > git show --textconv :ecommerce/store/static/css/product.css [6ms]
2023-07-29 19:53:00.661 [info] > git ls-files --stage -- /home/pyturtle_/Documents/ESHOPPING/ecommerce/store/static/css/product.css [1ms]
2023-07-29 19:53:00.667 [info] > git cat-file -s b9674ce9374a8736b0ad59b7926f65847051a512 [1ms]
2023-07-29 19:53:18.145 [info] > git show --textconv :ecommerce/store/static/css/style.scss [6ms]
2023-07-29 19:53:18.145 [info] > git ls-files --stage -- /home/pyturtle_/Documents/ESHOPPING/ecommerce/store/static/css/style.scss [1ms]
2023-07-29 19:53:18.153 [info] > git cat-file -s e69de29bb2d1d6434b8b29ae775ad8c2e48c5391 [1ms]
2023-07-29 19:53:34.003 [info] > git config --get commit.template [5ms]
2023-07-29 19:53:34.003 [info] > git for-each-ref --format=%(refname)%00%(upstream:short)%00%(objectname)%00%(upstream:track)%00%(upstream:remotename)%00%(upstream:remoteref) refs/heads/main refs/remotes/main [0ms]
2023-07-29 19:53:34.011 [info] > git status -z -uall [2ms]
2023-07-29 19:55:42.953 [info] > git config --get commit.template [9ms]
2023-07-29 19:55:42.954 [info] > git for-each-ref --format=%(refname)%00%(upstream:short)%00%(objectname)%00%(upstream:track)%00%(upstream:remotename)%00%(upstream:remoteref) refs/heads/main refs/remotes/main [2ms]
2023-07-29 19:55:42.968 [info] > git status -z -uall [3ms]
2023-07-29 19:56:13.988 [info] > git config --get commit.template [11ms]
2023-07-29 19:56:13.988 [info] > git for-each-ref --format=%(refname)%00%(upstream:short)%00%(objectname)%00%(upstream:track)%00%(upstream:remotename)%00%(upstream:remoteref) refs/heads/main refs/remotes/main [1ms]
2023-07-29 19:56:14.000 [info] > git status -z -uall [2ms]
2023-07-29 19:57:08.242 [info] > git config --get commit.template [10ms]
2023-07-29 19:57:08.243 [info] > git for-each-ref --format=%(refname)%00%(upstream:short)%00%(objectname)%00%(upstream:track)%00%(upstream:remotename)%00%(upstream:remoteref) refs/heads/main refs/remotes/main [3ms]
2023-07-29 19:57:08.254 [info] > git status -z -uall [2ms]
2023-07-29 19:57:21.298 [info] > git config --get commit.template [7ms]
2023-07-29 19:57:21.298 [info] > git for-each-ref --format=%(refname)%00%(upstream:short)%00%(objectname)%00%(upstream:track)%00%(upstream:remotename)%00%(upstream:remoteref) refs/heads/main refs/remotes/main [1ms]
2023-07-29 19:57:21.306 [info] > git status -z -uall [2ms]
2023-07-29 19:57:30.707 [info] > git config --get commit.template [6ms]
2023-07-29 19:57:30.708 [info] > git for-each-ref --format=%(refname)%00%(upstream:short)%00%(objectname)%00%(upstream:track)%00%(upstream:remotename)%00%(upstream:remoteref) refs/heads/main refs/remotes/main [2ms]
2023-07-29 19:57:30.715 [info] > git status -z -uall [2ms]
2023-07-29 19:57:39.838 [info] > git config --get commit.template [6ms]
2023-07-29 19:57:39.839 [info] > git for-each-ref --format=%(refname)%00%(upstream:short)%00%(objectname)%00%(upstream:track)%00%(upstream:remotename)%00%(upstream:remoteref) refs/heads/main refs/remotes/main [1ms]
2023-07-29 19:57:39.847 [info] > git status -z -uall [1ms]
2023-07-29 19:57:49.461 [info] > git config --get commit.template [6ms]
2023-07-29 19:57:49.461 [info] > git for-each-ref --format=%(refname)%00%(upstream:short)%00%(objectname)%00%(upstream:track)%00%(upstream:remotename)%00%(upstream:remoteref) refs/heads/main refs/remotes/main [1ms]
2023-07-29 19:57:49.470 [info] > git status -z -uall [1ms]
2023-07-29 19:57:59.167 [info] > git config --get commit.template [5ms]
2023-07-29 19:57:59.168 [info] > git for-each-ref --format=%(refname)%00%(upstream:short)%00%(objectname)%00%(upstream:track)%00%(upstream:remotename)%00%(upstream:remoteref) refs/heads/main refs/remotes/main [1ms]
2023-07-29 19:57:59.178 [info] > git status -z -uall [3ms]
2023-07-29 19:58:33.027 [info] > git config --get commit.template [11ms]
2023-07-29 19:58:33.028 [info] > git for-each-ref --format=%(refname)%00%(upstream:short)%00%(objectname)%00%(upstream:track)%00%(upstream:remotename)%00%(upstream:remoteref) refs/heads/main refs/remotes/main [2ms]
2023-07-29 19:58:33.039 [info] > git status -z -uall [3ms]
2023-07-29 19:58:55.458 [info] > git config --get commit.template [8ms]
2023-07-29 19:58:55.459 [info] > git for-each-ref --format=%(refname)%00%(upstream:short)%00%(objectname)%00%(upstream:track)%00%(upstream:remotename)%00%(upstream:remoteref) refs/heads/main refs/remotes/main [1ms]
2023-07-29 19:58:55.470 [info] > git status -z -uall [2ms]
2023-07-29 19:59:35.711 [info] > git config --get commit.template [9ms]
2023-07-29 19:59:35.712 [info] > git for-each-ref --format=%(refname)%00%(upstream:short)%00%(objectname)%00%(upstream:track)%00%(upstream:remotename)%00%(upstream:remoteref) refs/heads/main refs/remotes/main [1ms]
2023-07-29 19:59:35.723 [info] > git status -z -uall [3ms]
2023-07-29 20:00:11.337 [info] > git config --get commit.template [7ms]
2023-07-29 20:00:11.338 [info] > git for-each-ref --format=%(refname)%00%(upstream:short)%00%(objectname)%00%(upstream:track)%00%(upstream:remotename)%00%(upstream:remoteref) refs/heads/main refs/remotes/main [1ms]
2023-07-29 20:00:11.348 [info] > git status -z -uall [2ms]
2023-07-29 20:00:35.192 [info] > git config --get commit.template [9ms]
2023-07-29 20:00:35.193 [info] > git for-each-ref --format=%(refname)%00%(upstream:short)%00%(objectname)%00%(upstream:track)%00%(upstream:remotename)%00%(upstream:remoteref) refs/heads/main refs/remotes/main [1ms]
2023-07-29 20:00:35.204 [info] > git status -z -uall [3ms]
2023-07-29 20:00:50.799 [info] > git config --get commit.template [10ms]
2023-07-29 20:00:50.800 [info] > git for-each-ref --format=%(refname)%00%(upstream:short)%00%(objectname)%00%(upstream:track)%00%(upstream:remotename)%00%(upstream:remoteref) refs/heads/main refs/remotes/main [1ms]
2023-07-29 20:00:50.812 [info] > git status -z -uall [3ms]
2023-07-29 20:01:13.527 [info] > git config --get commit.template [9ms]
2023-07-29 20:01:13.528 [info] > git for-each-ref --format=%(refname)%00%(upstream:short)%00%(objectname)%00%(upstream:track)%00%(upstream:remotename)%00%(upstream:remoteref) refs/heads/main refs/remotes/main [2ms]
2023-07-29 20:01:13.539 [info] > git status -z -uall [4ms]
2023-07-29 20:01:53.146 [info] > git config --get commit.template [12ms]
2023-07-29 20:01:53.146 [info] > git for-each-ref --format=%(refname)%00%(upstream:short)%00%(objectname)%00%(upstream:track)%00%(upstream:remotename)%00%(upstream:remoteref) refs/heads/main refs/remotes/main [1ms]
2023-07-29 20:01:53.159 [info] > git status -z -uall [3ms]
2023-07-29 20:01:58.400 [info] > git config --get commit.template [6ms]
2023-07-29 20:01:58.401 [info] > git for-each-ref --format=%(refname)%00%(upstream:short)%00%(objectname)%00%(upstream:track)%00%(upstream:remotename)%00%(upstream:remoteref) refs/heads/main refs/remotes/main [2ms]
2023-07-29 20:01:58.407 [info] > git status -z -uall [2ms]
2023-07-29 20:03:12.408 [info] > git config --get commit.template [9ms]
2023-07-29 20:03:12.408 [info] > git for-each-ref --format=%(refname)%00%(upstream:short)%00%(objectname)%00%(upstream:track)%00%(upstream:remotename)%00%(upstream:remoteref) refs/heads/main refs/remotes/main [1ms]
2023-07-29 20:03:12.418 [info] > git status -z -uall [3ms]
2023-07-29 20:03:46.938 [info] > git config --get commit.template [10ms]
2023-07-29 20:03:46.939 [info] > git for-each-ref --format=%(refname)%00%(upstream:short)%00%(objectname)%00%(upstream:track)%00%(upstream:remotename)%00%(upstream:remoteref) refs/heads/main refs/remotes/main [2ms]
2023-07-29 20:03:46.950 [info] > git status -z -uall [3ms]
2023-07-29 20:04:08.415 [info] > git show --textconv :ecommerce/store/templates/styles.css [5ms]
2023-07-29 20:04:08.416 [info] > git ls-files --stage -- /home/pyturtle_/Documents/ESHOPPING/ecommerce/store/templates/styles.css [1ms]
2023-07-29 20:04:08.421 [info] > git cat-file -s 49816c0c3f4acb211bcf1e3333b9d942a2dec8e6 [1ms]
2023-07-29 20:04:38.285 [info] > git config --get commit.template [8ms]
2023-07-29 20:04:38.285 [info] > git for-each-ref --format=%(refname)%00%(upstream:short)%00%(objectname)%00%(upstream:track)%00%(upstream:remotename)%00%(upstream:remoteref) refs/heads/main refs/remotes/main [1ms]
2023-07-29 20:04:38.297 [info] > git status -z -uall [3ms]
2023-07-29 20:05:04.252 [info] > git check-ignore -v -z --stdin [1ms]
2023-07-29 20:05:07.889 [info] > git show --textconv :ecommerce/store/templates/{% static 'css/product.css'%} [5ms]
2023-07-29 20:05:07.890 [info] > git ls-files --stage -- /home/pyturtle_/Documents/ESHOPPING/ecommerce/store/templates/{% static 'css/product.css'%} [2ms]
2023-07-29 20:05:08.713 [info] > git config --get commit.template [5ms]
2023-07-29 20:05:08.713 [info] > git for-each-ref --format=%(refname)%00%(upstream:short)%00%(objectname)%00%(upstream:track)%00%(upstream:remotename)%00%(upstream:remoteref) refs/heads/main refs/remotes/main [1ms]
2023-07-29 20:05:08.720 [info] > git status -z -uall [2ms]
2023-07-29 20:05:36.076 [info] > git config --get commit.template [4ms]
2023-07-29 20:05:36.077 [info] > git for-each-ref --format=%(refname)%00%(upstream:short)%00%(objectname)%00%(upstream:track)%00%(upstream:remotename)%00%(upstream:remoteref) refs/heads/main refs/remotes/main [1ms]
2023-07-29 20:05:36.085 [info] > git status -z -uall [2ms]
2023-07-29 20:08:45.226 [info] > git config --get commit.template [12ms]
2023-07-29 20:08:45.226 [info] > git for-each-ref --format=%(refname)%00%(upstream:short)%00%(objectname)%00%(upstream:track)%00%(upstream:remotename)%00%(upstream:remoteref) refs/heads/main refs/remotes/main [1ms]
2023-07-29 20:08:45.241 [info] > git status -z -uall [3ms]
2023-07-29 20:08:58.622 [info] > git config --get commit.template [9ms]
2023-07-29 20:08:58.623 [info] > git for-each-ref --format=%(refname)%00%(upstream:short)%00%(objectname)%00%(upstream:track)%00%(upstream:remotename)%00%(upstream:remoteref) refs/heads/main refs/remotes/main [2ms]
2023-07-29 20:08:58.634 [info] > git status -z -uall [3ms]
2023-07-29 20:10:21.096 [info] > git config --get commit.template [6ms]
2023-07-29 20:10:21.096 [info] > git for-each-ref --format=%(refname)%00%(upstream:short)%00%(objectname)%00%(upstream:track)%00%(upstream:remotename)%00%(upstream:remoteref) refs/heads/main refs/remotes/main [1ms]
2023-07-29 20:10:21.105 [info] > git status -z -uall [3ms]
2023-07-29 20:10:49.299 [info] > git config --get commit.template [5ms]
2023-07-29 20:10:49.299 [info] > git for-each-ref --format=%(refname)%00%(upstream:short)%00%(objectname)%00%(upstream:track)%00%(upstream:remotename)%00%(upstream:remoteref) refs/heads/main refs/remotes/main [1ms]
2023-07-29 20:10:49.305 [info] > git status -z -uall [2ms]
2023-07-29 20:11:47.024 [info] > git show --textconv :ecommerce/store/templates/store.html [5ms]
2023-07-29 20:11:47.025 [info] > git ls-files --stage -- /home/pyturtle_/Documents/ESHOPPING/ecommerce/store/templates/store.html [1ms]
2023-07-29 20:11:47.032 [info] > git cat-file -s d6ef2450b7f0bbbbfeae9d875200c8e68dd68d83 [1ms]
2023-07-29 20:12:06.197 [info] > git config --get commit.template [6ms]
2023-07-29 20:12:06.197 [info] > git for-each-ref --format=%(refname)%00%(upstream:short)%00%(objectname)%00%(upstream:track)%00%(upstream:remotename)%00%(upstream:remoteref) refs/heads/main refs/remotes/main [1ms]
2023-07-29 20:12:06.203 [info] > git status -z -uall [2ms]
2023-07-29 20:12:18.090 [info] > git config --get commit.template [6ms]
2023-07-29 20:12:18.090 [info] > git for-each-ref --format=%(refname)%00%(upstream:short)%00%(objectname)%00%(upstream:track)%00%(upstream:remotename)%00%(upstream:remoteref) refs/heads/main refs/remotes/main [2ms]
2023-07-29 20:12:18.096 [info] > git status -z -uall [2ms]
2023-07-29 20:12:28.611 [info] > git config --get commit.template [6ms]
2023-07-29 20:12:28.612 [info] > git for-each-ref --format=%(refname)%00%(upstream:short)%00%(objectname)%00%(upstream:track)%00%(upstream:remotename)%00%(upstream:remoteref) refs/heads/main refs/remotes/main [0ms]
2023-07-29 20:12:28.620 [info] > git status -z -uall [2ms]
2023-07-29 20:13:18.333 [info] > git config --get commit.template [5ms]
2023-07-29 20:13:18.334 [info] > git for-each-ref --format=%(refname)%00%(upstream:short)%00%(objectname)%00%(upstream:track)%00%(upstream:remotename)%00%(upstream:remoteref) refs/heads/main refs/remotes/main [1ms]
2023-07-29 20:13:18.339 [info] > git status -z -uall [2ms]
2023-07-29 20:13:18.480 [info] > git ls-files --stage -- /home/pyturtle_/Documents/ESHOPPING/ecommerce/store/templates/store.html [3ms]
2023-07-29 20:13:18.485 [info] > git ls-files --stage -- /home/pyturtle_/Documents/ESHOPPING/ecommerce/store/templates/styles.css [11ms]
2023-07-29 20:13:18.489 [info] > git ls-files --stage -- /home/pyturtle_/Documents/ESHOPPING/ecommerce/store/static/css/style.scss [20ms]
2023-07-29 20:13:18.494 [info] > git ls-files --stage -- /home/pyturtle_/Documents/ESHOPPING/ecommerce/store/static/css/product.css [30ms]
2023-07-29 20:13:18.499 [info] > git ls-files --stage -- /home/pyturtle_/Documents/ESHOPPING/ecommerce/store/admin.py [39ms]
2023-07-29 20:13:18.506 [info] > git ls-files --stage -- /home/pyturtle_/Documents/ESHOPPING/ecommerce/store/templates/product/detail.html [52ms]
2023-07-29 20:13:18.511 [info] > git ls-files --stage -- /home/pyturtle_/Documents/ESHOPPING/ecommerce/store/urls.py [62ms]
2023-07-29 20:13:18.516 [info] > git ls-files --stage -- /home/pyturtle_/Documents/ESHOPPING/ecommerce/ecommerce/settings.py [72ms]
2023-07-29 20:13:18.521 [info] > git ls-files --stage -- /home/pyturtle_/Documents/ESHOPPING/ecommerce/store/templates/base.html [80ms]
2023-07-29 20:13:18.524 [info] > git ls-files --stage -- /home/pyturtle_/Documents/ESHOPPING/ecommerce/store/templates/product/list.html [89ms]
2023-07-29 20:13:18.528 [info] > git ls-files --stage -- /home/pyturtle_/Documents/ESHOPPING/ecommerce/store/templates/product_list.html [98ms]
2023-07-29 20:13:18.533 [info] > git cat-file -s a9777181e6b5faec8739f2902e624415f930b5be [5ms]
2023-07-29 20:13:18.534 [info] > git cat-file -s 806f2b1854fa51ba331489e39f1ea6d7bc43c314 [10ms]
2023-07-29 20:13:18.534 [info] > git cat-file -s 838ac2ddb6458df03f7d860e6d4e917955438e3d [14ms]
2023-07-29 20:13:18.534 [info] > git cat-file -s d5e27e3bf00b4847bd908a2ef085f3af3d488f56 [18ms]
2023-07-29 20:13:18.534 [info] > git cat-file -s 19b681c536158fdc18e38eb56edc9a418b94cd46 [23ms]
2023-07-29 20:13:18.535 [info] > git cat-file -s 6b41ec2b1a32687f46f7438882a39fa31a3ae233 [29ms]
2023-07-29 20:13:18.535 [info] > git cat-file -s 7fd614c023a2e6fc7ce8f21fbeb36cc1cbfe87da [37ms]
2023-07-29 20:13:18.535 [info] > git cat-file -s e69de29bb2d1d6434b8b29ae775ad8c2e48c5391 [41ms]
2023-07-29 20:13:18.535 [info] > git cat-file -s 49816c0c3f4acb211bcf1e3333b9d942a2dec8e6 [46ms]
2023-07-29 20:13:18.535 [info] > git cat-file -s d6ef2450b7f0bbbbfeae9d875200c8e68dd68d83 [51ms]
2023-07-29 20:13:18.535 [info] > git cat-file -s fbbe482e336278ab626a07748098b0d94bedaa58 [3ms]
2023-07-29 20:13:18.579 [info] > git show --textconv :ecommerce/store/templates/product/list.html [36ms]
2023-07-29 20:13:18.579 [info] > git show --textconv :ecommerce/store/templates/base.html [32ms]
2023-07-29 20:13:18.579 [info] > git show --textconv :ecommerce/ecommerce/settings.py [28ms]
2023-07-29 20:13:18.580 [info] > git show --textconv :ecommerce/store/urls.py [26ms]
2023-07-29 20:13:18.580 [info] > git show --textconv :ecommerce/store/templates/product/detail.html [22ms]
2023-07-29 20:13:18.580 [info] > git show --textconv :ecommerce/store/admin.py [19ms]
2023-07-29 20:13:18.580 [info] > git show --textconv :ecommerce/store/static/css/product.css [16ms]
2023-07-29 20:13:18.580 [info] > git show --textconv :ecommerce/store/static/css/style.scss [13ms]
2023-07-29 20:13:18.580 [info] > git show --textconv :ecommerce/store/templates/styles.css [8ms]
2023-07-29 20:13:18.580 [info] > git show --textconv :ecommerce/store/templates/store.html [2ms]
2023-07-29 20:13:18.588 [info] > git show --textconv :ecommerce/store/templates/product_list.html [2ms]
2023-07-29 20:13:30.374 [info] > git config --get commit.template [6ms]
2023-07-29 20:13:30.374 [info] > git for-each-ref --format=%(refname)%00%(upstream:short)%00%(objectname)%00%(upstream:track)%00%(upstream:remotename)%00%(upstream:remoteref) refs/heads/main refs/remotes/main [1ms]
2023-07-29 20:13:30.380 [info] > git status -z -uall [2ms]
2023-07-29 20:13:30.516 [info] > git ls-files --stage -- /home/pyturtle_/Documents/ESHOPPING/ecommerce/store/templates/styles.css [5ms]
2023-07-29 20:13:30.520 [info] > git ls-files --stage -- /home/pyturtle_/Documents/ESHOPPING/ecommerce/store/static/css/style.scss [14ms]
2023-07-29 20:13:30.523 [info] > git ls-files --stage -- /home/pyturtle_/Documents/ESHOPPING/ecommerce/store/static/css/product.css [21ms]
2023-07-29 20:13:30.527 [info] > git ls-files --stage -- /home/pyturtle_/Documents/ESHOPPING/ecommerce/store/admin.py [28ms]
2023-07-29 20:13:30.531 [info] > git ls-files --stage -- /home/pyturtle_/Documents/ESHOPPING/ecommerce/store/templates/product/detail.html [35ms]
2023-07-29 20:13:30.534 [info] > git ls-files --stage -- /home/pyturtle_/Documents/ESHOPPING/ecommerce/store/urls.py [42ms]
2023-07-29 20:13:30.538 [info] > git ls-files --stage -- /home/pyturtle_/Documents/ESHOPPING/ecommerce/ecommerce/settings.py [51ms]
2023-07-29 20:13:30.542 [info] > git ls-files --stage -- /home/pyturtle_/Documents/ESHOPPING/ecommerce/store/templates/base.html [59ms]
2023-07-29 20:13:30.546 [info] > git ls-files --stage -- /home/pyturtle_/Documents/ESHOPPING/ecommerce/store/templates/product/list.html [68ms]
2023-07-29 20:13:30.550 [info] > git ls-files --stage -- /home/pyturtle_/Documents/ESHOPPING/ecommerce/store/templates/product_list.html [77ms]
2023-07-29 20:13:30.554 [info] > git cat-file -s a9777181e6b5faec8739f2902e624415f930b5be [5ms]
2023-07-29 20:13:30.555 [info] > git cat-file -s 806f2b1854fa51ba331489e39f1ea6d7bc43c314 [9ms]
2023-07-29 20:13:30.555 [info] > git cat-file -s 838ac2ddb6458df03f7d860e6d4e917955438e3d [13ms]
2023-07-29 20:13:30.555 [info] > git cat-file -s d5e27e3bf00b4847bd908a2ef085f3af3d488f56 [17ms]
2023-07-29 20:13:30.555 [info] > git cat-file -s 19b681c536158fdc18e38eb56edc9a418b94cd46 [21ms]
2023-07-29 20:13:30.555 [info] > git cat-file -s 6b41ec2b1a32687f46f7438882a39fa31a3ae233 [25ms]
2023-07-29 20:13:30.555 [info] > git cat-file -s 7fd614c023a2e6fc7ce8f21fbeb36cc1cbfe87da [28ms]
2023-07-29 20:13:30.555 [info] > git cat-file -s e69de29bb2d1d6434b8b29ae775ad8c2e48c5391 [32ms]
2023-07-29 20:13:30.555 [info] > git cat-file -s 49816c0c3f4acb211bcf1e3333b9d942a2dec8e6 [35ms]
2023-07-29 20:13:30.555 [info] > git ls-files --stage -- /home/pyturtle_/Documents/ESHOPPING/ecommerce/store/templates/store.html [40ms]
2023-07-29 20:13:30.561 [info] > git cat-file -s fbbe482e336278ab626a07748098b0d94bedaa58 [8ms]
2023-07-29 20:13:30.561 [info] > git cat-file -s d6ef2450b7f0bbbbfeae9d875200c8e68dd68d83 [1ms]
2023-07-29 20:13:30.623 [info] > git show --textconv :ecommerce/store/templates/product/list.html [49ms]
2023-07-29 20:13:30.623 [info] > git show --textconv :ecommerce/store/templates/base.html [42ms]
2023-07-29 20:13:30.623 [info] > git show --textconv :ecommerce/ecommerce/settings.py [37ms]
2023-07-29 20:13:30.623 [info] > git show --textconv :ecommerce/store/urls.py [32ms]
2023-07-29 20:13:30.623 [info] > git show --textconv :ecommerce/store/templates/product/detail.html [27ms]
2023-07-29 20:13:30.623 [info] > git show --textconv :ecommerce/store/admin.py [23ms]
2023-07-29 20:13:30.623 [info] > git show --textconv :ecommerce/store/static/css/product.css [18ms]
2023-07-29 20:13:30.623 [info] > git show --textconv :ecommerce/store/static/css/style.scss [14ms]
2023-07-29 20:13:30.623 [info] > git show --textconv :ecommerce/store/templates/styles.css [10ms]
2023-07-29 20:13:30.623 [info] > git show --textconv :ecommerce/store/templates/product_list.html [5ms]
2023-07-29 20:13:30.623 [info] > git show --textconv :ecommerce/store/templates/store.html [2ms]
2023-07-29 20:13:55.309 [info] > git config --get commit.template [5ms]
2023-07-29 20:13:55.310 [info] > git for-each-ref --format=%(refname)%00%(upstream:short)%00%(objectname)%00%(upstream:track)%00%(upstream:remotename)%00%(upstream:remoteref) refs/heads/main refs/remotes/main [1ms]
2023-07-29 20:13:55.317 [info] > git status -z -uall [1ms]
2023-07-29 20:13:55.457 [info] > git ls-files --stage -- /home/pyturtle_/Documents/ESHOPPING/ecommerce/store/templates/styles.css [5ms]
2023-07-29 20:13:55.462 [info] > git ls-files --stage -- /home/pyturtle_/Documents/ESHOPPING/ecommerce/store/static/css/style.scss [13ms]
2023-07-29 20:13:55.465 [info] > git ls-files --stage -- /home/pyturtle_/Documents/ESHOPPING/ecommerce/store/static/css/product.css [20ms]
2023-07-29 20:13:55.469 [info] > git ls-files --stage -- /home/pyturtle_/Documents/ESHOPPING/ecommerce/store/admin.py [28ms]
2023-07-29 20:13:55.473 [info] > git ls-files --stage -- /home/pyturtle_/Documents/ESHOPPING/ecommerce/store/templates/product/detail.html [38ms]
2023-07-29 20:13:55.477 [info] > git ls-files --stage -- /home/pyturtle_/Documents/ESHOPPING/ecommerce/store/urls.py [46ms]
2023-07-29 20:13:55.480 [info] > git ls-files --stage -- /home/pyturtle_/Documents/ESHOPPING/ecommerce/ecommerce/settings.py [54ms]
2023-07-29 20:13:55.485 [info] > git ls-files --stage -- /home/pyturtle_/Documents/ESHOPPING/ecommerce/store/templates/base.html [64ms]
2023-07-29 20:13:55.489 [info] > git ls-files --stage -- /home/pyturtle_/Documents/ESHOPPING/ecommerce/store/templates/product/list.html [72ms]
2023-07-29 20:13:55.493 [info] > git ls-files --stage -- /home/pyturtle_/Documents/ESHOPPING/ecommerce/store/templates/product_list.html [83ms]
2023-07-29 20:13:55.497 [info] > git cat-file -s a9777181e6b5faec8739f2902e624415f930b5be [4ms]
2023-07-29 20:13:55.497 [info] > git cat-file -s 806f2b1854fa51ba331489e39f1ea6d7bc43c314 [9ms]
2023-07-29 20:13:55.498 [info] > git cat-file -s 838ac2ddb6458df03f7d860e6d4e917955438e3d [13ms]
2023-07-29 20:13:55.498 [info] > git cat-file -s d5e27e3bf00b4847bd908a2ef085f3af3d488f56 [18ms]
2023-07-29 20:13:55.498 [info] > git cat-file -s 19b681c536158fdc18e38eb56edc9a418b94cd46 [21ms]
2023-07-29 20:13:55.498 [info] > git cat-file -s 6b41ec2b1a32687f46f7438882a39fa31a3ae233 [25ms]
2023-07-29 20:13:55.498 [info] > git cat-file -s 7fd614c023a2e6fc7ce8f21fbeb36cc1cbfe87da [29ms]
2023-07-29 20:13:55.498 [info] > git cat-file -s e69de29bb2d1d6434b8b29ae775ad8c2e48c5391 [33ms]
2023-07-29 20:13:55.498 [info] > git cat-file -s 49816c0c3f4acb211bcf1e3333b9d942a2dec8e6 [37ms]
2023-07-29 20:13:55.498 [info] > git ls-files --stage -- /home/pyturtle_/Documents/ESHOPPING/ecommerce/store/templates/store.html [42ms]
2023-07-29 20:13:55.502 [info] > git cat-file -s fbbe482e336278ab626a07748098b0d94bedaa58 [6ms]
2023-07-29 20:13:55.503 [info] > git cat-file -s d6ef2450b7f0bbbbfeae9d875200c8e68dd68d83 [1ms]
2023-07-29 20:13:55.546 [info] > git show --textconv :ecommerce/store/templates/product/list.html [39ms]
2023-07-29 20:13:55.546 [info] > git show --textconv :ecommerce/store/templates/base.html [34ms]
2023-07-29 20:13:55.546 [info] > git show --textconv :ecommerce/ecommerce/settings.py [31ms]
2023-07-29 20:13:55.546 [info] > git show --textconv :ecommerce/store/urls.py [27ms]
2023-07-29 20:13:55.546 [info] > git show --textconv :ecommerce/store/templates/product/detail.html [23ms]
2023-07-29 20:13:55.546 [info] > git show --textconv :ecommerce/store/admin.py [18ms]
2023-07-29 20:13:55.546 [info] > git show --textconv :ecommerce/store/static/css/product.css [15ms]
2023-07-29 20:13:55.546 [info] > git show --textconv :ecommerce/store/static/css/style.scss [11ms]
2023-07-29 20:13:55.546 [info] > git show --textconv :ecommerce/store/templates/styles.css [8ms]
2023-07-29 20:13:55.546 [info] > git show --textconv :ecommerce/store/templates/product_list.html [5ms]
2023-07-29 20:13:55.546 [info] > git show --textconv :ecommerce/store/templates/store.html [1ms]
